<?xml version="1.0" encoding="UTF-8"?>
<testsuite name="com.book.springboot.web.PostsApiControllerTest" tests="2" skipped="0" failures="0" errors="0" timestamp="2022-01-09T11:35:06" hostname="baggioui-MacBook-Pro.local" time="0.215">
  <properties/>
  <testcase name="Posts_등록된다()" classname="com.book.springboot.web.PostsApiControllerTest" time="0.155"/>
  <testcase name="Posts_수정된다()" classname="com.book.springboot.web.PostsApiControllerTest" time="0.055"/>
  <system-out><![CDATA[2022-01-09 20:35:06.780  INFO 14523 --- [    Test worker] .b.t.c.SpringBootTestContextBootstrapper : Neither @ContextConfiguration nor @ContextHierarchy found for test class [com.book.springboot.web.PostsApiControllerTest], using SpringBootContextLoader
2022-01-09 20:35:06.782  INFO 14523 --- [    Test worker] o.s.t.c.support.AbstractContextLoader    : Could not detect default resource locations for test class [com.book.springboot.web.PostsApiControllerTest]: no resource found for suffixes {-context.xml, Context.groovy}.
2022-01-09 20:35:06.783  INFO 14523 --- [    Test worker] t.c.s.AnnotationConfigContextLoaderUtils : Could not detect default configuration classes for test class [com.book.springboot.web.PostsApiControllerTest]: PostsApiControllerTest does not declare any static, non-private, non-final, nested classes annotated with @Configuration.
2022-01-09 20:35:06.786  INFO 14523 --- [    Test worker] .b.t.c.SpringBootTestContextBootstrapper : Found @SpringBootConfiguration com.book.springboot.Application for test class com.book.springboot.web.PostsApiControllerTest
2022-01-09 20:35:06.788  INFO 14523 --- [    Test worker] .b.t.c.SpringBootTestContextBootstrapper : Loaded default TestExecutionListener class names from location [META-INF/spring.factories]: [org.springframework.security.test.context.support.WithSecurityContextTestExecutionListener, org.springframework.security.test.context.support.ReactorContextTestExecutionListener, org.springframework.boot.test.autoconfigure.restdocs.RestDocsTestExecutionListener, org.springframework.boot.test.autoconfigure.web.client.MockRestServiceServerResetTestExecutionListener, org.springframework.boot.test.autoconfigure.web.servlet.MockMvcPrintOnlyOnFailureTestExecutionListener, org.springframework.boot.test.autoconfigure.web.servlet.WebDriverTestExecutionListener, org.springframework.boot.test.mock.mockito.MockitoTestExecutionListener, org.springframework.boot.test.mock.mockito.ResetMocksTestExecutionListener, org.springframework.test.context.web.ServletTestExecutionListener, org.springframework.test.context.support.DirtiesContextBeforeModesTestExecutionListener, org.springframework.test.context.support.DependencyInjectionTestExecutionListener, org.springframework.test.context.support.DirtiesContextTestExecutionListener, org.springframework.test.context.transaction.TransactionalTestExecutionListener, org.springframework.test.context.jdbc.SqlScriptsTestExecutionListener, org.springframework.test.context.event.EventPublishingTestExecutionListener]
2022-01-09 20:35:06.789  INFO 14523 --- [    Test worker] .b.t.c.SpringBootTestContextBootstrapper : Using TestExecutionListeners: [org.springframework.test.context.web.ServletTestExecutionListener@320f6480, org.springframework.test.context.support.DirtiesContextBeforeModesTestExecutionListener@73e1a2fa, org.springframework.boot.test.mock.mockito.MockitoTestExecutionListener@336467a6, org.springframework.boot.test.autoconfigure.SpringBootDependencyInjectionTestExecutionListener@23d0c14e, org.springframework.test.context.support.DirtiesContextTestExecutionListener@6ab28ad0, org.springframework.test.context.transaction.TransactionalTestExecutionListener@143a030e, org.springframework.test.context.jdbc.SqlScriptsTestExecutionListener@4f30f78, org.springframework.security.test.context.support.WithSecurityContextTestExecutionListener@218c7419, org.springframework.test.context.event.EventPublishingTestExecutionListener@5f969ef2, org.springframework.security.test.context.support.ReactorContextTestExecutionListener@1b70d47d, org.springframework.boot.test.autoconfigure.restdocs.RestDocsTestExecutionListener@7e490a4, org.springframework.boot.test.autoconfigure.web.client.MockRestServiceServerResetTestExecutionListener@458a00fd, org.springframework.boot.test.autoconfigure.web.servlet.MockMvcPrintOnlyOnFailureTestExecutionListener@2e8067b0, org.springframework.boot.test.autoconfigure.web.servlet.WebDriverTestExecutionListener@33ce8d21, org.springframework.boot.test.mock.mockito.ResetMocksTestExecutionListener@108c4a4c]
2022-01-09 20:35:06.797  INFO 14523 --- [    Test worker] o.s.t.c.transaction.TransactionContext   : Began transaction (1) for test context [DefaultTestContext@3912291f testClass = PostsApiControllerTest, testInstance = com.book.springboot.web.PostsApiControllerTest@32a0981f, testMethod = Posts_등록된다@PostsApiControllerTest, testException = [null], mergedContextConfiguration = [WebMergedContextConfiguration@7f09724a testClass = PostsApiControllerTest, locations = '{}', classes = '{class com.book.springboot.Application}', contextInitializerClasses = '[]', activeProfiles = '{}', propertySourceLocations = '{}', propertySourceProperties = '{org.springframework.boot.test.context.SpringBootTestContextBootstrapper=true}', contextCustomizers = set[org.springframework.boot.test.autoconfigure.properties.PropertyMappingContextCustomizer@4b3fa0b3, org.springframework.boot.test.autoconfigure.web.servlet.WebDriverContextCustomizerFactory$Customizer@259762bc, [ImportsContextCustomizer@27d55819 key = [org.springframework.boot.test.autoconfigure.web.servlet.MockMvcAutoConfiguration, org.springframework.boot.test.autoconfigure.web.servlet.MockMvcWebClientAutoConfiguration, org.springframework.boot.test.autoconfigure.web.servlet.MockMvcWebDriverAutoConfiguration, org.springframework.boot.autoconfigure.security.servlet.SecurityAutoConfiguration, org.springframework.boot.autoconfigure.security.servlet.UserDetailsServiceAutoConfiguration, org.springframework.boot.test.autoconfigure.web.servlet.MockMvcSecurityConfiguration]], org.springframework.boot.test.context.filter.ExcludeFilterContextCustomizer@5b62bf8e, org.springframework.boot.test.json.DuplicateJsonObjectContextCustomizerFactory$DuplicateJsonObjectContextCustomizer@498f3382, org.springframework.boot.test.mock.mockito.MockitoContextCustomizer@0, org.springframework.boot.test.web.client.TestRestTemplateContextCustomizer@72c0eebc], resourceBasePath = 'src/main/webapp', contextLoader = 'org.springframework.boot.test.context.SpringBootContextLoader', parent = [null]], attributes = map['org.springframework.test.context.web.ServletTestExecutionListener.activateListener' -> true, 'org.springframework.test.context.web.ServletTestExecutionListener.populatedRequestContextHolder' -> true, 'org.springframework.test.context.web.ServletTestExecutionListener.resetRequestContextHolder' -> true]]; transaction manager [org.springframework.orm.jpa.JpaTransactionManager@1e75b8a7]; rollback [false]
Hibernate: insert into posts (id, created_date, last_modified_date, author, content, title) values (null, ?, ?, ?, ?, ?)
2022-01-09 20:35:06.880  INFO 14523 --- [    Test worker] p6spy                                    : #1641728106880 | took 0ms | statement | connection 28| url jdbc:h2:mem:testdb
insert into posts (id, created_date, last_modified_date, author, content, title) values (null, ?, ?, ?, ?, ?)
insert into posts (id, created_date, last_modified_date, author, content, title) values (null, '2022-01-09T20:35:06.876+0900', '2022-01-09T20:35:06.876+0900', 'author', 'content', 'title');
2022-01-09 20:35:06.893  INFO 14523 --- [    Test worker] p6spy                                    : #1641728106893 | took 0ms | statement | connection 29| url jdbc:h2:mem:testdb
INSERT INTO SPRING_SESSION(PRIMARY_ID, SESSION_ID, CREATION_TIME, LAST_ACCESS_TIME, MAX_INACTIVE_INTERVAL, EXPIRY_TIME, PRINCIPAL_NAME) VALUES (?, ?, ?, ?, ?, ?, ?)
INSERT INTO SPRING_SESSION(PRIMARY_ID, SESSION_ID, CREATION_TIME, LAST_ACCESS_TIME, MAX_INACTIVE_INTERVAL, EXPIRY_TIME, PRINCIPAL_NAME) VALUES ('3fd10fff-b5c6-4595-b041-802f988b3fc0', '9c4fc4ed-38b1-4b0c-8e16-21c57fdfba0e', 1641728106809, 1641728106809, 1800, 1641729906809, 'user');
2022-01-09 20:35:06.920  INFO 14523 --- [    Test worker] p6spy                                    : #1641728106919 | took 0ms | statement | connection 29| url jdbc:h2:mem:testdb
INSERT INTO SPRING_SESSION_ATTRIBUTES(SESSION_PRIMARY_ID, ATTRIBUTE_NAME, ATTRIBUTE_BYTES) SELECT PRIMARY_ID, ?, ? FROM SPRING_SESSION WHERE SESSION_ID = ?
INSERT INTO SPRING_SESSION_ATTRIBUTES(SESSION_PRIMARY_ID, ATTRIBUTE_NAME, ATTRIBUTE_BYTES) SELECT PRIMARY_ID, 'SPRING_SECURITY_CONTEXT', 'ACED00057372003D6F72672E737072696E676672616D65776F726B2E73656375726974792E636F72652E636F6E746578742E5365637572697479436F6E74657874496D706C00000000000002080200014C000E61757468656E7469636174696F6E7400324C6F72672F737072696E676672616D65776F726B2F73656375726974792F636F72652F41757468656E7469636174696F6E3B78707372004F6F72672E737072696E676672616D65776F726B2E73656375726974792E61757468656E7469636174696F6E2E557365726E616D6550617373776F726441757468656E7469636174696F6E546F6B656E00000000000002080200024C000B63726564656E7469616C737400124C6A6176612F6C616E672F4F626A6563743B4C00097072696E636970616C71007E0004787200476F72672E737072696E676672616D65776F726B2E73656375726974792E61757468656E7469636174696F6E2E416273747261637441757468656E7469636174696F6E546F6B656ED3AA287E6E47640E0200035A000D61757468656E746963617465644C000B617574686F7269746965737400164C6A6176612F7574696C2F436F6C6C656374696F6E3B4C000764657461696C7371007E0004787001737200266A6176612E7574696C2E436F6C6C656374696F6E7324556E6D6F6469666961626C654C697374FC0F2531B5EC8E100200014C00046C6973747400104C6A6176612F7574696C2F4C6973743B7872002C6A6176612E7574696C2E436F6C6C656374696F6E7324556E6D6F6469666961626C65436F6C6C656374696F6E19420080CB5EF71E0200014C00016371007E00067870737200136A6176612E7574696C2E41727261794C6973747881D21D99C7619D03000149000473697A65787000000001770400000001737200426F72672E737072696E676672616D65776F726B2E73656375726974792E636F72652E617574686F726974792E53696D706C654772616E746564417574686F7269747900000000000002080200014C0004726F6C657400124C6A6176612F6C616E672F537472696E673B7870740009524F4C455F555345527871007E000D7074000870617373776F7264737200326F72672E737072696E676672616D65776F726B2E73656375726974792E636F72652E7573657264657461696C732E5573657200000000000002080200075A00116163636F756E744E6F6E457870697265645A00106163636F756E744E6F6E4C6F636B65645A001563726564656E7469616C734E6F6E457870697265645A0007656E61626C65644C000B617574686F72697469657374000F4C6A6176612F7574696C2F5365743B4C000870617373776F726471007E000F4C0008757365726E616D6571007E000F787001010101737200256A6176612E7574696C2E436F6C6C656374696F6E7324556E6D6F6469666961626C65536574801D92D18F9B80550200007871007E000A737200116A6176612E7574696C2E54726565536574DD98509395ED875B0300007870737200466F72672E737072696E676672616D65776F726B2E73656375726974792E636F72652E7573657264657461696C732E5573657224417574686F72697479436F6D70617261746F720000000000000208020000787077040000000171007E00107871007E001274000475736572' FROM SPRING_SESSION WHERE SESSION_ID = '9c4fc4ed-38b1-4b0c-8e16-21c57fdfba0e';
2022-01-09 20:35:06.921  INFO 14523 --- [    Test worker] p6spy                                    : #1641728106921 | took 0ms | commit | connection 29| url jdbc:h2:mem:testdb

;
2022-01-09 20:35:06.925  INFO 14523 --- [    Test worker] p6spy                                    : #1641728106925 | took 0ms | commit | connection 30| url jdbc:h2:mem:testdb

;

MockHttpServletRequest:
      HTTP Method = POST
      Request URI = /api/v1/posts
       Parameters = {}
          Headers = [Content-Type:"application/json;charset=UTF-8"]
             Body = {"title":"title","content":"content","author":"author"}
    Session Attrs = {SPRING_SECURITY_CONTEXT=org.springframework.security.core.context.SecurityContextImpl@ca25360: Authentication: org.springframework.security.authentication.UsernamePasswordAuthenticationToken@ca25360: Principal: org.springframework.security.core.userdetails.User@36ebcb: Username: user; Password: [PROTECTED]; Enabled: true; AccountNonExpired: true; credentialsNonExpired: true; AccountNonLocked: true; Granted Authorities: ROLE_USER; Credentials: [PROTECTED]; Authenticated: true; Details: null; Granted Authorities: ROLE_USER}

Handler:
             Type = com.book.springboot.web.PostsApiController
           Method = com.book.springboot.web.PostsApiController#save(PostsSaveRequestDto)

Async:
    Async started = false
     Async result = null

Resolved Exception:
             Type = null

ModelAndView:
        View name = null
             View = null
            Model = null

FlashMap:
       Attributes = null

MockHttpServletResponse:
           Status = 200
    Error message = null
          Headers = [Content-Type:"application/json", X-Content-Type-Options:"nosniff", X-XSS-Protection:"1; mode=block", Cache-Control:"no-cache, no-store, max-age=0, must-revalidate", Pragma:"no-cache", Expires:"0", Set-Cookie:"SESSION=OWM0ZmM0ZWQtMzhiMS00YjBjLThlMTYtMjFjNTdmZGZiYTBl; Path=/; HttpOnly; SameSite=Lax"]
     Content type = application/json
             Body = 1
    Forwarded URL = null
   Redirected URL = null
          Cookies = [[MockCookie@283ba404 name = 'SESSION', value = 'OWM0ZmM0ZWQtMzhiMS00YjBjLThlMTYtMjFjNTdmZGZiYTBl', comment = [null], domain = [null], maxAge = -1, path = '/', secure = false, version = 0, httpOnly = true]]
Hibernate: select posts0_.id as id1_0_, posts0_.created_date as created_2_0_, posts0_.last_modified_date as last_mod3_0_, posts0_.author as author4_0_, posts0_.content as content5_0_, posts0_.title as title6_0_ from posts posts0_
2022-01-09 20:35:06.936  INFO 14523 --- [    Test worker] p6spy                                    : #1641728106936 | took 0ms | statement | connection 28| url jdbc:h2:mem:testdb
select posts0_.id as id1_0_, posts0_.created_date as created_2_0_, posts0_.last_modified_date as last_mod3_0_, posts0_.author as author4_0_, posts0_.content as content5_0_, posts0_.title as title6_0_ from posts posts0_
select posts0_.id as id1_0_, posts0_.created_date as created_2_0_, posts0_.last_modified_date as last_mod3_0_, posts0_.author as author4_0_, posts0_.content as content5_0_, posts0_.title as title6_0_ from posts posts0_;
Hibernate: select posts0_.id as id1_0_, posts0_.created_date as created_2_0_, posts0_.last_modified_date as last_mod3_0_, posts0_.author as author4_0_, posts0_.content as content5_0_, posts0_.title as title6_0_ from posts posts0_
2022-01-09 20:35:06.942  INFO 14523 --- [    Test worker] p6spy                                    : #1641728106942 | took 0ms | statement | connection 28| url jdbc:h2:mem:testdb
select posts0_.id as id1_0_, posts0_.created_date as created_2_0_, posts0_.last_modified_date as last_mod3_0_, posts0_.author as author4_0_, posts0_.content as content5_0_, posts0_.title as title6_0_ from posts posts0_
select posts0_.id as id1_0_, posts0_.created_date as created_2_0_, posts0_.last_modified_date as last_mod3_0_, posts0_.author as author4_0_, posts0_.content as content5_0_, posts0_.title as title6_0_ from posts posts0_;
Hibernate: delete from posts where id=?
2022-01-09 20:35:06.946  INFO 14523 --- [    Test worker] p6spy                                    : #1641728106946 | took 0ms | statement | connection 28| url jdbc:h2:mem:testdb
delete from posts where id=?
delete from posts where id=1;
2022-01-09 20:35:06.947  INFO 14523 --- [    Test worker] p6spy                                    : #1641728106947 | took 0ms | commit | connection 28| url jdbc:h2:mem:testdb

;
2022-01-09 20:35:06.948  INFO 14523 --- [    Test worker] o.s.t.c.transaction.TransactionContext   : Committed transaction for test: [DefaultTestContext@3912291f testClass = PostsApiControllerTest, testInstance = com.book.springboot.web.PostsApiControllerTest@32a0981f, testMethod = Posts_등록된다@PostsApiControllerTest, testException = [null], mergedContextConfiguration = [WebMergedContextConfiguration@7f09724a testClass = PostsApiControllerTest, locations = '{}', classes = '{class com.book.springboot.Application}', contextInitializerClasses = '[]', activeProfiles = '{}', propertySourceLocations = '{}', propertySourceProperties = '{org.springframework.boot.test.context.SpringBootTestContextBootstrapper=true}', contextCustomizers = set[org.springframework.boot.test.autoconfigure.properties.PropertyMappingContextCustomizer@4b3fa0b3, org.springframework.boot.test.autoconfigure.web.servlet.WebDriverContextCustomizerFactory$Customizer@259762bc, [ImportsContextCustomizer@27d55819 key = [org.springframework.boot.test.autoconfigure.web.servlet.MockMvcAutoConfiguration, org.springframework.boot.test.autoconfigure.web.servlet.MockMvcWebClientAutoConfiguration, org.springframework.boot.test.autoconfigure.web.servlet.MockMvcWebDriverAutoConfiguration, org.springframework.boot.autoconfigure.security.servlet.SecurityAutoConfiguration, org.springframework.boot.autoconfigure.security.servlet.UserDetailsServiceAutoConfiguration, org.springframework.boot.test.autoconfigure.web.servlet.MockMvcSecurityConfiguration]], org.springframework.boot.test.context.filter.ExcludeFilterContextCustomizer@5b62bf8e, org.springframework.boot.test.json.DuplicateJsonObjectContextCustomizerFactory$DuplicateJsonObjectContextCustomizer@498f3382, org.springframework.boot.test.mock.mockito.MockitoContextCustomizer@0, org.springframework.boot.test.web.client.TestRestTemplateContextCustomizer@72c0eebc], resourceBasePath = 'src/main/webapp', contextLoader = 'org.springframework.boot.test.context.SpringBootContextLoader', parent = [null]], attributes = map['org.springframework.test.context.web.ServletTestExecutionListener.activateListener' -> true, 'org.springframework.test.context.web.ServletTestExecutionListener.populatedRequestContextHolder' -> true, 'org.springframework.test.context.web.ServletTestExecutionListener.resetRequestContextHolder' -> true]]
2022-01-09 20:35:06.955  INFO 14523 --- [    Test worker] o.s.t.c.transaction.TransactionContext   : Began transaction (1) for test context [DefaultTestContext@3912291f testClass = PostsApiControllerTest, testInstance = com.book.springboot.web.PostsApiControllerTest@54dab123, testMethod = Posts_수정된다@PostsApiControllerTest, testException = [null], mergedContextConfiguration = [WebMergedContextConfiguration@7f09724a testClass = PostsApiControllerTest, locations = '{}', classes = '{class com.book.springboot.Application}', contextInitializerClasses = '[]', activeProfiles = '{}', propertySourceLocations = '{}', propertySourceProperties = '{org.springframework.boot.test.context.SpringBootTestContextBootstrapper=true}', contextCustomizers = set[org.springframework.boot.test.autoconfigure.properties.PropertyMappingContextCustomizer@4b3fa0b3, org.springframework.boot.test.autoconfigure.web.servlet.WebDriverContextCustomizerFactory$Customizer@259762bc, [ImportsContextCustomizer@27d55819 key = [org.springframework.boot.test.autoconfigure.web.servlet.MockMvcAutoConfiguration, org.springframework.boot.test.autoconfigure.web.servlet.MockMvcWebClientAutoConfiguration, org.springframework.boot.test.autoconfigure.web.servlet.MockMvcWebDriverAutoConfiguration, org.springframework.boot.autoconfigure.security.servlet.SecurityAutoConfiguration, org.springframework.boot.autoconfigure.security.servlet.UserDetailsServiceAutoConfiguration, org.springframework.boot.test.autoconfigure.web.servlet.MockMvcSecurityConfiguration]], org.springframework.boot.test.context.filter.ExcludeFilterContextCustomizer@5b62bf8e, org.springframework.boot.test.json.DuplicateJsonObjectContextCustomizerFactory$DuplicateJsonObjectContextCustomizer@498f3382, org.springframework.boot.test.mock.mockito.MockitoContextCustomizer@0, org.springframework.boot.test.web.client.TestRestTemplateContextCustomizer@72c0eebc], resourceBasePath = 'src/main/webapp', contextLoader = 'org.springframework.boot.test.context.SpringBootContextLoader', parent = [null]], attributes = map['org.springframework.test.context.web.ServletTestExecutionListener.activateListener' -> true, 'org.springframework.test.context.web.ServletTestExecutionListener.populatedRequestContextHolder' -> true, 'org.springframework.test.context.web.ServletTestExecutionListener.resetRequestContextHolder' -> true]]; transaction manager [org.springframework.orm.jpa.JpaTransactionManager@1e75b8a7]; rollback [false]
Hibernate: insert into posts (id, created_date, last_modified_date, author, content, title) values (null, ?, ?, ?, ?, ?)
2022-01-09 20:35:06.962  INFO 14523 --- [    Test worker] p6spy                                    : #1641728106962 | took 0ms | statement | connection 31| url jdbc:h2:mem:testdb
insert into posts (id, created_date, last_modified_date, author, content, title) values (null, ?, ?, ?, ?, ?)
insert into posts (id, created_date, last_modified_date, author, content, title) values (null, '2022-01-09T20:35:06.960+0900', '2022-01-09T20:35:06.960+0900', 'author', 'content', 'title');
2022-01-09 20:35:06.977  INFO 14523 --- [    Test worker] p6spy                                    : #1641728106977 | took 0ms | statement | connection 32| url jdbc:h2:mem:testdb
INSERT INTO SPRING_SESSION(PRIMARY_ID, SESSION_ID, CREATION_TIME, LAST_ACCESS_TIME, MAX_INACTIVE_INTERVAL, EXPIRY_TIME, PRINCIPAL_NAME) VALUES (?, ?, ?, ?, ?, ?, ?)
INSERT INTO SPRING_SESSION(PRIMARY_ID, SESSION_ID, CREATION_TIME, LAST_ACCESS_TIME, MAX_INACTIVE_INTERVAL, EXPIRY_TIME, PRINCIPAL_NAME) VALUES ('dc88eb2f-5bad-4c69-91a5-a74dc7f25d1e', 'e73326be-2034-4868-bcb4-a69e3f848044', 1641728106965, 1641728106966, 1800, 1641729906966, 'user');
2022-01-09 20:35:06.980  INFO 14523 --- [    Test worker] p6spy                                    : #1641728106980 | took 0ms | statement | connection 32| url jdbc:h2:mem:testdb
INSERT INTO SPRING_SESSION_ATTRIBUTES(SESSION_PRIMARY_ID, ATTRIBUTE_NAME, ATTRIBUTE_BYTES) SELECT PRIMARY_ID, ?, ? FROM SPRING_SESSION WHERE SESSION_ID = ?
INSERT INTO SPRING_SESSION_ATTRIBUTES(SESSION_PRIMARY_ID, ATTRIBUTE_NAME, ATTRIBUTE_BYTES) SELECT PRIMARY_ID, 'SPRING_SECURITY_CONTEXT', 'ACED00057372003D6F72672E737072696E676672616D65776F726B2E73656375726974792E636F72652E636F6E746578742E5365637572697479436F6E74657874496D706C00000000000002080200014C000E61757468656E7469636174696F6E7400324C6F72672F737072696E676672616D65776F726B2F73656375726974792F636F72652F41757468656E7469636174696F6E3B78707372004F6F72672E737072696E676672616D65776F726B2E73656375726974792E61757468656E7469636174696F6E2E557365726E616D6550617373776F726441757468656E7469636174696F6E546F6B656E00000000000002080200024C000B63726564656E7469616C737400124C6A6176612F6C616E672F4F626A6563743B4C00097072696E636970616C71007E0004787200476F72672E737072696E676672616D65776F726B2E73656375726974792E61757468656E7469636174696F6E2E416273747261637441757468656E7469636174696F6E546F6B656ED3AA287E6E47640E0200035A000D61757468656E746963617465644C000B617574686F7269746965737400164C6A6176612F7574696C2F436F6C6C656374696F6E3B4C000764657461696C7371007E0004787001737200266A6176612E7574696C2E436F6C6C656374696F6E7324556E6D6F6469666961626C654C697374FC0F2531B5EC8E100200014C00046C6973747400104C6A6176612F7574696C2F4C6973743B7872002C6A6176612E7574696C2E436F6C6C656374696F6E7324556E6D6F6469666961626C65436F6C6C656374696F6E19420080CB5EF71E0200014C00016371007E00067870737200136A6176612E7574696C2E41727261794C6973747881D21D99C7619D03000149000473697A65787000000001770400000001737200426F72672E737072696E676672616D65776F726B2E73656375726974792E636F72652E617574686F726974792E53696D706C654772616E746564417574686F7269747900000000000002080200014C0004726F6C657400124C6A6176612F6C616E672F537472696E673B7870740009524F4C455F555345527871007E000D7074000870617373776F7264737200326F72672E737072696E676672616D65776F726B2E73656375726974792E636F72652E7573657264657461696C732E5573657200000000000002080200075A00116163636F756E744E6F6E457870697265645A00106163636F756E744E6F6E4C6F636B65645A001563726564656E7469616C734E6F6E457870697265645A0007656E61626C65644C000B617574686F72697469657374000F4C6A6176612F7574696C2F5365743B4C000870617373776F726471007E000F4C0008757365726E616D6571007E000F787001010101737200256A6176612E7574696C2E436F6C6C656374696F6E7324556E6D6F6469666961626C65536574801D92D18F9B80550200007871007E000A737200116A6176612E7574696C2E54726565536574DD98509395ED875B0300007870737200466F72672E737072696E676672616D65776F726B2E73656375726974792E636F72652E7573657264657461696C732E5573657224417574686F72697479436F6D70617261746F720000000000000208020000787077040000000171007E00107871007E001274000475736572' FROM SPRING_SESSION WHERE SESSION_ID = 'e73326be-2034-4868-bcb4-a69e3f848044';
2022-01-09 20:35:06.983  INFO 14523 --- [    Test worker] p6spy                                    : #1641728106983 | took 2ms | commit | connection 32| url jdbc:h2:mem:testdb

;
2022-01-09 20:35:06.985  INFO 14523 --- [    Test worker] p6spy                                    : #1641728106985 | took 0ms | commit | connection 33| url jdbc:h2:mem:testdb

;

MockHttpServletRequest:
      HTTP Method = PUT
      Request URI = /api/v1/posts/2
       Parameters = {}
          Headers = [Content-Type:"application/json;charset=UTF-8"]
             Body = {"title":"updateTitle","content":"updateContent","author":null}
    Session Attrs = {SPRING_SECURITY_CONTEXT=org.springframework.security.core.context.SecurityContextImpl@ca25360: Authentication: org.springframework.security.authentication.UsernamePasswordAuthenticationToken@ca25360: Principal: org.springframework.security.core.userdetails.User@36ebcb: Username: user; Password: [PROTECTED]; Enabled: true; AccountNonExpired: true; credentialsNonExpired: true; AccountNonLocked: true; Granted Authorities: ROLE_USER; Credentials: [PROTECTED]; Authenticated: true; Details: null; Granted Authorities: ROLE_USER}

Handler:
             Type = com.book.springboot.web.PostsApiController
           Method = com.book.springboot.web.PostsApiController#update(Long, PostsSaveRequestDto)

Async:
    Async started = false
     Async result = null

Resolved Exception:
             Type = null

ModelAndView:
        View name = null
             View = null
            Model = null

FlashMap:
       Attributes = null

MockHttpServletResponse:
           Status = 200
    Error message = null
          Headers = [Content-Type:"application/json", X-Content-Type-Options:"nosniff", X-XSS-Protection:"1; mode=block", Cache-Control:"no-cache, no-store, max-age=0, must-revalidate", Pragma:"no-cache", Expires:"0", Set-Cookie:"SESSION=ZTczMzI2YmUtMjAzNC00ODY4LWJjYjQtYTY5ZTNmODQ4MDQ0; Path=/; HttpOnly; SameSite=Lax"]
     Content type = application/json
             Body = 2
    Forwarded URL = null
   Redirected URL = null
          Cookies = [[MockCookie@2ad3a591 name = 'SESSION', value = 'ZTczMzI2YmUtMjAzNC00ODY4LWJjYjQtYTY5ZTNmODQ4MDQ0', comment = [null], domain = [null], maxAge = -1, path = '/', secure = false, version = 0, httpOnly = true]]
Hibernate: update posts set created_date=?, last_modified_date=?, author=?, content=?, title=? where id=?
2022-01-09 20:35:06.995  INFO 14523 --- [    Test worker] p6spy                                    : #1641728106995 | took 2ms | statement | connection 31| url jdbc:h2:mem:testdb
update posts set created_date=?, last_modified_date=?, author=?, content=?, title=? where id=?
update posts set created_date='2022-01-09T20:35:06.960+0900', last_modified_date='2022-01-09T20:35:06.989+0900', author='author', content='updateContent', title='updateTitle' where id=2;
Hibernate: select posts0_.id as id1_0_, posts0_.created_date as created_2_0_, posts0_.last_modified_date as last_mod3_0_, posts0_.author as author4_0_, posts0_.content as content5_0_, posts0_.title as title6_0_ from posts posts0_
2022-01-09 20:35:06.997  INFO 14523 --- [    Test worker] p6spy                                    : #1641728106997 | took 0ms | statement | connection 31| url jdbc:h2:mem:testdb
select posts0_.id as id1_0_, posts0_.created_date as created_2_0_, posts0_.last_modified_date as last_mod3_0_, posts0_.author as author4_0_, posts0_.content as content5_0_, posts0_.title as title6_0_ from posts posts0_
select posts0_.id as id1_0_, posts0_.created_date as created_2_0_, posts0_.last_modified_date as last_mod3_0_, posts0_.author as author4_0_, posts0_.content as content5_0_, posts0_.title as title6_0_ from posts posts0_;
Hibernate: select posts0_.id as id1_0_, posts0_.created_date as created_2_0_, posts0_.last_modified_date as last_mod3_0_, posts0_.author as author4_0_, posts0_.content as content5_0_, posts0_.title as title6_0_ from posts posts0_
2022-01-09 20:35:06.999  INFO 14523 --- [    Test worker] p6spy                                    : #1641728106999 | took 0ms | statement | connection 31| url jdbc:h2:mem:testdb
select posts0_.id as id1_0_, posts0_.created_date as created_2_0_, posts0_.last_modified_date as last_mod3_0_, posts0_.author as author4_0_, posts0_.content as content5_0_, posts0_.title as title6_0_ from posts posts0_
select posts0_.id as id1_0_, posts0_.created_date as created_2_0_, posts0_.last_modified_date as last_mod3_0_, posts0_.author as author4_0_, posts0_.content as content5_0_, posts0_.title as title6_0_ from posts posts0_;
Hibernate: delete from posts where id=?
2022-01-09 20:35:07.005  INFO 14523 --- [    Test worker] p6spy                                    : #1641728107005 | took 0ms | statement | connection 31| url jdbc:h2:mem:testdb
delete from posts where id=?
delete from posts where id=2;
2022-01-09 20:35:07.006  INFO 14523 --- [    Test worker] p6spy                                    : #1641728107006 | took 0ms | commit | connection 31| url jdbc:h2:mem:testdb

;
2022-01-09 20:35:07.008  INFO 14523 --- [    Test worker] o.s.t.c.transaction.TransactionContext   : Committed transaction for test: [DefaultTestContext@3912291f testClass = PostsApiControllerTest, testInstance = com.book.springboot.web.PostsApiControllerTest@54dab123, testMethod = Posts_수정된다@PostsApiControllerTest, testException = [null], mergedContextConfiguration = [WebMergedContextConfiguration@7f09724a testClass = PostsApiControllerTest, locations = '{}', classes = '{class com.book.springboot.Application}', contextInitializerClasses = '[]', activeProfiles = '{}', propertySourceLocations = '{}', propertySourceProperties = '{org.springframework.boot.test.context.SpringBootTestContextBootstrapper=true}', contextCustomizers = set[org.springframework.boot.test.autoconfigure.properties.PropertyMappingContextCustomizer@4b3fa0b3, org.springframework.boot.test.autoconfigure.web.servlet.WebDriverContextCustomizerFactory$Customizer@259762bc, [ImportsContextCustomizer@27d55819 key = [org.springframework.boot.test.autoconfigure.web.servlet.MockMvcAutoConfiguration, org.springframework.boot.test.autoconfigure.web.servlet.MockMvcWebClientAutoConfiguration, org.springframework.boot.test.autoconfigure.web.servlet.MockMvcWebDriverAutoConfiguration, org.springframework.boot.autoconfigure.security.servlet.SecurityAutoConfiguration, org.springframework.boot.autoconfigure.security.servlet.UserDetailsServiceAutoConfiguration, org.springframework.boot.test.autoconfigure.web.servlet.MockMvcSecurityConfiguration]], org.springframework.boot.test.context.filter.ExcludeFilterContextCustomizer@5b62bf8e, org.springframework.boot.test.json.DuplicateJsonObjectContextCustomizerFactory$DuplicateJsonObjectContextCustomizer@498f3382, org.springframework.boot.test.mock.mockito.MockitoContextCustomizer@0, org.springframework.boot.test.web.client.TestRestTemplateContextCustomizer@72c0eebc], resourceBasePath = 'src/main/webapp', contextLoader = 'org.springframework.boot.test.context.SpringBootContextLoader', parent = [null]], attributes = map['org.springframework.test.context.web.ServletTestExecutionListener.activateListener' -> true, 'org.springframework.test.context.web.ServletTestExecutionListener.populatedRequestContextHolder' -> true, 'org.springframework.test.context.web.ServletTestExecutionListener.resetRequestContextHolder' -> true]]
]]></system-out>
  <system-err><![CDATA[]]></system-err>
</testsuite>
