<?xml version="1.0" encoding="UTF-8"?>
<testsuite name="com.book.springboot.web.IndexControllerTest" tests="1" skipped="0" failures="0" errors="0" timestamp="2022-01-16T05:12:52" hostname="baggioui-MacBook-Pro.local" time="0.069">
  <properties/>
  <testcase name="메인페이지_로딩()" classname="com.book.springboot.web.IndexControllerTest" time="0.069"/>
  <system-out><![CDATA[2022-01-16 14:12:51.284  INFO 9426 --- [    Test worker] .b.t.c.SpringBootTestContextBootstrapper : Neither @ContextConfiguration nor @ContextHierarchy found for test class [com.book.springboot.web.IndexControllerTest], using SpringBootContextLoader
2022-01-16 14:12:51.285  INFO 9426 --- [    Test worker] o.s.t.c.support.AbstractContextLoader    : Could not detect default resource locations for test class [com.book.springboot.web.IndexControllerTest]: no resource found for suffixes {-context.xml, Context.groovy}.
2022-01-16 14:12:51.286  INFO 9426 --- [    Test worker] t.c.s.AnnotationConfigContextLoaderUtils : Could not detect default configuration classes for test class [com.book.springboot.web.IndexControllerTest]: IndexControllerTest does not declare any static, non-private, non-final, nested classes annotated with @Configuration.
2022-01-16 14:12:51.288  INFO 9426 --- [    Test worker] .b.t.c.SpringBootTestContextBootstrapper : Found @SpringBootConfiguration com.book.springboot.Application for test class com.book.springboot.web.IndexControllerTest
2022-01-16 14:12:51.290  INFO 9426 --- [    Test worker] .b.t.c.SpringBootTestContextBootstrapper : Loaded default TestExecutionListener class names from location [META-INF/spring.factories]: [org.springframework.security.test.context.support.WithSecurityContextTestExecutionListener, org.springframework.security.test.context.support.ReactorContextTestExecutionListener, org.springframework.boot.test.autoconfigure.restdocs.RestDocsTestExecutionListener, org.springframework.boot.test.autoconfigure.web.client.MockRestServiceServerResetTestExecutionListener, org.springframework.boot.test.autoconfigure.web.servlet.MockMvcPrintOnlyOnFailureTestExecutionListener, org.springframework.boot.test.autoconfigure.web.servlet.WebDriverTestExecutionListener, org.springframework.boot.test.mock.mockito.MockitoTestExecutionListener, org.springframework.boot.test.mock.mockito.ResetMocksTestExecutionListener, org.springframework.test.context.web.ServletTestExecutionListener, org.springframework.test.context.support.DirtiesContextBeforeModesTestExecutionListener, org.springframework.test.context.support.DependencyInjectionTestExecutionListener, org.springframework.test.context.support.DirtiesContextTestExecutionListener, org.springframework.test.context.transaction.TransactionalTestExecutionListener, org.springframework.test.context.jdbc.SqlScriptsTestExecutionListener, org.springframework.test.context.event.EventPublishingTestExecutionListener]
2022-01-16 14:12:51.290  INFO 9426 --- [    Test worker] .b.t.c.SpringBootTestContextBootstrapper : Using TestExecutionListeners: [org.springframework.test.context.web.ServletTestExecutionListener@198665bf, org.springframework.test.context.support.DirtiesContextBeforeModesTestExecutionListener@6f5ceebc, org.springframework.boot.test.mock.mockito.MockitoTestExecutionListener@1514208a, org.springframework.boot.test.autoconfigure.SpringBootDependencyInjectionTestExecutionListener@65590594, org.springframework.test.context.support.DirtiesContextTestExecutionListener@4f583f1d, org.springframework.test.context.transaction.TransactionalTestExecutionListener@47790144, org.springframework.test.context.jdbc.SqlScriptsTestExecutionListener@735d7951, org.springframework.security.test.context.support.WithSecurityContextTestExecutionListener@5e85b70b, org.springframework.test.context.event.EventPublishingTestExecutionListener@502bcb11, org.springframework.security.test.context.support.ReactorContextTestExecutionListener@5f579371, org.springframework.boot.test.autoconfigure.restdocs.RestDocsTestExecutionListener@47d8fe3b, org.springframework.boot.test.autoconfigure.web.client.MockRestServiceServerResetTestExecutionListener@34962424, org.springframework.boot.test.autoconfigure.web.servlet.MockMvcPrintOnlyOnFailureTestExecutionListener@3aeb12e4, org.springframework.boot.test.autoconfigure.web.servlet.WebDriverTestExecutionListener@59c4c2d3, org.springframework.boot.test.mock.mockito.ResetMocksTestExecutionListener@596dd6f6]

  .   ____          _            __ _ _
 /\\ / ___'_ __ _ _(_)_ __  __ _ \ \ \ \
( ( )\___ | '_ | '_| | '_ \/ _` | \ \ \ \
 \\/  ___)| |_)| | | | | || (_| |  ) ) ) )
  '  |____| .__|_| |_|_| |_\__, | / / / /
 =========|_|==============|___/=/_/_/_/
 :: Spring Boot ::        (v2.2.1.RELEASE)

2022-01-16 14:12:51.325  INFO 9426 --- [    Test worker] c.b.springboot.web.IndexControllerTest   : Starting IndexControllerTest on baggioui-MacBook-Pro.local with PID 9426 (started by parkkio in /Users/parkkio/Desktop/study/book-test)
2022-01-16 14:12:51.325  INFO 9426 --- [    Test worker] c.b.springboot.web.IndexControllerTest   : The following profiles are active: google
2022-01-16 14:12:51.492  INFO 9426 --- [    Test worker] .s.d.r.c.RepositoryConfigurationDelegate : Bootstrapping Spring Data repositories in DEFAULT mode.
2022-01-16 14:12:51.507  INFO 9426 --- [    Test worker] .s.d.r.c.RepositoryConfigurationDelegate : Finished Spring Data repository scanning in 14ms. Found 2 repository interfaces.
2022-01-16 14:12:51.602  INFO 9426 --- [    Test worker] trationDelegate$BeanPostProcessorChecker : Bean 'org.springframework.transaction.annotation.ProxyTransactionManagementConfiguration' of type [org.springframework.transaction.annotation.ProxyTransactionManagementConfiguration] is not eligible for getting processed by all BeanPostProcessors (for example: not eligible for auto-proxying)
2022-01-16 14:12:51.648  INFO 9426 --- [    Test worker] c.g.g.b.j.d.p6spy.P6SpyConfiguration     : P6Spy modulelist is overridden, some p6spy configuration features will not be applied
2022-01-16 14:12:51.686  INFO 9426 --- [    Test worker] o.hibernate.jpa.internal.util.LogHelper  : HHH000204: Processing PersistenceUnitInfo [name: default]
2022-01-16 14:12:51.691  INFO 9426 --- [    Test worker] com.zaxxer.hikari.HikariDataSource       : HikariPool-2 - Starting...
2022-01-16 14:12:51.692  INFO 9426 --- [    Test worker] com.zaxxer.hikari.HikariDataSource       : HikariPool-2 - Start completed.
2022-01-16 14:12:51.692  INFO 9426 --- [    Test worker] org.hibernate.dialect.Dialect            : HHH000400: Using dialect: org.hibernate.dialect.H2Dialect
Hibernate: drop table posts if exists
2022-01-16 14:12:51.733  INFO 9426 --- [    Test worker] p6spy                                    : #1642309971733 | took 4ms | statement | connection 15| url jdbc:h2:mem:testdb
drop table posts if exists
drop table posts if exists;
Hibernate: drop table user if exists
2022-01-16 14:12:51.735  INFO 9426 --- [    Test worker] p6spy                                    : #1642309971735 | took 0ms | statement | connection 15| url jdbc:h2:mem:testdb
drop table user if exists
drop table user if exists;
Hibernate: drop sequence if exists hibernate_sequence
2022-01-16 14:12:51.736  INFO 9426 --- [    Test worker] p6spy                                    : #1642309971736 | took 0ms | statement | connection 15| url jdbc:h2:mem:testdb
drop sequence if exists hibernate_sequence
drop sequence if exists hibernate_sequence;
Hibernate: create sequence hibernate_sequence start with 1 increment by 1
2022-01-16 14:12:51.736  INFO 9426 --- [    Test worker] p6spy                                    : #1642309971736 | took 0ms | statement | connection 16| url jdbc:h2:mem:testdb
create sequence hibernate_sequence start with 1 increment by 1
create sequence hibernate_sequence start with 1 increment by 1;
Hibernate: create table posts (posts_id bigint not null, created_date timestamp, last_modified_date timestamp, author varchar(255), content TEXT not null, title varchar(500) not null, primary key (posts_id))
2022-01-16 14:12:51.738  INFO 9426 --- [    Test worker] p6spy                                    : #1642309971738 | took 1ms | statement | connection 16| url jdbc:h2:mem:testdb
create table posts (posts_id bigint not null, created_date timestamp, last_modified_date timestamp, author varchar(255), content TEXT not null, title varchar(500) not null, primary key (posts_id))
create table posts (posts_id bigint not null, created_date timestamp, last_modified_date timestamp, author varchar(255), content TEXT not null, title varchar(500) not null, primary key (posts_id));
Hibernate: create table user (id bigint not null, created_date timestamp, last_modified_date timestamp, email varchar(255) not null, name varchar(255) not null, picture varchar(255), role varchar(255) not null, primary key (id))
2022-01-16 14:12:51.739  INFO 9426 --- [    Test worker] p6spy                                    : #1642309971739 | took 1ms | statement | connection 16| url jdbc:h2:mem:testdb
create table user (id bigint not null, created_date timestamp, last_modified_date timestamp, email varchar(255) not null, name varchar(255) not null, picture varchar(255), role varchar(255) not null, primary key (id))
create table user (id bigint not null, created_date timestamp, last_modified_date timestamp, email varchar(255) not null, name varchar(255) not null, picture varchar(255), role varchar(255) not null, primary key (id));
2022-01-16 14:12:51.741  INFO 9426 --- [    Test worker] o.h.e.t.j.p.i.JtaPlatformInitiator       : HHH000490: Using JtaPlatform implementation: [org.hibernate.engine.transaction.jta.platform.internal.NoJtaPlatform]
2022-01-16 14:12:51.741  INFO 9426 --- [    Test worker] j.LocalContainerEntityManagerFactoryBean : Initialized JPA EntityManagerFactory for persistence unit 'default'
2022-01-16 14:12:51.849  WARN 9426 --- [    Test worker] JpaBaseConfiguration$JpaWebConfiguration : spring.jpa.open-in-view is enabled by default. Therefore, database queries may be performed during view rendering. Explicitly configure spring.jpa.open-in-view to disable this warning
2022-01-16 14:12:52.004  INFO 9426 --- [    Test worker] o.s.s.web.DefaultSecurityFilterChain     : Creating filter chain: any request, [org.springframework.security.web.context.request.async.WebAsyncManagerIntegrationFilter@6773f16a, org.springframework.security.web.context.SecurityContextPersistenceFilter@6dee92ac, org.springframework.security.web.header.HeaderWriterFilter@1296f91d, org.springframework.security.web.authentication.logout.LogoutFilter@2b223eb8, org.springframework.security.oauth2.client.web.OAuth2AuthorizationRequestRedirectFilter@6c033ebd, org.springframework.security.oauth2.client.web.OAuth2LoginAuthenticationFilter@112971, org.springframework.security.web.authentication.ui.DefaultLoginPageGeneratingFilter@3cf5d78, org.springframework.security.web.authentication.ui.DefaultLogoutPageGeneratingFilter@74954f29, org.springframework.security.web.savedrequest.RequestCacheAwareFilter@3a417fe5, org.springframework.security.web.servletapi.SecurityContextHolderAwareRequestFilter@1fba37a1, org.springframework.security.web.authentication.AnonymousAuthenticationFilter@11671d0, org.springframework.security.web.session.SessionManagementFilter@7fec60be, org.springframework.security.web.access.ExceptionTranslationFilter@2c3f78ec, org.springframework.security.web.access.intercept.FilterSecurityInterceptor@47ca87fa]
2022-01-16 14:12:52.179  INFO 9426 --- [    Test worker] o.s.s.concurrent.ThreadPoolTaskExecutor  : Initializing ExecutorService 'applicationTaskExecutor'
2022-01-16 14:12:52.205  INFO 9426 --- [    Test worker] o.s.b.a.w.s.WelcomePageHandlerMapping    : Adding welcome page template: index
2022-01-16 14:12:52.318  INFO 9426 --- [    Test worker] o.s.b.a.h2.H2ConsoleAutoConfiguration    : H2 console available at '/h2-console'. Database available at 'jdbc:h2:mem:testdb'
2022-01-16 14:12:52.372  INFO 9426 --- [    Test worker] p6spy                                    : #1642309972372 | took 0ms | statement | connection 21| url jdbc:h2:mem:testdb
CREATE TABLE SPRING_SESSION ( PRIMARY_ID CHAR(36) NOT NULL, SESSION_ID CHAR(36) NOT NULL, CREATION_TIME BIGINT NOT NULL, LAST_ACCESS_TIME BIGINT NOT NULL, MAX_INACTIVE_INTERVAL INT NOT NULL, EXPIRY_TIME BIGINT NOT NULL, PRINCIPAL_NAME VARCHAR(100), CONSTRAINT SPRING_SESSION_PK PRIMARY KEY (PRIMARY_ID) )
CREATE TABLE SPRING_SESSION ( PRIMARY_ID CHAR(36) NOT NULL, SESSION_ID CHAR(36) NOT NULL, CREATION_TIME BIGINT NOT NULL, LAST_ACCESS_TIME BIGINT NOT NULL, MAX_INACTIVE_INTERVAL INT NOT NULL, EXPIRY_TIME BIGINT NOT NULL, PRINCIPAL_NAME VARCHAR(100), CONSTRAINT SPRING_SESSION_PK PRIMARY KEY (PRIMARY_ID) );
2022-01-16 14:12:52.373  INFO 9426 --- [    Test worker] p6spy                                    : #1642309972373 | took 0ms | statement | connection 21| url jdbc:h2:mem:testdb
CREATE UNIQUE INDEX SPRING_SESSION_IX1 ON SPRING_SESSION (SESSION_ID)
CREATE UNIQUE INDEX SPRING_SESSION_IX1 ON SPRING_SESSION (SESSION_ID);
2022-01-16 14:12:52.373  INFO 9426 --- [    Test worker] p6spy                                    : #1642309972373 | took 0ms | statement | connection 21| url jdbc:h2:mem:testdb
CREATE INDEX SPRING_SESSION_IX2 ON SPRING_SESSION (EXPIRY_TIME)
CREATE INDEX SPRING_SESSION_IX2 ON SPRING_SESSION (EXPIRY_TIME);
2022-01-16 14:12:52.374  INFO 9426 --- [    Test worker] p6spy                                    : #1642309972374 | took 0ms | statement | connection 21| url jdbc:h2:mem:testdb
CREATE INDEX SPRING_SESSION_IX3 ON SPRING_SESSION (PRINCIPAL_NAME)
CREATE INDEX SPRING_SESSION_IX3 ON SPRING_SESSION (PRINCIPAL_NAME);
2022-01-16 14:12:52.375  INFO 9426 --- [    Test worker] p6spy                                    : #1642309972375 | took 0ms | statement | connection 21| url jdbc:h2:mem:testdb
CREATE TABLE SPRING_SESSION_ATTRIBUTES ( SESSION_PRIMARY_ID CHAR(36) NOT NULL, ATTRIBUTE_NAME VARCHAR(200) NOT NULL, ATTRIBUTE_BYTES LONGVARBINARY NOT NULL, CONSTRAINT SPRING_SESSION_ATTRIBUTES_PK PRIMARY KEY (SESSION_PRIMARY_ID, ATTRIBUTE_NAME), CONSTRAINT SPRING_SESSION_ATTRIBUTES_FK FOREIGN KEY (SESSION_PRIMARY_ID) REFERENCES SPRING_SESSION(PRIMARY_ID) ON DELETE CASCADE )
CREATE TABLE SPRING_SESSION_ATTRIBUTES ( SESSION_PRIMARY_ID CHAR(36) NOT NULL, ATTRIBUTE_NAME VARCHAR(200) NOT NULL, ATTRIBUTE_BYTES LONGVARBINARY NOT NULL, CONSTRAINT SPRING_SESSION_ATTRIBUTES_PK PRIMARY KEY (SESSION_PRIMARY_ID, ATTRIBUTE_NAME), CONSTRAINT SPRING_SESSION_ATTRIBUTES_FK FOREIGN KEY (SESSION_PRIMARY_ID) REFERENCES SPRING_SESSION(PRIMARY_ID) ON DELETE CASCADE );
2022-01-16 14:12:52.409  INFO 9426 --- [    Test worker] o.s.b.t.m.w.SpringBootMockServletContext : Initializing Spring TestDispatcherServlet ''
2022-01-16 14:12:52.409  INFO 9426 --- [    Test worker] o.s.t.web.servlet.TestDispatcherServlet  : Initializing Servlet ''
2022-01-16 14:12:52.416  INFO 9426 --- [    Test worker] o.s.t.web.servlet.TestDispatcherServlet  : Completed initialization in 7 ms
2022-01-16 14:12:52.425  INFO 9426 --- [    Test worker] s.a.ScheduledAnnotationBeanPostProcessor : No TaskScheduler/ScheduledExecutorService bean found for scheduled processing
2022-01-16 14:12:52.426  INFO 9426 --- [    Test worker] c.b.springboot.web.IndexControllerTest   : Started IndexControllerTest in 1.127 seconds (JVM running for 8.666)
2022-01-16 14:12:52.435  INFO 9426 --- [    Test worker] o.s.t.c.transaction.TransactionContext   : Began transaction (1) for test context [DefaultTestContext@2825ab91 testClass = IndexControllerTest, testInstance = com.book.springboot.web.IndexControllerTest@2646b1d1, testMethod = 메인페이지_로딩@IndexControllerTest, testException = [null], mergedContextConfiguration = [WebMergedContextConfiguration@38464dc1 testClass = IndexControllerTest, locations = '{}', classes = '{class com.book.springboot.Application}', contextInitializerClasses = '[]', activeProfiles = '{}', propertySourceLocations = '{}', propertySourceProperties = '{org.springframework.boot.test.context.SpringBootTestContextBootstrapper=true}', contextCustomizers = set[org.springframework.boot.test.autoconfigure.properties.PropertyMappingContextCustomizer@4b3fa0b3, org.springframework.boot.test.autoconfigure.web.servlet.WebDriverContextCustomizerFactory$Customizer@10159ded, [ImportsContextCustomizer@792f58ea key = [org.springframework.boot.test.autoconfigure.web.servlet.MockMvcAutoConfiguration, org.springframework.boot.test.autoconfigure.web.servlet.MockMvcWebClientAutoConfiguration, org.springframework.boot.test.autoconfigure.web.servlet.MockMvcWebDriverAutoConfiguration, org.springframework.boot.autoconfigure.security.servlet.SecurityAutoConfiguration, org.springframework.boot.autoconfigure.security.servlet.UserDetailsServiceAutoConfiguration, org.springframework.boot.test.autoconfigure.web.servlet.MockMvcSecurityConfiguration]], org.springframework.boot.test.context.filter.ExcludeFilterContextCustomizer@62412e1d, org.springframework.boot.test.json.DuplicateJsonObjectContextCustomizerFactory$DuplicateJsonObjectContextCustomizer@6b75bc72, org.springframework.boot.test.mock.mockito.MockitoContextCustomizer@0, org.springframework.boot.test.web.client.TestRestTemplateContextCustomizer@7f175548], resourceBasePath = 'src/main/webapp', contextLoader = 'org.springframework.boot.test.context.SpringBootContextLoader', parent = [null]], attributes = map['org.springframework.test.context.web.ServletTestExecutionListener.activateListener' -> true, 'org.springframework.test.context.web.ServletTestExecutionListener.populatedRequestContextHolder' -> true, 'org.springframework.test.context.web.ServletTestExecutionListener.resetRequestContextHolder' -> true]]; transaction manager [org.springframework.orm.jpa.JpaTransactionManager@53a8cadd]; rollback [true]
Hibernate: select posts0_.posts_id as posts_id1_0_, posts0_.created_date as created_2_0_, posts0_.last_modified_date as last_mod3_0_, posts0_.author as author4_0_, posts0_.content as content5_0_, posts0_.title as title6_0_ from posts posts0_ order by posts0_.posts_id desc
2022-01-16 14:12:52.465  INFO 9426 --- [    Test worker] p6spy                                    : #1642309972465 | took 0ms | statement | connection 22| url jdbc:h2:mem:testdb
select posts0_.posts_id as posts_id1_0_, posts0_.created_date as created_2_0_, posts0_.last_modified_date as last_mod3_0_, posts0_.author as author4_0_, posts0_.content as content5_0_, posts0_.title as title6_0_ from posts posts0_ order by posts0_.posts_id desc
select posts0_.posts_id as posts_id1_0_, posts0_.created_date as created_2_0_, posts0_.last_modified_date as last_mod3_0_, posts0_.author as author4_0_, posts0_.content as content5_0_, posts0_.title as title6_0_ from posts posts0_ order by posts0_.posts_id desc;
2022-01-16 14:12:52.486  INFO 9426 --- [    Test worker] p6spy                                    : #1642309972486 | took 1ms | statement | connection 23| url jdbc:h2:mem:testdb
INSERT INTO SPRING_SESSION(PRIMARY_ID, SESSION_ID, CREATION_TIME, LAST_ACCESS_TIME, MAX_INACTIVE_INTERVAL, EXPIRY_TIME, PRINCIPAL_NAME) VALUES (?, ?, ?, ?, ?, ?, ?)
INSERT INTO SPRING_SESSION(PRIMARY_ID, SESSION_ID, CREATION_TIME, LAST_ACCESS_TIME, MAX_INACTIVE_INTERVAL, EXPIRY_TIME, PRINCIPAL_NAME) VALUES ('40ef2d4c-1575-45de-9b78-77dd57362d13', '4334cffb-12ae-4e83-8088-fc6f7cec940b', 1642309972454, 1642309972455, 1800, 1642311772455, NULL);
2022-01-16 14:12:52.487  INFO 9426 --- [    Test worker] p6spy                                    : #1642309972487 | took 0ms | commit | connection 23| url jdbc:h2:mem:testdb

;
2022-01-16 14:12:52.495  INFO 9426 --- [    Test worker] p6spy                                    : #1642309972495 | took 0ms | rollback | connection 22| url jdbc:h2:mem:testdb

;
2022-01-16 14:12:52.496  INFO 9426 --- [    Test worker] o.s.t.c.transaction.TransactionContext   : Rolled back transaction for test: [DefaultTestContext@2825ab91 testClass = IndexControllerTest, testInstance = com.book.springboot.web.IndexControllerTest@2646b1d1, testMethod = 메인페이지_로딩@IndexControllerTest, testException = [null], mergedContextConfiguration = [WebMergedContextConfiguration@38464dc1 testClass = IndexControllerTest, locations = '{}', classes = '{class com.book.springboot.Application}', contextInitializerClasses = '[]', activeProfiles = '{}', propertySourceLocations = '{}', propertySourceProperties = '{org.springframework.boot.test.context.SpringBootTestContextBootstrapper=true}', contextCustomizers = set[org.springframework.boot.test.autoconfigure.properties.PropertyMappingContextCustomizer@4b3fa0b3, org.springframework.boot.test.autoconfigure.web.servlet.WebDriverContextCustomizerFactory$Customizer@10159ded, [ImportsContextCustomizer@792f58ea key = [org.springframework.boot.test.autoconfigure.web.servlet.MockMvcAutoConfiguration, org.springframework.boot.test.autoconfigure.web.servlet.MockMvcWebClientAutoConfiguration, org.springframework.boot.test.autoconfigure.web.servlet.MockMvcWebDriverAutoConfiguration, org.springframework.boot.autoconfigure.security.servlet.SecurityAutoConfiguration, org.springframework.boot.autoconfigure.security.servlet.UserDetailsServiceAutoConfiguration, org.springframework.boot.test.autoconfigure.web.servlet.MockMvcSecurityConfiguration]], org.springframework.boot.test.context.filter.ExcludeFilterContextCustomizer@62412e1d, org.springframework.boot.test.json.DuplicateJsonObjectContextCustomizerFactory$DuplicateJsonObjectContextCustomizer@6b75bc72, org.springframework.boot.test.mock.mockito.MockitoContextCustomizer@0, org.springframework.boot.test.web.client.TestRestTemplateContextCustomizer@7f175548], resourceBasePath = 'src/main/webapp', contextLoader = 'org.springframework.boot.test.context.SpringBootContextLoader', parent = [null]], attributes = map['org.springframework.test.context.web.ServletTestExecutionListener.activateListener' -> true, 'org.springframework.test.context.web.ServletTestExecutionListener.populatedRequestContextHolder' -> true, 'org.springframework.test.context.web.ServletTestExecutionListener.resetRequestContextHolder' -> true]]
]]></system-out>
  <system-err><![CDATA[]]></system-err>
</testsuite>
