<?xml version="1.0" encoding="UTF-8"?>
<testsuite name="com.book.springboot.domain.posts.PostsRepositoryTest" tests="2" skipped="0" failures="0" errors="0" timestamp="2022-01-09T03:37:00" hostname="baggioui-MacBook-Pro.local" time="0.189">
  <properties/>
  <testcase name="게시글저장_불러오기" classname="com.book.springboot.domain.posts.PostsRepositoryTest" time="0.174"/>
  <testcase name="BaseTimeEntity_등록" classname="com.book.springboot.domain.posts.PostsRepositoryTest" time="0.014"/>
  <system-out><![CDATA[
  .   ____          _            __ _ _
 /\\ / ___'_ __ _ _(_)_ __  __ _ \ \ \ \
( ( )\___ | '_ | '_| | '_ \/ _` | \ \ \ \
 \\/  ___)| |_)| | | | | || (_| |  ) ) ) )
  '  |____| .__|_| |_|_| |_\__, | / / / /
 =========|_|==============|___/=/_/_/_/
 :: Spring Boot ::        (v2.2.1.RELEASE)

2022-01-09 12:36:56.401  INFO 6499 --- [    Test worker] c.b.s.domain.posts.PostsRepositoryTest   : Starting PostsRepositoryTest on baggioui-MacBook-Pro.local with PID 6499 (started by parkkio in /Users/parkkio/Desktop/study/book-test)
2022-01-09 12:36:56.401  INFO 6499 --- [    Test worker] c.b.s.domain.posts.PostsRepositoryTest   : No active profile set, falling back to default profiles: default
2022-01-09 12:36:56.790  INFO 6499 --- [    Test worker] .s.d.r.c.RepositoryConfigurationDelegate : Bootstrapping Spring Data repositories in DEFAULT mode.
2022-01-09 12:36:56.854  INFO 6499 --- [    Test worker] .s.d.r.c.RepositoryConfigurationDelegate : Finished Spring Data repository scanning in 54ms. Found 2 repository interfaces.
2022-01-09 12:36:57.124  INFO 6499 --- [    Test worker] trationDelegate$BeanPostProcessorChecker : Bean 'org.springframework.transaction.annotation.ProxyTransactionManagementConfiguration' of type [org.springframework.transaction.annotation.ProxyTransactionManagementConfiguration] is not eligible for getting processed by all BeanPostProcessors (for example: not eligible for auto-proxying)
2022-01-09 12:36:57.404  INFO 6499 --- [    Test worker] com.zaxxer.hikari.HikariDataSource       : HikariPool-1 - Starting...
2022-01-09 12:36:57.601  INFO 6499 --- [    Test worker] com.zaxxer.hikari.HikariDataSource       : HikariPool-1 - Start completed.
2022-01-09 12:36:57.709  INFO 6499 --- [    Test worker] o.hibernate.jpa.internal.util.LogHelper  : HHH000204: Processing PersistenceUnitInfo [name: default]
2022-01-09 12:36:57.818  INFO 6499 --- [    Test worker] org.hibernate.Version                    : HHH000412: Hibernate Core {5.4.8.Final}
2022-01-09 12:36:57.881  INFO 6499 --- [    Test worker] o.hibernate.annotations.common.Version   : HCANN000001: Hibernate Commons Annotations {5.1.0.Final}
2022-01-09 12:36:58.023  INFO 6499 --- [    Test worker] org.hibernate.dialect.Dialect            : HHH000400: Using dialect: org.hibernate.dialect.H2Dialect
Hibernate: drop table posts if exists
2022-01-09 12:36:58.784  INFO 6499 --- [    Test worker] p6spy                                    : #1641699418784 | took 1ms | statement | connection 2| url jdbc:h2:mem:testdb
drop table posts if exists
drop table posts if exists;
Hibernate: drop table user if exists
2022-01-09 12:36:58.784  INFO 6499 --- [    Test worker] p6spy                                    : #1641699418784 | took 0ms | statement | connection 2| url jdbc:h2:mem:testdb
drop table user if exists
drop table user if exists;
Hibernate: drop sequence if exists hibernate_sequence
2022-01-09 12:36:58.785  INFO 6499 --- [    Test worker] p6spy                                    : #1641699418785 | took 0ms | statement | connection 2| url jdbc:h2:mem:testdb
drop sequence if exists hibernate_sequence
drop sequence if exists hibernate_sequence;
Hibernate: create sequence hibernate_sequence start with 1 increment by 1
2022-01-09 12:36:58.790  INFO 6499 --- [    Test worker] p6spy                                    : #1641699418790 | took 1ms | statement | connection 3| url jdbc:h2:mem:testdb
create sequence hibernate_sequence start with 1 increment by 1
create sequence hibernate_sequence start with 1 increment by 1;
Hibernate: create table posts (id bigint generated by default as identity, created_date timestamp, last_modified_date timestamp, author varchar(255), content TEXT not null, title varchar(500) not null, primary key (id))
2022-01-09 12:36:58.800  INFO 6499 --- [    Test worker] p6spy                                    : #1641699418800 | took 9ms | statement | connection 3| url jdbc:h2:mem:testdb
create table posts (id bigint generated by default as identity, created_date timestamp, last_modified_date timestamp, author varchar(255), content TEXT not null, title varchar(500) not null, primary key (id))
create table posts (id bigint generated by default as identity, created_date timestamp, last_modified_date timestamp, author varchar(255), content TEXT not null, title varchar(500) not null, primary key (id));
Hibernate: create table user (id bigint not null, created_date timestamp, last_modified_date timestamp, email varchar(255) not null, name varchar(255) not null, picture varchar(255), role varchar(255) not null, primary key (id))
2022-01-09 12:36:58.802  INFO 6499 --- [    Test worker] p6spy                                    : #1641699418802 | took 1ms | statement | connection 3| url jdbc:h2:mem:testdb
create table user (id bigint not null, created_date timestamp, last_modified_date timestamp, email varchar(255) not null, name varchar(255) not null, picture varchar(255), role varchar(255) not null, primary key (id))
create table user (id bigint not null, created_date timestamp, last_modified_date timestamp, email varchar(255) not null, name varchar(255) not null, picture varchar(255), role varchar(255) not null, primary key (id));
2022-01-09 12:36:58.805  INFO 6499 --- [    Test worker] o.h.e.t.j.p.i.JtaPlatformInitiator       : HHH000490: Using JtaPlatform implementation: [org.hibernate.engine.transaction.jta.platform.internal.NoJtaPlatform]
2022-01-09 12:36:58.815  INFO 6499 --- [    Test worker] j.LocalContainerEntityManagerFactoryBean : Initialized JPA EntityManagerFactory for persistence unit 'default'
2022-01-09 12:36:59.275  WARN 6499 --- [    Test worker] JpaBaseConfiguration$JpaWebConfiguration : spring.jpa.open-in-view is enabled by default. Therefore, database queries may be performed during view rendering. Explicitly configure spring.jpa.open-in-view to disable this warning
2022-01-09 12:36:59.704  INFO 6499 --- [    Test worker] o.s.s.web.DefaultSecurityFilterChain     : Creating filter chain: any request, [org.springframework.security.web.context.request.async.WebAsyncManagerIntegrationFilter@1b6c8b04, org.springframework.security.web.context.SecurityContextPersistenceFilter@67d3d519, org.springframework.security.web.header.HeaderWriterFilter@7c2ca47f, org.springframework.security.web.authentication.logout.LogoutFilter@66d71841, org.springframework.security.oauth2.client.web.OAuth2AuthorizationRequestRedirectFilter@33361de, org.springframework.security.oauth2.client.web.OAuth2LoginAuthenticationFilter@4a04bf20, org.springframework.security.web.authentication.ui.DefaultLoginPageGeneratingFilter@6936a05a, org.springframework.security.web.authentication.ui.DefaultLogoutPageGeneratingFilter@11ea0052, org.springframework.security.web.savedrequest.RequestCacheAwareFilter@42f68c7b, org.springframework.security.web.servletapi.SecurityContextHolderAwareRequestFilter@5be0d706, org.springframework.security.web.authentication.AnonymousAuthenticationFilter@2edbbc12, org.springframework.security.web.session.SessionManagementFilter@1ca5d838, org.springframework.security.web.access.ExceptionTranslationFilter@54ee3dcd, org.springframework.security.web.access.intercept.FilterSecurityInterceptor@355fe26e]
2022-01-09 12:36:59.971  INFO 6499 --- [    Test worker] o.s.s.concurrent.ThreadPoolTaskExecutor  : Initializing ExecutorService 'applicationTaskExecutor'
2022-01-09 12:37:00.011  INFO 6499 --- [    Test worker] o.s.b.a.w.s.WelcomePageHandlerMapping    : Adding welcome page template: index
2022-01-09 12:37:00.170  INFO 6499 --- [    Test worker] o.s.b.a.h2.H2ConsoleAutoConfiguration    : H2 console available at '/h2-console'. Database available at 'jdbc:h2:mem:testdb'
2022-01-09 12:37:00.300  INFO 6499 --- [    Test worker] p6spy                                    : #1641699420300 | took 4ms | statement | connection 9| url jdbc:h2:mem:testdb
CREATE TABLE SPRING_SESSION ( PRIMARY_ID CHAR(36) NOT NULL, SESSION_ID CHAR(36) NOT NULL, CREATION_TIME BIGINT NOT NULL, LAST_ACCESS_TIME BIGINT NOT NULL, MAX_INACTIVE_INTERVAL INT NOT NULL, EXPIRY_TIME BIGINT NOT NULL, PRINCIPAL_NAME VARCHAR(100), CONSTRAINT SPRING_SESSION_PK PRIMARY KEY (PRIMARY_ID) )
CREATE TABLE SPRING_SESSION ( PRIMARY_ID CHAR(36) NOT NULL, SESSION_ID CHAR(36) NOT NULL, CREATION_TIME BIGINT NOT NULL, LAST_ACCESS_TIME BIGINT NOT NULL, MAX_INACTIVE_INTERVAL INT NOT NULL, EXPIRY_TIME BIGINT NOT NULL, PRINCIPAL_NAME VARCHAR(100), CONSTRAINT SPRING_SESSION_PK PRIMARY KEY (PRIMARY_ID) );
2022-01-09 12:37:00.302  INFO 6499 --- [    Test worker] p6spy                                    : #1641699420302 | took 0ms | statement | connection 9| url jdbc:h2:mem:testdb
CREATE UNIQUE INDEX SPRING_SESSION_IX1 ON SPRING_SESSION (SESSION_ID)
CREATE UNIQUE INDEX SPRING_SESSION_IX1 ON SPRING_SESSION (SESSION_ID);
2022-01-09 12:37:00.303  INFO 6499 --- [    Test worker] p6spy                                    : #1641699420303 | took 0ms | statement | connection 9| url jdbc:h2:mem:testdb
CREATE INDEX SPRING_SESSION_IX2 ON SPRING_SESSION (EXPIRY_TIME)
CREATE INDEX SPRING_SESSION_IX2 ON SPRING_SESSION (EXPIRY_TIME);
2022-01-09 12:37:00.303  INFO 6499 --- [    Test worker] p6spy                                    : #1641699420303 | took 0ms | statement | connection 9| url jdbc:h2:mem:testdb
CREATE INDEX SPRING_SESSION_IX3 ON SPRING_SESSION (PRINCIPAL_NAME)
CREATE INDEX SPRING_SESSION_IX3 ON SPRING_SESSION (PRINCIPAL_NAME);
2022-01-09 12:37:00.312  INFO 6499 --- [    Test worker] p6spy                                    : #1641699420312 | took 8ms | statement | connection 9| url jdbc:h2:mem:testdb
CREATE TABLE SPRING_SESSION_ATTRIBUTES ( SESSION_PRIMARY_ID CHAR(36) NOT NULL, ATTRIBUTE_NAME VARCHAR(200) NOT NULL, ATTRIBUTE_BYTES LONGVARBINARY NOT NULL, CONSTRAINT SPRING_SESSION_ATTRIBUTES_PK PRIMARY KEY (SESSION_PRIMARY_ID, ATTRIBUTE_NAME), CONSTRAINT SPRING_SESSION_ATTRIBUTES_FK FOREIGN KEY (SESSION_PRIMARY_ID) REFERENCES SPRING_SESSION(PRIMARY_ID) ON DELETE CASCADE )
CREATE TABLE SPRING_SESSION_ATTRIBUTES ( SESSION_PRIMARY_ID CHAR(36) NOT NULL, ATTRIBUTE_NAME VARCHAR(200) NOT NULL, ATTRIBUTE_BYTES LONGVARBINARY NOT NULL, CONSTRAINT SPRING_SESSION_ATTRIBUTES_PK PRIMARY KEY (SESSION_PRIMARY_ID, ATTRIBUTE_NAME), CONSTRAINT SPRING_SESSION_ATTRIBUTES_FK FOREIGN KEY (SESSION_PRIMARY_ID) REFERENCES SPRING_SESSION(PRIMARY_ID) ON DELETE CASCADE );
2022-01-09 12:37:00.375  INFO 6499 --- [    Test worker] s.a.ScheduledAnnotationBeanPostProcessor : No TaskScheduler/ScheduledExecutorService bean found for scheduled processing
2022-01-09 12:37:00.382  INFO 6499 --- [    Test worker] c.b.s.domain.posts.PostsRepositoryTest   : Started PostsRepositoryTest in 4.0 seconds (JVM running for 8.446)
Hibernate: insert into posts (id, created_date, last_modified_date, author, content, title) values (null, ?, ?, ?, ?, ?)
2022-01-09 12:37:00.491  INFO 6499 --- [    Test worker] p6spy                                    : #1641699420491 | took 3ms | statement | connection 10| url jdbc:h2:mem:testdb
insert into posts (id, created_date, last_modified_date, author, content, title) values (null, ?, ?, ?, ?, ?)
insert into posts (id, created_date, last_modified_date, author, content, title) values (null, '2022-01-09T12:37:00.449+0900', '2022-01-09T12:37:00.449+0900', 'goril2504@gmail.com', '테스트 본문', '테스트 게시글');
2022-01-09 12:37:00.503  INFO 6499 --- [    Test worker] p6spy                                    : #1641699420503 | took 0ms | commit | connection 10| url jdbc:h2:mem:testdb

;
Hibernate: select posts0_.id as id1_0_, posts0_.created_date as created_2_0_, posts0_.last_modified_date as last_mod3_0_, posts0_.author as author4_0_, posts0_.content as content5_0_, posts0_.title as title6_0_ from posts posts0_
2022-01-09 12:37:00.526  INFO 6499 --- [    Test worker] p6spy                                    : #1641699420526 | took 3ms | statement | connection 11| url jdbc:h2:mem:testdb
select posts0_.id as id1_0_, posts0_.created_date as created_2_0_, posts0_.last_modified_date as last_mod3_0_, posts0_.author as author4_0_, posts0_.content as content5_0_, posts0_.title as title6_0_ from posts posts0_
select posts0_.id as id1_0_, posts0_.created_date as created_2_0_, posts0_.last_modified_date as last_mod3_0_, posts0_.author as author4_0_, posts0_.content as content5_0_, posts0_.title as title6_0_ from posts posts0_;
2022-01-09 12:37:00.536  INFO 6499 --- [    Test worker] p6spy                                    : #1641699420536 | took 0ms | commit | connection 11| url jdbc:h2:mem:testdb

;
Hibernate: select posts0_.id as id1_0_, posts0_.created_date as created_2_0_, posts0_.last_modified_date as last_mod3_0_, posts0_.author as author4_0_, posts0_.content as content5_0_, posts0_.title as title6_0_ from posts posts0_
2022-01-09 12:37:00.539  INFO 6499 --- [    Test worker] p6spy                                    : #1641699420539 | took 0ms | statement | connection 12| url jdbc:h2:mem:testdb
select posts0_.id as id1_0_, posts0_.created_date as created_2_0_, posts0_.last_modified_date as last_mod3_0_, posts0_.author as author4_0_, posts0_.content as content5_0_, posts0_.title as title6_0_ from posts posts0_
select posts0_.id as id1_0_, posts0_.created_date as created_2_0_, posts0_.last_modified_date as last_mod3_0_, posts0_.author as author4_0_, posts0_.content as content5_0_, posts0_.title as title6_0_ from posts posts0_;
Hibernate: delete from posts where id=?
2022-01-09 12:37:00.557  INFO 6499 --- [    Test worker] p6spy                                    : #1641699420557 | took 0ms | statement | connection 12| url jdbc:h2:mem:testdb
delete from posts where id=?
delete from posts where id=1;
2022-01-09 12:37:00.559  INFO 6499 --- [    Test worker] p6spy                                    : #1641699420559 | took 0ms | commit | connection 12| url jdbc:h2:mem:testdb

;
Hibernate: insert into posts (id, created_date, last_modified_date, author, content, title) values (null, ?, ?, ?, ?, ?)
2022-01-09 12:37:00.566  INFO 6499 --- [    Test worker] p6spy                                    : #1641699420566 | took 0ms | statement | connection 13| url jdbc:h2:mem:testdb
insert into posts (id, created_date, last_modified_date, author, content, title) values (null, ?, ?, ?, ?, ?)
insert into posts (id, created_date, last_modified_date, author, content, title) values (null, '2022-01-09T12:37:00.564+0900', '2022-01-09T12:37:00.564+0900', 'author', 'content', 'title');
2022-01-09 12:37:00.567  INFO 6499 --- [    Test worker] p6spy                                    : #1641699420567 | took 0ms | commit | connection 13| url jdbc:h2:mem:testdb

;
Hibernate: select posts0_.id as id1_0_, posts0_.created_date as created_2_0_, posts0_.last_modified_date as last_mod3_0_, posts0_.author as author4_0_, posts0_.content as content5_0_, posts0_.title as title6_0_ from posts posts0_
2022-01-09 12:37:00.568  INFO 6499 --- [    Test worker] p6spy                                    : #1641699420568 | took 0ms | statement | connection 14| url jdbc:h2:mem:testdb
select posts0_.id as id1_0_, posts0_.created_date as created_2_0_, posts0_.last_modified_date as last_mod3_0_, posts0_.author as author4_0_, posts0_.content as content5_0_, posts0_.title as title6_0_ from posts posts0_
select posts0_.id as id1_0_, posts0_.created_date as created_2_0_, posts0_.last_modified_date as last_mod3_0_, posts0_.author as author4_0_, posts0_.content as content5_0_, posts0_.title as title6_0_ from posts posts0_;
2022-01-09 12:37:00.569  INFO 6499 --- [    Test worker] p6spy                                    : #1641699420569 | took 0ms | commit | connection 14| url jdbc:h2:mem:testdb

;
Hibernate: select posts0_.id as id1_0_, posts0_.created_date as created_2_0_, posts0_.last_modified_date as last_mod3_0_, posts0_.author as author4_0_, posts0_.content as content5_0_, posts0_.title as title6_0_ from posts posts0_
2022-01-09 12:37:00.572  INFO 6499 --- [    Test worker] p6spy                                    : #1641699420572 | took 0ms | statement | connection 15| url jdbc:h2:mem:testdb
select posts0_.id as id1_0_, posts0_.created_date as created_2_0_, posts0_.last_modified_date as last_mod3_0_, posts0_.author as author4_0_, posts0_.content as content5_0_, posts0_.title as title6_0_ from posts posts0_
select posts0_.id as id1_0_, posts0_.created_date as created_2_0_, posts0_.last_modified_date as last_mod3_0_, posts0_.author as author4_0_, posts0_.content as content5_0_, posts0_.title as title6_0_ from posts posts0_;
Hibernate: delete from posts where id=?
2022-01-09 12:37:00.574  INFO 6499 --- [    Test worker] p6spy                                    : #1641699420574 | took 0ms | statement | connection 15| url jdbc:h2:mem:testdb
delete from posts where id=?
delete from posts where id=2;
2022-01-09 12:37:00.574  INFO 6499 --- [    Test worker] p6spy                                    : #1641699420574 | took 0ms | commit | connection 15| url jdbc:h2:mem:testdb

;
]]></system-out>
  <system-err><![CDATA[]]></system-err>
</testsuite>
