<?xml version="1.0" encoding="UTF-8"?>
<testsuite name="com.book.springboot.web.HelloControllerTest" tests="2" skipped="0" failures="0" errors="0" timestamp="2022-01-16T05:12:47" hostname="baggioui-MacBook-Pro.local" time="0.433">
  <properties/>
  <testcase name="hello가_리턴된다" classname="com.book.springboot.web.HelloControllerTest" time="0.363"/>
  <testcase name="helloDto가_리턴된다" classname="com.book.springboot.web.HelloControllerTest" time="0.069"/>
  <system-out><![CDATA[14:12:45.027 [Test worker] DEBUG org.springframework.test.annotation.ProfileValueUtils - Retrieved @ProfileValueSourceConfiguration [null] for test class [com.book.springboot.web.HelloControllerTest]
14:12:45.027 [Test worker] DEBUG org.springframework.test.annotation.ProfileValueUtils - Retrieved ProfileValueSource type [class org.springframework.test.annotation.SystemProfileValueSource] for class [com.book.springboot.web.HelloControllerTest]
14:12:45.028 [Test worker] DEBUG org.springframework.test.annotation.ProfileValueUtils - Retrieved @ProfileValueSourceConfiguration [null] for test class [com.book.springboot.web.HelloControllerTest]
14:12:45.028 [Test worker] DEBUG org.springframework.test.annotation.ProfileValueUtils - Retrieved ProfileValueSource type [class org.springframework.test.annotation.SystemProfileValueSource] for class [com.book.springboot.web.HelloControllerTest]
14:12:45.032 [Test worker] DEBUG org.springframework.test.context.support.AbstractDirtiesContextTestExecutionListener - Before test class: context [DefaultTestContext@ca77420 testClass = HelloControllerTest, testInstance = [null], testMethod = [null], testException = [null], mergedContextConfiguration = [WebMergedContextConfiguration@553cd9bc testClass = HelloControllerTest, locations = '{}', classes = '{class com.book.springboot.Application}', contextInitializerClasses = '[]', activeProfiles = '{}', propertySourceLocations = '{}', propertySourceProperties = '{org.springframework.boot.test.autoconfigure.web.servlet.WebMvcTestContextBootstrapper=true}', contextCustomizers = set[org.springframework.boot.test.autoconfigure.OverrideAutoConfigurationContextCustomizerFactory$DisableAutoConfigurationContextCustomizer@2e7e8b53, org.springframework.boot.test.autoconfigure.filter.TypeExcludeFiltersContextCustomizer@6353a11d, org.springframework.boot.test.autoconfigure.properties.PropertyMappingContextCustomizer@10282b98, org.springframework.boot.test.autoconfigure.web.servlet.WebDriverContextCustomizerFactory$Customizer@10159ded, [ImportsContextCustomizer@3c1acfdb key = [org.springframework.boot.autoconfigure.cache.CacheAutoConfiguration, org.springframework.boot.autoconfigure.context.MessageSourceAutoConfiguration, org.springframework.boot.autoconfigure.data.web.SpringDataWebAutoConfiguration, org.springframework.boot.autoconfigure.freemarker.FreeMarkerAutoConfiguration, org.springframework.boot.autoconfigure.groovy.template.GroovyTemplateAutoConfiguration, org.springframework.boot.autoconfigure.gson.GsonAutoConfiguration, org.springframework.boot.autoconfigure.hateoas.HypermediaAutoConfiguration, org.springframework.boot.autoconfigure.http.HttpMessageConvertersAutoConfiguration, org.springframework.boot.autoconfigure.jackson.JacksonAutoConfiguration, org.springframework.boot.autoconfigure.jsonb.JsonbAutoConfiguration, org.springframework.boot.autoconfigure.mustache.MustacheAutoConfiguration, org.springframework.boot.autoconfigure.task.TaskExecutionAutoConfiguration, org.springframework.boot.autoconfigure.thymeleaf.ThymeleafAutoConfiguration, org.springframework.boot.autoconfigure.validation.ValidationAutoConfiguration, org.springframework.boot.autoconfigure.web.servlet.error.ErrorMvcAutoConfiguration, org.springframework.boot.autoconfigure.web.servlet.WebMvcAutoConfiguration, org.springframework.boot.test.autoconfigure.web.servlet.MockMvcAutoConfiguration, org.springframework.boot.test.autoconfigure.web.servlet.MockMvcWebClientAutoConfiguration, org.springframework.boot.test.autoconfigure.web.servlet.MockMvcWebDriverAutoConfiguration, org.springframework.boot.autoconfigure.security.servlet.SecurityAutoConfiguration, org.springframework.boot.autoconfigure.security.servlet.UserDetailsServiceAutoConfiguration, org.springframework.boot.test.autoconfigure.web.servlet.MockMvcSecurityConfiguration]], org.springframework.boot.test.context.filter.ExcludeFilterContextCustomizer@62412e1d, org.springframework.boot.test.json.DuplicateJsonObjectContextCustomizerFactory$DuplicateJsonObjectContextCustomizer@6b75bc72, org.springframework.boot.test.mock.mockito.MockitoContextCustomizer@0], resourceBasePath = 'src/main/webapp', contextLoader = 'org.springframework.boot.test.context.SpringBootContextLoader', parent = [null]], attributes = map[[empty]]], class annotated with @DirtiesContext [false] with mode [null].
14:12:45.034 [Test worker] DEBUG org.springframework.test.annotation.ProfileValueUtils - Retrieved @ProfileValueSourceConfiguration [null] for test class [com.book.springboot.web.HelloControllerTest]
14:12:45.034 [Test worker] DEBUG org.springframework.test.annotation.ProfileValueUtils - Retrieved ProfileValueSource type [class org.springframework.test.annotation.SystemProfileValueSource] for class [com.book.springboot.web.HelloControllerTest]
14:12:45.040 [Test worker] DEBUG org.springframework.test.context.support.DependencyInjectionTestExecutionListener - Performing dependency injection for test context [[DefaultTestContext@ca77420 testClass = HelloControllerTest, testInstance = com.book.springboot.web.HelloControllerTest@4e58bb36, testMethod = [null], testException = [null], mergedContextConfiguration = [WebMergedContextConfiguration@553cd9bc testClass = HelloControllerTest, locations = '{}', classes = '{class com.book.springboot.Application}', contextInitializerClasses = '[]', activeProfiles = '{}', propertySourceLocations = '{}', propertySourceProperties = '{org.springframework.boot.test.autoconfigure.web.servlet.WebMvcTestContextBootstrapper=true}', contextCustomizers = set[org.springframework.boot.test.autoconfigure.OverrideAutoConfigurationContextCustomizerFactory$DisableAutoConfigurationContextCustomizer@2e7e8b53, org.springframework.boot.test.autoconfigure.filter.TypeExcludeFiltersContextCustomizer@6353a11d, org.springframework.boot.test.autoconfigure.properties.PropertyMappingContextCustomizer@10282b98, org.springframework.boot.test.autoconfigure.web.servlet.WebDriverContextCustomizerFactory$Customizer@10159ded, [ImportsContextCustomizer@3c1acfdb key = [org.springframework.boot.autoconfigure.cache.CacheAutoConfiguration, org.springframework.boot.autoconfigure.context.MessageSourceAutoConfiguration, org.springframework.boot.autoconfigure.data.web.SpringDataWebAutoConfiguration, org.springframework.boot.autoconfigure.freemarker.FreeMarkerAutoConfiguration, org.springframework.boot.autoconfigure.groovy.template.GroovyTemplateAutoConfiguration, org.springframework.boot.autoconfigure.gson.GsonAutoConfiguration, org.springframework.boot.autoconfigure.hateoas.HypermediaAutoConfiguration, org.springframework.boot.autoconfigure.http.HttpMessageConvertersAutoConfiguration, org.springframework.boot.autoconfigure.jackson.JacksonAutoConfiguration, org.springframework.boot.autoconfigure.jsonb.JsonbAutoConfiguration, org.springframework.boot.autoconfigure.mustache.MustacheAutoConfiguration, org.springframework.boot.autoconfigure.task.TaskExecutionAutoConfiguration, org.springframework.boot.autoconfigure.thymeleaf.ThymeleafAutoConfiguration, org.springframework.boot.autoconfigure.validation.ValidationAutoConfiguration, org.springframework.boot.autoconfigure.web.servlet.error.ErrorMvcAutoConfiguration, org.springframework.boot.autoconfigure.web.servlet.WebMvcAutoConfiguration, org.springframework.boot.test.autoconfigure.web.servlet.MockMvcAutoConfiguration, org.springframework.boot.test.autoconfigure.web.servlet.MockMvcWebClientAutoConfiguration, org.springframework.boot.test.autoconfigure.web.servlet.MockMvcWebDriverAutoConfiguration, org.springframework.boot.autoconfigure.security.servlet.SecurityAutoConfiguration, org.springframework.boot.autoconfigure.security.servlet.UserDetailsServiceAutoConfiguration, org.springframework.boot.test.autoconfigure.web.servlet.MockMvcSecurityConfiguration]], org.springframework.boot.test.context.filter.ExcludeFilterContextCustomizer@62412e1d, org.springframework.boot.test.json.DuplicateJsonObjectContextCustomizerFactory$DuplicateJsonObjectContextCustomizer@6b75bc72, org.springframework.boot.test.mock.mockito.MockitoContextCustomizer@0], resourceBasePath = 'src/main/webapp', contextLoader = 'org.springframework.boot.test.context.SpringBootContextLoader', parent = [null]], attributes = map[[empty]]]].
14:12:45.060 [Test worker] DEBUG org.springframework.test.context.support.TestPropertySourceUtils - Adding inlined properties to environment: {spring.jmx.enabled=false, org.springframework.boot.test.autoconfigure.web.servlet.WebMvcTestContextBootstrapper=true, server.port=-1}

  .   ____          _            __ _ _
 /\\ / ___'_ __ _ _(_)_ __  __ _ \ \ \ \
( ( )\___ | '_ | '_| | '_ \/ _` | \ \ \ \
 \\/  ___)| |_)| | | | | || (_| |  ) ) ) )
  '  |____| .__|_| |_|_| |_\__, | / / / /
 =========|_|==============|___/=/_/_/_/
 :: Spring Boot ::        (v2.2.1.RELEASE)

2022-01-16 14:12:45.550  INFO 9426 --- [    Test worker] c.b.springboot.web.HelloControllerTest   : Starting HelloControllerTest on baggioui-MacBook-Pro.local with PID 9426 (started by parkkio in /Users/parkkio/Desktop/study/book-test)
2022-01-16 14:12:45.551  INFO 9426 --- [    Test worker] c.b.springboot.web.HelloControllerTest   : The following profiles are active: google
2022-01-16 14:12:46.637  INFO 9426 --- [    Test worker] o.s.s.concurrent.ThreadPoolTaskExecutor  : Initializing ExecutorService 'applicationTaskExecutor'
2022-01-16 14:12:46.730  INFO 9426 --- [    Test worker] o.s.b.a.w.s.WelcomePageHandlerMapping    : Adding welcome page template: index
2022-01-16 14:12:46.976  INFO 9426 --- [    Test worker] .s.s.UserDetailsServiceAutoConfiguration : 

Using generated security password: de7688eb-bc10-4b77-b0d1-289ba1904e67

2022-01-16 14:12:47.148  INFO 9426 --- [    Test worker] o.s.s.web.DefaultSecurityFilterChain     : Creating filter chain: any request, [org.springframework.security.web.context.request.async.WebAsyncManagerIntegrationFilter@3448564d, org.springframework.security.web.context.SecurityContextPersistenceFilter@16142974, org.springframework.security.web.header.HeaderWriterFilter@18962705, org.springframework.security.web.csrf.CsrfFilter@12cfcbb2, org.springframework.security.web.authentication.logout.LogoutFilter@1ab589c1, org.springframework.security.web.authentication.UsernamePasswordAuthenticationFilter@6dfdda5a, org.springframework.security.web.authentication.ui.DefaultLoginPageGeneratingFilter@fe749a8, org.springframework.security.web.authentication.ui.DefaultLogoutPageGeneratingFilter@778b22b2, org.springframework.security.web.authentication.www.BasicAuthenticationFilter@64331bef, org.springframework.security.web.savedrequest.RequestCacheAwareFilter@777a2e33, org.springframework.security.web.servletapi.SecurityContextHolderAwareRequestFilter@41ef0f2b, org.springframework.security.web.authentication.AnonymousAuthenticationFilter@4c1910ec, org.springframework.security.web.session.SessionManagementFilter@20f3e19, org.springframework.security.web.access.ExceptionTranslationFilter@37c3cdfb, org.springframework.security.web.access.intercept.FilterSecurityInterceptor@23da4389]
2022-01-16 14:12:47.193  INFO 9426 --- [    Test worker] o.s.b.t.m.w.SpringBootMockServletContext : Initializing Spring TestDispatcherServlet ''
2022-01-16 14:12:47.194  INFO 9426 --- [    Test worker] o.s.t.web.servlet.TestDispatcherServlet  : Initializing Servlet ''
2022-01-16 14:12:47.206  INFO 9426 --- [    Test worker] o.s.t.web.servlet.TestDispatcherServlet  : Completed initialization in 12 ms
2022-01-16 14:12:47.233  INFO 9426 --- [    Test worker] c.b.springboot.web.HelloControllerTest   : Started HelloControllerTest in 2.163 seconds (JVM running for 3.473)
]]></system-out>
  <system-err><![CDATA[]]></system-err>
</testsuite>
