<?xml version="1.0" encoding="UTF-8"?>
<<<<<<< HEAD
<testsuite name="com.book.springboot.web.IndexControllerTest" tests="1" skipped="0" failures="0" errors="0" timestamp="2022-01-16T05:12:52" hostname="baggioui-MacBook-Pro.local" time="0.069">
  <properties/>
  <testcase name="메인페이지_로딩()" classname="com.book.springboot.web.IndexControllerTest" time="0.069"/>
  <system-out><![CDATA[2022-01-16 14:12:51.284  INFO 9426 --- [    Test worker] .b.t.c.SpringBootTestContextBootstrapper : Neither @ContextConfiguration nor @ContextHierarchy found for test class [com.book.springboot.web.IndexControllerTest], using SpringBootContextLoader
2022-01-16 14:12:51.285  INFO 9426 --- [    Test worker] o.s.t.c.support.AbstractContextLoader    : Could not detect default resource locations for test class [com.book.springboot.web.IndexControllerTest]: no resource found for suffixes {-context.xml, Context.groovy}.
2022-01-16 14:12:51.286  INFO 9426 --- [    Test worker] t.c.s.AnnotationConfigContextLoaderUtils : Could not detect default configuration classes for test class [com.book.springboot.web.IndexControllerTest]: IndexControllerTest does not declare any static, non-private, non-final, nested classes annotated with @Configuration.
2022-01-16 14:12:51.288  INFO 9426 --- [    Test worker] .b.t.c.SpringBootTestContextBootstrapper : Found @SpringBootConfiguration com.book.springboot.Application for test class com.book.springboot.web.IndexControllerTest
2022-01-16 14:12:51.290  INFO 9426 --- [    Test worker] .b.t.c.SpringBootTestContextBootstrapper : Loaded default TestExecutionListener class names from location [META-INF/spring.factories]: [org.springframework.security.test.context.support.WithSecurityContextTestExecutionListener, org.springframework.security.test.context.support.ReactorContextTestExecutionListener, org.springframework.boot.test.autoconfigure.restdocs.RestDocsTestExecutionListener, org.springframework.boot.test.autoconfigure.web.client.MockRestServiceServerResetTestExecutionListener, org.springframework.boot.test.autoconfigure.web.servlet.MockMvcPrintOnlyOnFailureTestExecutionListener, org.springframework.boot.test.autoconfigure.web.servlet.WebDriverTestExecutionListener, org.springframework.boot.test.mock.mockito.MockitoTestExecutionListener, org.springframework.boot.test.mock.mockito.ResetMocksTestExecutionListener, org.springframework.test.context.web.ServletTestExecutionListener, org.springframework.test.context.support.DirtiesContextBeforeModesTestExecutionListener, org.springframework.test.context.support.DependencyInjectionTestExecutionListener, org.springframework.test.context.support.DirtiesContextTestExecutionListener, org.springframework.test.context.transaction.TransactionalTestExecutionListener, org.springframework.test.context.jdbc.SqlScriptsTestExecutionListener, org.springframework.test.context.event.EventPublishingTestExecutionListener]
2022-01-16 14:12:51.290  INFO 9426 --- [    Test worker] .b.t.c.SpringBootTestContextBootstrapper : Using TestExecutionListeners: [org.springframework.test.context.web.ServletTestExecutionListener@198665bf, org.springframework.test.context.support.DirtiesContextBeforeModesTestExecutionListener@6f5ceebc, org.springframework.boot.test.mock.mockito.MockitoTestExecutionListener@1514208a, org.springframework.boot.test.autoconfigure.SpringBootDependencyInjectionTestExecutionListener@65590594, org.springframework.test.context.support.DirtiesContextTestExecutionListener@4f583f1d, org.springframework.test.context.transaction.TransactionalTestExecutionListener@47790144, org.springframework.test.context.jdbc.SqlScriptsTestExecutionListener@735d7951, org.springframework.security.test.context.support.WithSecurityContextTestExecutionListener@5e85b70b, org.springframework.test.context.event.EventPublishingTestExecutionListener@502bcb11, org.springframework.security.test.context.support.ReactorContextTestExecutionListener@5f579371, org.springframework.boot.test.autoconfigure.restdocs.RestDocsTestExecutionListener@47d8fe3b, org.springframework.boot.test.autoconfigure.web.client.MockRestServiceServerResetTestExecutionListener@34962424, org.springframework.boot.test.autoconfigure.web.servlet.MockMvcPrintOnlyOnFailureTestExecutionListener@3aeb12e4, org.springframework.boot.test.autoconfigure.web.servlet.WebDriverTestExecutionListener@59c4c2d3, org.springframework.boot.test.mock.mockito.ResetMocksTestExecutionListener@596dd6f6]
=======
<<<<<<< HEAD
=======
<<<<<<< HEAD
<testsuite name="com.book.springboot.web.IndexControllerTest" tests="1" skipped="0" failures="0" errors="0" timestamp="2022-01-16T01:22:32" hostname="springboot2-webservice" time="0.176">
  <properties/>
  <testcase name="메인페이지_로딩()" classname="com.book.springboot.web.IndexControllerTest" time="0.176"/>
  <system-out><![CDATA[2022-01-16 10:22:29.185  INFO 1037 --- [    Test worker] .b.t.c.SpringBootTestContextBootstrapper : Neither @ContextConfiguration nor @ContextHierarchy found for test class [com.book.springboot.web.IndexControllerTest], using SpringBootContextLoader
2022-01-16 10:22:29.186  INFO 1037 --- [    Test worker] o.s.t.c.support.AbstractContextLoader    : Could not detect default resource locations for test class [com.book.springboot.web.IndexControllerTest]: no resource found for suffixes {-context.xml, Context.groovy}.
2022-01-16 10:22:29.187  INFO 1037 --- [    Test worker] t.c.s.AnnotationConfigContextLoaderUtils : Could not detect default configuration classes for test class [com.book.springboot.web.IndexControllerTest]: IndexControllerTest does not declare any static, non-private, non-final, nested classes annotated with @Configuration.
2022-01-16 10:22:29.192  INFO 1037 --- [    Test worker] .b.t.c.SpringBootTestContextBootstrapper : Found @SpringBootConfiguration com.book.springboot.Application for test class com.book.springboot.web.IndexControllerTest
2022-01-16 10:22:29.199  INFO 1037 --- [    Test worker] .b.t.c.SpringBootTestContextBootstrapper : Loaded default TestExecutionListener class names from location [META-INF/spring.factories]: [org.springframework.security.test.context.support.WithSecurityContextTestExecutionListener, org.springframework.security.test.context.support.ReactorContextTestExecutionListener, org.springframework.boot.test.autoconfigure.restdocs.RestDocsTestExecutionListener, org.springframework.boot.test.autoconfigure.web.client.MockRestServiceServerResetTestExecutionListener, org.springframework.boot.test.autoconfigure.web.servlet.MockMvcPrintOnlyOnFailureTestExecutionListener, org.springframework.boot.test.autoconfigure.web.servlet.WebDriverTestExecutionListener, org.springframework.boot.test.mock.mockito.MockitoTestExecutionListener, org.springframework.boot.test.mock.mockito.ResetMocksTestExecutionListener, org.springframework.test.context.web.ServletTestExecutionListener, org.springframework.test.context.support.DirtiesContextBeforeModesTestExecutionListener, org.springframework.test.context.support.DependencyInjectionTestExecutionListener, org.springframework.test.context.support.DirtiesContextTestExecutionListener, org.springframework.test.context.transaction.TransactionalTestExecutionListener, org.springframework.test.context.jdbc.SqlScriptsTestExecutionListener, org.springframework.test.context.event.EventPublishingTestExecutionListener]
2022-01-16 10:22:29.207  INFO 1037 --- [    Test worker] .b.t.c.SpringBootTestContextBootstrapper : Using TestExecutionListeners: [org.springframework.test.context.web.ServletTestExecutionListener@8efeb6b, org.springframework.test.context.support.DirtiesContextBeforeModesTestExecutionListener@4447ff84, org.springframework.boot.test.mock.mockito.MockitoTestExecutionListener@2c427acf, org.springframework.boot.test.autoconfigure.SpringBootDependencyInjectionTestExecutionListener@a6105b5, org.springframework.test.context.support.DirtiesContextTestExecutionListener@7da20321, org.springframework.test.context.transaction.TransactionalTestExecutionListener@66268ce, org.springframework.test.context.jdbc.SqlScriptsTestExecutionListener@3949fecf, org.springframework.security.test.context.support.WithSecurityContextTestExecutionListener@3b0708fe, org.springframework.test.context.event.EventPublishingTestExecutionListener@56d1afb4, org.springframework.security.test.context.support.ReactorContextTestExecutionListener@43e089b8, org.springframework.boot.test.autoconfigure.restdocs.RestDocsTestExecutionListener@35a9a88d, org.springframework.boot.test.autoconfigure.web.client.MockRestServiceServerResetTestExecutionListener@366a163e, org.springframework.boot.test.autoconfigure.web.servlet.MockMvcPrintOnlyOnFailureTestExecutionListener@6d9da348, org.springframework.boot.test.autoconfigure.web.servlet.WebDriverTestExecutionListener@2af75a0a, org.springframework.boot.test.mock.mockito.ResetMocksTestExecutionListener@52627219]
=======
>>>>>>> eab7313 (Git 초기화)
<testsuite name="com.book.springboot.web.IndexControllerTest" tests="1" skipped="0" failures="0" errors="0" timestamp="2022-01-16T01:19:21" hostname="baggioui-MacBook-Pro.local" time="0.088">
  <properties/>
  <testcase name="메인페이지_로딩()" classname="com.book.springboot.web.IndexControllerTest" time="0.088"/>
  <system-out><![CDATA[2022-01-16 10:19:19.898  INFO 4479 --- [    Test worker] .b.t.c.SpringBootTestContextBootstrapper : Neither @ContextConfiguration nor @ContextHierarchy found for test class [com.book.springboot.web.IndexControllerTest], using SpringBootContextLoader
2022-01-16 10:19:19.899  INFO 4479 --- [    Test worker] o.s.t.c.support.AbstractContextLoader    : Could not detect default resource locations for test class [com.book.springboot.web.IndexControllerTest]: no resource found for suffixes {-context.xml, Context.groovy}.
2022-01-16 10:19:19.900  INFO 4479 --- [    Test worker] t.c.s.AnnotationConfigContextLoaderUtils : Could not detect default configuration classes for test class [com.book.springboot.web.IndexControllerTest]: IndexControllerTest does not declare any static, non-private, non-final, nested classes annotated with @Configuration.
2022-01-16 10:19:19.903  INFO 4479 --- [    Test worker] .b.t.c.SpringBootTestContextBootstrapper : Found @SpringBootConfiguration com.book.springboot.Application for test class com.book.springboot.web.IndexControllerTest
2022-01-16 10:19:19.906  INFO 4479 --- [    Test worker] .b.t.c.SpringBootTestContextBootstrapper : Loaded default TestExecutionListener class names from location [META-INF/spring.factories]: [org.springframework.security.test.context.support.WithSecurityContextTestExecutionListener, org.springframework.security.test.context.support.ReactorContextTestExecutionListener, org.springframework.boot.test.autoconfigure.restdocs.RestDocsTestExecutionListener, org.springframework.boot.test.autoconfigure.web.client.MockRestServiceServerResetTestExecutionListener, org.springframework.boot.test.autoconfigure.web.servlet.MockMvcPrintOnlyOnFailureTestExecutionListener, org.springframework.boot.test.autoconfigure.web.servlet.WebDriverTestExecutionListener, org.springframework.boot.test.mock.mockito.MockitoTestExecutionListener, org.springframework.boot.test.mock.mockito.ResetMocksTestExecutionListener, org.springframework.test.context.web.ServletTestExecutionListener, org.springframework.test.context.support.DirtiesContextBeforeModesTestExecutionListener, org.springframework.test.context.support.DependencyInjectionTestExecutionListener, org.springframework.test.context.support.DirtiesContextTestExecutionListener, org.springframework.test.context.transaction.TransactionalTestExecutionListener, org.springframework.test.context.jdbc.SqlScriptsTestExecutionListener, org.springframework.test.context.event.EventPublishingTestExecutionListener]
2022-01-16 10:19:19.907  INFO 4479 --- [    Test worker] .b.t.c.SpringBootTestContextBootstrapper : Using TestExecutionListeners: [org.springframework.test.context.web.ServletTestExecutionListener@6fb12aa6, org.springframework.test.context.support.DirtiesContextBeforeModesTestExecutionListener@4286fb12, org.springframework.boot.test.mock.mockito.MockitoTestExecutionListener@1bf602ab, org.springframework.boot.test.autoconfigure.SpringBootDependencyInjectionTestExecutionListener@609ef12c, org.springframework.test.context.support.DirtiesContextTestExecutionListener@69c1383, org.springframework.test.context.transaction.TransactionalTestExecutionListener@73b72629, org.springframework.test.context.jdbc.SqlScriptsTestExecutionListener@58ff91ae, org.springframework.security.test.context.support.WithSecurityContextTestExecutionListener@4fff0c0c, org.springframework.test.context.event.EventPublishingTestExecutionListener@29191e7b, org.springframework.security.test.context.support.ReactorContextTestExecutionListener@6355f31f, org.springframework.boot.test.autoconfigure.restdocs.RestDocsTestExecutionListener@47037c3a, org.springframework.boot.test.autoconfigure.web.client.MockRestServiceServerResetTestExecutionListener@70ab97ba, org.springframework.boot.test.autoconfigure.web.servlet.MockMvcPrintOnlyOnFailureTestExecutionListener@11a0a512, org.springframework.boot.test.autoconfigure.web.servlet.WebDriverTestExecutionListener@5d216132, org.springframework.boot.test.mock.mockito.ResetMocksTestExecutionListener@11f2400]
<<<<<<< HEAD
=======
>>>>>>> d9bad4e35dba970b9423fc7634e9c8edc1da1251
>>>>>>> eab7313 (Git 초기화)
>>>>>>> e48ece4e5b66271c829083108533d5461f457084

  .   ____          _            __ _ _
 /\\ / ___'_ __ _ _(_)_ __  __ _ \ \ \ \
( ( )\___ | '_ | '_| | '_ \/ _` | \ \ \ \
 \\/  ___)| |_)| | | | | || (_| |  ) ) ) )
  '  |____| .__|_| |_|_| |_\__, | / / / /
 =========|_|==============|___/=/_/_/_/
 :: Spring Boot ::        (v2.2.1.RELEASE)

<<<<<<< HEAD
2022-01-16 14:12:51.325  INFO 9426 --- [    Test worker] c.b.springboot.web.IndexControllerTest   : Starting IndexControllerTest on baggioui-MacBook-Pro.local with PID 9426 (started by parkkio in /Users/parkkio/Desktop/study/book-test)
2022-01-16 14:12:51.325  INFO 9426 --- [    Test worker] c.b.springboot.web.IndexControllerTest   : The following profiles are active: google
2022-01-16 14:12:51.492  INFO 9426 --- [    Test worker] .s.d.r.c.RepositoryConfigurationDelegate : Bootstrapping Spring Data repositories in DEFAULT mode.
2022-01-16 14:12:51.507  INFO 9426 --- [    Test worker] .s.d.r.c.RepositoryConfigurationDelegate : Finished Spring Data repository scanning in 14ms. Found 2 repository interfaces.
2022-01-16 14:12:51.602  INFO 9426 --- [    Test worker] trationDelegate$BeanPostProcessorChecker : Bean 'org.springframework.transaction.annotation.ProxyTransactionManagementConfiguration' of type [org.springframework.transaction.annotation.ProxyTransactionManagementConfiguration] is not eligible for getting processed by all BeanPostProcessors (for example: not eligible for auto-proxying)
2022-01-16 14:12:51.648  INFO 9426 --- [    Test worker] c.g.g.b.j.d.p6spy.P6SpyConfiguration     : P6Spy modulelist is overridden, some p6spy configuration features will not be applied
2022-01-16 14:12:51.686  INFO 9426 --- [    Test worker] o.hibernate.jpa.internal.util.LogHelper  : HHH000204: Processing PersistenceUnitInfo [name: default]
2022-01-16 14:12:51.691  INFO 9426 --- [    Test worker] com.zaxxer.hikari.HikariDataSource       : HikariPool-2 - Starting...
2022-01-16 14:12:51.692  INFO 9426 --- [    Test worker] com.zaxxer.hikari.HikariDataSource       : HikariPool-2 - Start completed.
2022-01-16 14:12:51.692  INFO 9426 --- [    Test worker] org.hibernate.dialect.Dialect            : HHH000400: Using dialect: org.hibernate.dialect.H2Dialect
=======
<<<<<<< HEAD
=======
<<<<<<< HEAD
2022-01-16 10:22:29.278  INFO 1037 --- [    Test worker] c.b.springboot.web.IndexControllerTest   : Starting IndexControllerTest on springboot2-webservice with PID 1037 (started by ec2-user in /home/ec2-user/app/step1/book-test)
2022-01-16 10:22:29.278  INFO 1037 --- [    Test worker] c.b.springboot.web.IndexControllerTest   : No active profile set, falling back to default profiles: default
2022-01-16 10:22:29.717  INFO 1037 --- [    Test worker] .s.d.r.c.RepositoryConfigurationDelegate : Bootstrapping Spring Data repositories in DEFAULT mode.
2022-01-16 10:22:29.739  INFO 1037 --- [    Test worker] .s.d.r.c.RepositoryConfigurationDelegate : Finished Spring Data repository scanning in 21ms. Found 2 repository interfaces.
2022-01-16 10:22:29.969  INFO 1037 --- [    Test worker] trationDelegate$BeanPostProcessorChecker : Bean 'org.springframework.transaction.annotation.ProxyTransactionManagementConfiguration' of type [org.springframework.transaction.annotation.ProxyTransactionManagementConfiguration] is not eligible for getting processed by all BeanPostProcessors (for example: not eligible for auto-proxying)
2022-01-16 10:22:30.103  INFO 1037 --- [    Test worker] c.g.g.b.j.d.p6spy.P6SpyConfiguration     : P6Spy modulelist is overridden, some p6spy configuration features will not be applied
2022-01-16 10:22:30.170  INFO 1037 --- [    Test worker] com.zaxxer.hikari.HikariDataSource       : HikariPool-2 - Starting...
2022-01-16 10:22:30.173  INFO 1037 --- [    Test worker] com.zaxxer.hikari.HikariDataSource       : HikariPool-2 - Start completed.
2022-01-16 10:22:30.194  INFO 1037 --- [    Test worker] o.hibernate.jpa.internal.util.LogHelper  : HHH000204: Processing PersistenceUnitInfo [name: default]
2022-01-16 10:22:30.211  INFO 1037 --- [    Test worker] org.hibernate.dialect.Dialect            : HHH000400: Using dialect: org.hibernate.dialect.H2Dialect
Hibernate: drop table posts if exists
2022-01-16 10:22:30.345  INFO 1037 --- [    Test worker] p6spy                                    : #1642296150345 | took 7ms | statement | connection 18| url jdbc:h2:mem:testdb
drop table posts if exists
drop table posts if exists;
Hibernate: drop table user if exists
2022-01-16 10:22:30.348  INFO 1037 --- [    Test worker] p6spy                                    : #1642296150348 | took 0ms | statement | connection 18| url jdbc:h2:mem:testdb
drop table user if exists
drop table user if exists;
Hibernate: drop sequence if exists hibernate_sequence
2022-01-16 10:22:30.354  INFO 1037 --- [    Test worker] p6spy                                    : #1642296150354 | took 0ms | statement | connection 18| url jdbc:h2:mem:testdb
drop sequence if exists hibernate_sequence
drop sequence if exists hibernate_sequence;
Hibernate: create sequence hibernate_sequence start with 1 increment by 1
2022-01-16 10:22:30.357  INFO 1037 --- [    Test worker] p6spy                                    : #1642296150357 | took 0ms | statement | connection 19| url jdbc:h2:mem:testdb
create sequence hibernate_sequence start with 1 increment by 1
create sequence hibernate_sequence start with 1 increment by 1;
Hibernate: create table posts (id bigint generated by default as identity, created_date timestamp, last_modified_date timestamp, author varchar(255), content TEXT not null, title varchar(500) not null, primary key (id))
2022-01-16 10:22:30.360  INFO 1037 --- [    Test worker] p6spy                                    : #1642296150360 | took 1ms | statement | connection 19| url jdbc:h2:mem:testdb
create table posts (id bigint generated by default as identity, created_date timestamp, last_modified_date timestamp, author varchar(255), content TEXT not null, title varchar(500) not null, primary key (id))
create table posts (id bigint generated by default as identity, created_date timestamp, last_modified_date timestamp, author varchar(255), content TEXT not null, title varchar(500) not null, primary key (id));
Hibernate: create table user (id bigint not null, created_date timestamp, last_modified_date timestamp, email varchar(255) not null, name varchar(255) not null, picture varchar(255), role varchar(255) not null, primary key (id))
2022-01-16 10:22:30.366  INFO 1037 --- [    Test worker] p6spy                                    : #1642296150366 | took 0ms | statement | connection 19| url jdbc:h2:mem:testdb
create table user (id bigint not null, created_date timestamp, last_modified_date timestamp, email varchar(255) not null, name varchar(255) not null, picture varchar(255), role varchar(255) not null, primary key (id))
create table user (id bigint not null, created_date timestamp, last_modified_date timestamp, email varchar(255) not null, name varchar(255) not null, picture varchar(255), role varchar(255) not null, primary key (id));
2022-01-16 10:22:30.369  INFO 1037 --- [    Test worker] o.h.e.t.j.p.i.JtaPlatformInitiator       : HHH000490: Using JtaPlatform implementation: [org.hibernate.engine.transaction.jta.platform.internal.NoJtaPlatform]
2022-01-16 10:22:30.370  INFO 1037 --- [    Test worker] j.LocalContainerEntityManagerFactoryBean : Initialized JPA EntityManagerFactory for persistence unit 'default'
2022-01-16 10:22:30.618  WARN 1037 --- [    Test worker] JpaBaseConfiguration$JpaWebConfiguration : spring.jpa.open-in-view is enabled by default. Therefore, database queries may be performed during view rendering. Explicitly configure spring.jpa.open-in-view to disable this warning
2022-01-16 10:22:31.019  INFO 1037 --- [    Test worker] o.s.s.web.DefaultSecurityFilterChain     : Creating filter chain: any request, [org.springframework.security.web.context.request.async.WebAsyncManagerIntegrationFilter@6b152560, org.springframework.security.web.context.SecurityContextPersistenceFilter@a1ec1f7, org.springframework.security.web.header.HeaderWriterFilter@41c72736, org.springframework.security.web.authentication.logout.LogoutFilter@7392b225, org.springframework.security.oauth2.client.web.OAuth2AuthorizationRequestRedirectFilter@26d6309a, org.springframework.security.oauth2.client.web.OAuth2LoginAuthenticationFilter@7d838935, org.springframework.security.web.authentication.ui.DefaultLoginPageGeneratingFilter@6694851b, org.springframework.security.web.authentication.ui.DefaultLogoutPageGeneratingFilter@2acbeae7, org.springframework.security.web.savedrequest.RequestCacheAwareFilter@60d13a6f, org.springframework.security.web.servletapi.SecurityContextHolderAwareRequestFilter@18d75fd4, org.springframework.security.web.authentication.AnonymousAuthenticationFilter@3d0e5dc4, org.springframework.security.web.session.SessionManagementFilter@19dcfc21, org.springframework.security.web.access.ExceptionTranslationFilter@21597f84, org.springframework.security.web.access.intercept.FilterSecurityInterceptor@75768d28]
2022-01-16 10:22:31.388  INFO 1037 --- [    Test worker] o.s.s.concurrent.ThreadPoolTaskExecutor  : Initializing ExecutorService 'applicationTaskExecutor'
2022-01-16 10:22:31.453  INFO 1037 --- [    Test worker] o.s.b.a.w.s.WelcomePageHandlerMapping    : Adding welcome page template: index
2022-01-16 10:22:31.729  INFO 1037 --- [    Test worker] o.s.b.a.h2.H2ConsoleAutoConfiguration    : H2 console available at '/h2-console'. Database available at 'jdbc:h2:mem:testdb'
2022-01-16 10:22:31.870  INFO 1037 --- [    Test worker] p6spy                                    : #1642296151870 | took 0ms | statement | connection 25| url jdbc:h2:mem:testdb
CREATE TABLE SPRING_SESSION ( PRIMARY_ID CHAR(36) NOT NULL, SESSION_ID CHAR(36) NOT NULL, CREATION_TIME BIGINT NOT NULL, LAST_ACCESS_TIME BIGINT NOT NULL, MAX_INACTIVE_INTERVAL INT NOT NULL, EXPIRY_TIME BIGINT NOT NULL, PRINCIPAL_NAME VARCHAR(100), CONSTRAINT SPRING_SESSION_PK PRIMARY KEY (PRIMARY_ID) )
CREATE TABLE SPRING_SESSION ( PRIMARY_ID CHAR(36) NOT NULL, SESSION_ID CHAR(36) NOT NULL, CREATION_TIME BIGINT NOT NULL, LAST_ACCESS_TIME BIGINT NOT NULL, MAX_INACTIVE_INTERVAL INT NOT NULL, EXPIRY_TIME BIGINT NOT NULL, PRINCIPAL_NAME VARCHAR(100), CONSTRAINT SPRING_SESSION_PK PRIMARY KEY (PRIMARY_ID) );
2022-01-16 10:22:31.872  INFO 1037 --- [    Test worker] p6spy                                    : #1642296151872 | took 0ms | statement | connection 25| url jdbc:h2:mem:testdb
CREATE UNIQUE INDEX SPRING_SESSION_IX1 ON SPRING_SESSION (SESSION_ID)
CREATE UNIQUE INDEX SPRING_SESSION_IX1 ON SPRING_SESSION (SESSION_ID);
2022-01-16 10:22:31.873  INFO 1037 --- [    Test worker] p6spy                                    : #1642296151873 | took 0ms | statement | connection 25| url jdbc:h2:mem:testdb
CREATE INDEX SPRING_SESSION_IX2 ON SPRING_SESSION (EXPIRY_TIME)
CREATE INDEX SPRING_SESSION_IX2 ON SPRING_SESSION (EXPIRY_TIME);
2022-01-16 10:22:31.874  INFO 1037 --- [    Test worker] p6spy                                    : #1642296151874 | took 0ms | statement | connection 25| url jdbc:h2:mem:testdb
CREATE INDEX SPRING_SESSION_IX3 ON SPRING_SESSION (PRINCIPAL_NAME)
CREATE INDEX SPRING_SESSION_IX3 ON SPRING_SESSION (PRINCIPAL_NAME);
2022-01-16 10:22:31.876  INFO 1037 --- [    Test worker] p6spy                                    : #1642296151876 | took 0ms | statement | connection 25| url jdbc:h2:mem:testdb
CREATE TABLE SPRING_SESSION_ATTRIBUTES ( SESSION_PRIMARY_ID CHAR(36) NOT NULL, ATTRIBUTE_NAME VARCHAR(200) NOT NULL, ATTRIBUTE_BYTES LONGVARBINARY NOT NULL, CONSTRAINT SPRING_SESSION_ATTRIBUTES_PK PRIMARY KEY (SESSION_PRIMARY_ID, ATTRIBUTE_NAME), CONSTRAINT SPRING_SESSION_ATTRIBUTES_FK FOREIGN KEY (SESSION_PRIMARY_ID) REFERENCES SPRING_SESSION(PRIMARY_ID) ON DELETE CASCADE )
CREATE TABLE SPRING_SESSION_ATTRIBUTES ( SESSION_PRIMARY_ID CHAR(36) NOT NULL, ATTRIBUTE_NAME VARCHAR(200) NOT NULL, ATTRIBUTE_BYTES LONGVARBINARY NOT NULL, CONSTRAINT SPRING_SESSION_ATTRIBUTES_PK PRIMARY KEY (SESSION_PRIMARY_ID, ATTRIBUTE_NAME), CONSTRAINT SPRING_SESSION_ATTRIBUTES_FK FOREIGN KEY (SESSION_PRIMARY_ID) REFERENCES SPRING_SESSION(PRIMARY_ID) ON DELETE CASCADE );
2022-01-16 10:22:31.955  INFO 1037 --- [    Test worker] o.s.b.t.m.w.SpringBootMockServletContext : Initializing Spring TestDispatcherServlet ''
2022-01-16 10:22:31.959  INFO 1037 --- [    Test worker] o.s.t.web.servlet.TestDispatcherServlet  : Initializing Servlet ''
2022-01-16 10:22:31.971  INFO 1037 --- [    Test worker] o.s.t.web.servlet.TestDispatcherServlet  : Completed initialization in 10 ms
2022-01-16 10:22:31.991  INFO 1037 --- [    Test worker] s.a.ScheduledAnnotationBeanPostProcessor : No TaskScheduler/ScheduledExecutorService bean found for scheduled processing
2022-01-16 10:22:31.996  INFO 1037 --- [    Test worker] c.b.springboot.web.IndexControllerTest   : Started IndexControllerTest in 2.77 seconds (JVM running for 24.866)
2022-01-16 10:22:32.018  INFO 1037 --- [    Test worker] o.s.t.c.transaction.TransactionContext   : Began transaction (1) for test context [DefaultTestContext@1220eef9 testClass = IndexControllerTest, testInstance = com.book.springboot.web.IndexControllerTest@67dd2eee, testMethod = 메인페이지_로딩@IndexControllerTest, testException = [null], mergedContextConfiguration = [WebMergedContextConfiguration@2141d1bc testClass = IndexControllerTest, locations = '{}', classes = '{class com.book.springboot.Application}', contextInitializerClasses = '[]', activeProfiles = '{}', propertySourceLocations = '{}', propertySourceProperties = '{org.springframework.boot.test.context.SpringBootTestContextBootstrapper=true}', contextCustomizers = set[org.springframework.boot.test.autoconfigure.properties.PropertyMappingContextCustomizer@4b3fa0b3, org.springframework.boot.test.autoconfigure.web.servlet.WebDriverContextCustomizerFactory$Customizer@fb4ac98, [ImportsContextCustomizer@36f4e154 key = [org.springframework.boot.test.autoconfigure.web.servlet.MockMvcAutoConfiguration, org.springframework.boot.test.autoconfigure.web.servlet.MockMvcWebClientAutoConfiguration, org.springframework.boot.test.autoconfigure.web.servlet.MockMvcWebDriverAutoConfiguration, org.springframework.boot.autoconfigure.security.servlet.SecurityAutoConfiguration, org.springframework.boot.autoconfigure.security.servlet.UserDetailsServiceAutoConfiguration, org.springframework.boot.test.autoconfigure.web.servlet.MockMvcSecurityConfiguration]], org.springframework.boot.test.context.filter.ExcludeFilterContextCustomizer@50c8ddd4, org.springframework.boot.test.json.DuplicateJsonObjectContextCustomizerFactory$DuplicateJsonObjectContextCustomizer@13adfd9, org.springframework.boot.test.mock.mockito.MockitoContextCustomizer@0, org.springframework.boot.test.web.client.TestRestTemplateContextCustomizer@74371ee6], resourceBasePath = 'src/main/webapp', contextLoader = 'org.springframework.boot.test.context.SpringBootContextLoader', parent = [null]], attributes = map['org.springframework.test.context.web.ServletTestExecutionListener.activateListener' -> true, 'org.springframework.test.context.web.ServletTestExecutionListener.populatedRequestContextHolder' -> true, 'org.springframework.test.context.web.ServletTestExecutionListener.resetRequestContextHolder' -> true]]; transaction manager [org.springframework.orm.jpa.JpaTransactionManager@6a55bb8d]; rollback [true]
Hibernate: select posts0_.id as id1_0_, posts0_.created_date as created_2_0_, posts0_.last_modified_date as last_mod3_0_, posts0_.author as author4_0_, posts0_.content as content5_0_, posts0_.title as title6_0_ from posts posts0_ order by posts0_.id desc
2022-01-16 10:22:32.095  INFO 1037 --- [    Test worker] p6spy                                    : #1642296152095 | took 0ms | statement | connection 26| url jdbc:h2:mem:testdb
select posts0_.id as id1_0_, posts0_.created_date as created_2_0_, posts0_.last_modified_date as last_mod3_0_, posts0_.author as author4_0_, posts0_.content as content5_0_, posts0_.title as title6_0_ from posts posts0_ order by posts0_.id desc
select posts0_.id as id1_0_, posts0_.created_date as created_2_0_, posts0_.last_modified_date as last_mod3_0_, posts0_.author as author4_0_, posts0_.content as content5_0_, posts0_.title as title6_0_ from posts posts0_ order by posts0_.id desc;
2022-01-16 10:22:32.143  INFO 1037 --- [    Test worker] p6spy                                    : #1642296152143 | took 3ms | statement | connection 27| url jdbc:h2:mem:testdb
INSERT INTO SPRING_SESSION(PRIMARY_ID, SESSION_ID, CREATION_TIME, LAST_ACCESS_TIME, MAX_INACTIVE_INTERVAL, EXPIRY_TIME, PRINCIPAL_NAME) VALUES (?, ?, ?, ?, ?, ?, ?)
INSERT INTO SPRING_SESSION(PRIMARY_ID, SESSION_ID, CREATION_TIME, LAST_ACCESS_TIME, MAX_INACTIVE_INTERVAL, EXPIRY_TIME, PRINCIPAL_NAME) VALUES ('d4fffdf7-09d0-416e-a353-f60fb28b7da4', 'c895a4bd-d5b8-4a0c-b969-755c31a8ae91', 1642296152061, 1642296152062, 1800, 1642297952062, NULL);
2022-01-16 10:22:32.145  INFO 1037 --- [    Test worker] p6spy                                    : #1642296152145 | took 0ms | commit | connection 27| url jdbc:h2:mem:testdb

;
2022-01-16 10:22:32.168  INFO 1037 --- [    Test worker] p6spy                                    : #1642296152168 | took 0ms | rollback | connection 26| url jdbc:h2:mem:testdb

;
2022-01-16 10:22:32.174  INFO 1037 --- [    Test worker] o.s.t.c.transaction.TransactionContext   : Rolled back transaction for test: [DefaultTestContext@1220eef9 testClass = IndexControllerTest, testInstance = com.book.springboot.web.IndexControllerTest@67dd2eee, testMethod = 메인페이지_로딩@IndexControllerTest, testException = [null], mergedContextConfiguration = [WebMergedContextConfiguration@2141d1bc testClass = IndexControllerTest, locations = '{}', classes = '{class com.book.springboot.Application}', contextInitializerClasses = '[]', activeProfiles = '{}', propertySourceLocations = '{}', propertySourceProperties = '{org.springframework.boot.test.context.SpringBootTestContextBootstrapper=true}', contextCustomizers = set[org.springframework.boot.test.autoconfigure.properties.PropertyMappingContextCustomizer@4b3fa0b3, org.springframework.boot.test.autoconfigure.web.servlet.WebDriverContextCustomizerFactory$Customizer@fb4ac98, [ImportsContextCustomizer@36f4e154 key = [org.springframework.boot.test.autoconfigure.web.servlet.MockMvcAutoConfiguration, org.springframework.boot.test.autoconfigure.web.servlet.MockMvcWebClientAutoConfiguration, org.springframework.boot.test.autoconfigure.web.servlet.MockMvcWebDriverAutoConfiguration, org.springframework.boot.autoconfigure.security.servlet.SecurityAutoConfiguration, org.springframework.boot.autoconfigure.security.servlet.UserDetailsServiceAutoConfiguration, org.springframework.boot.test.autoconfigure.web.servlet.MockMvcSecurityConfiguration]], org.springframework.boot.test.context.filter.ExcludeFilterContextCustomizer@50c8ddd4, org.springframework.boot.test.json.DuplicateJsonObjectContextCustomizerFactory$DuplicateJsonObjectContextCustomizer@13adfd9, org.springframework.boot.test.mock.mockito.MockitoContextCustomizer@0, org.springframework.boot.test.web.client.TestRestTemplateContextCustomizer@74371ee6], resourceBasePath = 'src/main/webapp', contextLoader = 'org.springframework.boot.test.context.SpringBootContextLoader', parent = [null]], attributes = map['org.springframework.test.context.web.ServletTestExecutionListener.activateListener' -> true, 'org.springframework.test.context.web.ServletTestExecutionListener.populatedRequestContextHolder' -> true, 'org.springframework.test.context.web.ServletTestExecutionListener.resetRequestContextHolder' -> true]]
=======
>>>>>>> eab7313 (Git 초기화)
2022-01-16 10:19:19.948  INFO 4479 --- [    Test worker] c.b.springboot.web.IndexControllerTest   : Starting IndexControllerTest on baggioui-MacBook-Pro.local with PID 4479 (started by parkkio in /Users/parkkio/Desktop/study/book-test)
2022-01-16 10:19:19.949  INFO 4479 --- [    Test worker] c.b.springboot.web.IndexControllerTest   : No active profile set, falling back to default profiles: default
2022-01-16 10:19:20.162  INFO 4479 --- [    Test worker] .s.d.r.c.RepositoryConfigurationDelegate : Bootstrapping Spring Data repositories in DEFAULT mode.
2022-01-16 10:19:20.179  INFO 4479 --- [    Test worker] .s.d.r.c.RepositoryConfigurationDelegate : Finished Spring Data repository scanning in 16ms. Found 2 repository interfaces.
2022-01-16 10:19:20.300  INFO 4479 --- [    Test worker] trationDelegate$BeanPostProcessorChecker : Bean 'org.springframework.transaction.annotation.ProxyTransactionManagementConfiguration' of type [org.springframework.transaction.annotation.ProxyTransactionManagementConfiguration] is not eligible for getting processed by all BeanPostProcessors (for example: not eligible for auto-proxying)
2022-01-16 10:19:20.357  INFO 4479 --- [    Test worker] c.g.g.b.j.d.p6spy.P6SpyConfiguration     : P6Spy modulelist is overridden, some p6spy configuration features will not be applied
2022-01-16 10:19:20.391  INFO 4479 --- [    Test worker] com.zaxxer.hikari.HikariDataSource       : HikariPool-2 - Starting...
2022-01-16 10:19:20.392  INFO 4479 --- [    Test worker] com.zaxxer.hikari.HikariDataSource       : HikariPool-2 - Start completed.
2022-01-16 10:19:20.407  INFO 4479 --- [    Test worker] o.hibernate.jpa.internal.util.LogHelper  : HHH000204: Processing PersistenceUnitInfo [name: default]
2022-01-16 10:19:20.414  INFO 4479 --- [    Test worker] org.hibernate.dialect.Dialect            : HHH000400: Using dialect: org.hibernate.dialect.H2Dialect
>>>>>>> e48ece4e5b66271c829083108533d5461f457084
Hibernate: drop table posts if exists
2022-01-16 14:12:51.733  INFO 9426 --- [    Test worker] p6spy                                    : #1642309971733 | took 4ms | statement | connection 15| url jdbc:h2:mem:testdb
drop table posts if exists
drop table posts if exists;
Hibernate: drop table user if exists
2022-01-16 14:12:51.735  INFO 9426 --- [    Test worker] p6spy                                    : #1642309971735 | took 0ms | statement | connection 15| url jdbc:h2:mem:testdb
drop table user if exists
drop table user if exists;
Hibernate: drop sequence if exists hibernate_sequence
2022-01-16 14:12:51.736  INFO 9426 --- [    Test worker] p6spy                                    : #1642309971736 | took 0ms | statement | connection 15| url jdbc:h2:mem:testdb
drop sequence if exists hibernate_sequence
drop sequence if exists hibernate_sequence;
Hibernate: create sequence hibernate_sequence start with 1 increment by 1
2022-01-16 14:12:51.736  INFO 9426 --- [    Test worker] p6spy                                    : #1642309971736 | took 0ms | statement | connection 16| url jdbc:h2:mem:testdb
create sequence hibernate_sequence start with 1 increment by 1
create sequence hibernate_sequence start with 1 increment by 1;
Hibernate: create table posts (posts_id bigint not null, created_date timestamp, last_modified_date timestamp, author varchar(255), content TEXT not null, title varchar(500) not null, primary key (posts_id))
2022-01-16 14:12:51.738  INFO 9426 --- [    Test worker] p6spy                                    : #1642309971738 | took 1ms | statement | connection 16| url jdbc:h2:mem:testdb
create table posts (posts_id bigint not null, created_date timestamp, last_modified_date timestamp, author varchar(255), content TEXT not null, title varchar(500) not null, primary key (posts_id))
create table posts (posts_id bigint not null, created_date timestamp, last_modified_date timestamp, author varchar(255), content TEXT not null, title varchar(500) not null, primary key (posts_id));
Hibernate: create table user (id bigint not null, created_date timestamp, last_modified_date timestamp, email varchar(255) not null, name varchar(255) not null, picture varchar(255), role varchar(255) not null, primary key (id))
2022-01-16 14:12:51.739  INFO 9426 --- [    Test worker] p6spy                                    : #1642309971739 | took 1ms | statement | connection 16| url jdbc:h2:mem:testdb
create table user (id bigint not null, created_date timestamp, last_modified_date timestamp, email varchar(255) not null, name varchar(255) not null, picture varchar(255), role varchar(255) not null, primary key (id))
create table user (id bigint not null, created_date timestamp, last_modified_date timestamp, email varchar(255) not null, name varchar(255) not null, picture varchar(255), role varchar(255) not null, primary key (id));
2022-01-16 14:12:51.741  INFO 9426 --- [    Test worker] o.h.e.t.j.p.i.JtaPlatformInitiator       : HHH000490: Using JtaPlatform implementation: [org.hibernate.engine.transaction.jta.platform.internal.NoJtaPlatform]
2022-01-16 14:12:51.741  INFO 9426 --- [    Test worker] j.LocalContainerEntityManagerFactoryBean : Initialized JPA EntityManagerFactory for persistence unit 'default'
2022-01-16 14:12:51.849  WARN 9426 --- [    Test worker] JpaBaseConfiguration$JpaWebConfiguration : spring.jpa.open-in-view is enabled by default. Therefore, database queries may be performed during view rendering. Explicitly configure spring.jpa.open-in-view to disable this warning
2022-01-16 14:12:52.004  INFO 9426 --- [    Test worker] o.s.s.web.DefaultSecurityFilterChain     : Creating filter chain: any request, [org.springframework.security.web.context.request.async.WebAsyncManagerIntegrationFilter@6773f16a, org.springframework.security.web.context.SecurityContextPersistenceFilter@6dee92ac, org.springframework.security.web.header.HeaderWriterFilter@1296f91d, org.springframework.security.web.authentication.logout.LogoutFilter@2b223eb8, org.springframework.security.oauth2.client.web.OAuth2AuthorizationRequestRedirectFilter@6c033ebd, org.springframework.security.oauth2.client.web.OAuth2LoginAuthenticationFilter@112971, org.springframework.security.web.authentication.ui.DefaultLoginPageGeneratingFilter@3cf5d78, org.springframework.security.web.authentication.ui.DefaultLogoutPageGeneratingFilter@74954f29, org.springframework.security.web.savedrequest.RequestCacheAwareFilter@3a417fe5, org.springframework.security.web.servletapi.SecurityContextHolderAwareRequestFilter@1fba37a1, org.springframework.security.web.authentication.AnonymousAuthenticationFilter@11671d0, org.springframework.security.web.session.SessionManagementFilter@7fec60be, org.springframework.security.web.access.ExceptionTranslationFilter@2c3f78ec, org.springframework.security.web.access.intercept.FilterSecurityInterceptor@47ca87fa]
2022-01-16 14:12:52.179  INFO 9426 --- [    Test worker] o.s.s.concurrent.ThreadPoolTaskExecutor  : Initializing ExecutorService 'applicationTaskExecutor'
2022-01-16 14:12:52.205  INFO 9426 --- [    Test worker] o.s.b.a.w.s.WelcomePageHandlerMapping    : Adding welcome page template: index
2022-01-16 14:12:52.318  INFO 9426 --- [    Test worker] o.s.b.a.h2.H2ConsoleAutoConfiguration    : H2 console available at '/h2-console'. Database available at 'jdbc:h2:mem:testdb'
2022-01-16 14:12:52.372  INFO 9426 --- [    Test worker] p6spy                                    : #1642309972372 | took 0ms | statement | connection 21| url jdbc:h2:mem:testdb
CREATE TABLE SPRING_SESSION ( PRIMARY_ID CHAR(36) NOT NULL, SESSION_ID CHAR(36) NOT NULL, CREATION_TIME BIGINT NOT NULL, LAST_ACCESS_TIME BIGINT NOT NULL, MAX_INACTIVE_INTERVAL INT NOT NULL, EXPIRY_TIME BIGINT NOT NULL, PRINCIPAL_NAME VARCHAR(100), CONSTRAINT SPRING_SESSION_PK PRIMARY KEY (PRIMARY_ID) )
CREATE TABLE SPRING_SESSION ( PRIMARY_ID CHAR(36) NOT NULL, SESSION_ID CHAR(36) NOT NULL, CREATION_TIME BIGINT NOT NULL, LAST_ACCESS_TIME BIGINT NOT NULL, MAX_INACTIVE_INTERVAL INT NOT NULL, EXPIRY_TIME BIGINT NOT NULL, PRINCIPAL_NAME VARCHAR(100), CONSTRAINT SPRING_SESSION_PK PRIMARY KEY (PRIMARY_ID) );
2022-01-16 14:12:52.373  INFO 9426 --- [    Test worker] p6spy                                    : #1642309972373 | took 0ms | statement | connection 21| url jdbc:h2:mem:testdb
CREATE UNIQUE INDEX SPRING_SESSION_IX1 ON SPRING_SESSION (SESSION_ID)
CREATE UNIQUE INDEX SPRING_SESSION_IX1 ON SPRING_SESSION (SESSION_ID);
2022-01-16 14:12:52.373  INFO 9426 --- [    Test worker] p6spy                                    : #1642309972373 | took 0ms | statement | connection 21| url jdbc:h2:mem:testdb
CREATE INDEX SPRING_SESSION_IX2 ON SPRING_SESSION (EXPIRY_TIME)
CREATE INDEX SPRING_SESSION_IX2 ON SPRING_SESSION (EXPIRY_TIME);
2022-01-16 14:12:52.374  INFO 9426 --- [    Test worker] p6spy                                    : #1642309972374 | took 0ms | statement | connection 21| url jdbc:h2:mem:testdb
CREATE INDEX SPRING_SESSION_IX3 ON SPRING_SESSION (PRINCIPAL_NAME)
CREATE INDEX SPRING_SESSION_IX3 ON SPRING_SESSION (PRINCIPAL_NAME);
2022-01-16 14:12:52.375  INFO 9426 --- [    Test worker] p6spy                                    : #1642309972375 | took 0ms | statement | connection 21| url jdbc:h2:mem:testdb
CREATE TABLE SPRING_SESSION_ATTRIBUTES ( SESSION_PRIMARY_ID CHAR(36) NOT NULL, ATTRIBUTE_NAME VARCHAR(200) NOT NULL, ATTRIBUTE_BYTES LONGVARBINARY NOT NULL, CONSTRAINT SPRING_SESSION_ATTRIBUTES_PK PRIMARY KEY (SESSION_PRIMARY_ID, ATTRIBUTE_NAME), CONSTRAINT SPRING_SESSION_ATTRIBUTES_FK FOREIGN KEY (SESSION_PRIMARY_ID) REFERENCES SPRING_SESSION(PRIMARY_ID) ON DELETE CASCADE )
CREATE TABLE SPRING_SESSION_ATTRIBUTES ( SESSION_PRIMARY_ID CHAR(36) NOT NULL, ATTRIBUTE_NAME VARCHAR(200) NOT NULL, ATTRIBUTE_BYTES LONGVARBINARY NOT NULL, CONSTRAINT SPRING_SESSION_ATTRIBUTES_PK PRIMARY KEY (SESSION_PRIMARY_ID, ATTRIBUTE_NAME), CONSTRAINT SPRING_SESSION_ATTRIBUTES_FK FOREIGN KEY (SESSION_PRIMARY_ID) REFERENCES SPRING_SESSION(PRIMARY_ID) ON DELETE CASCADE );
2022-01-16 14:12:52.409  INFO 9426 --- [    Test worker] o.s.b.t.m.w.SpringBootMockServletContext : Initializing Spring TestDispatcherServlet ''
2022-01-16 14:12:52.409  INFO 9426 --- [    Test worker] o.s.t.web.servlet.TestDispatcherServlet  : Initializing Servlet ''
2022-01-16 14:12:52.416  INFO 9426 --- [    Test worker] o.s.t.web.servlet.TestDispatcherServlet  : Completed initialization in 7 ms
2022-01-16 14:12:52.425  INFO 9426 --- [    Test worker] s.a.ScheduledAnnotationBeanPostProcessor : No TaskScheduler/ScheduledExecutorService bean found for scheduled processing
2022-01-16 14:12:52.426  INFO 9426 --- [    Test worker] c.b.springboot.web.IndexControllerTest   : Started IndexControllerTest in 1.127 seconds (JVM running for 8.666)
2022-01-16 14:12:52.435  INFO 9426 --- [    Test worker] o.s.t.c.transaction.TransactionContext   : Began transaction (1) for test context [DefaultTestContext@2825ab91 testClass = IndexControllerTest, testInstance = com.book.springboot.web.IndexControllerTest@2646b1d1, testMethod = 메인페이지_로딩@IndexControllerTest, testException = [null], mergedContextConfiguration = [WebMergedContextConfiguration@38464dc1 testClass = IndexControllerTest, locations = '{}', classes = '{class com.book.springboot.Application}', contextInitializerClasses = '[]', activeProfiles = '{}', propertySourceLocations = '{}', propertySourceProperties = '{org.springframework.boot.test.context.SpringBootTestContextBootstrapper=true}', contextCustomizers = set[org.springframework.boot.test.autoconfigure.properties.PropertyMappingContextCustomizer@4b3fa0b3, org.springframework.boot.test.autoconfigure.web.servlet.WebDriverContextCustomizerFactory$Customizer@10159ded, [ImportsContextCustomizer@792f58ea key = [org.springframework.boot.test.autoconfigure.web.servlet.MockMvcAutoConfiguration, org.springframework.boot.test.autoconfigure.web.servlet.MockMvcWebClientAutoConfiguration, org.springframework.boot.test.autoconfigure.web.servlet.MockMvcWebDriverAutoConfiguration, org.springframework.boot.autoconfigure.security.servlet.SecurityAutoConfiguration, org.springframework.boot.autoconfigure.security.servlet.UserDetailsServiceAutoConfiguration, org.springframework.boot.test.autoconfigure.web.servlet.MockMvcSecurityConfiguration]], org.springframework.boot.test.context.filter.ExcludeFilterContextCustomizer@62412e1d, org.springframework.boot.test.json.DuplicateJsonObjectContextCustomizerFactory$DuplicateJsonObjectContextCustomizer@6b75bc72, org.springframework.boot.test.mock.mockito.MockitoContextCustomizer@0, org.springframework.boot.test.web.client.TestRestTemplateContextCustomizer@7f175548], resourceBasePath = 'src/main/webapp', contextLoader = 'org.springframework.boot.test.context.SpringBootContextLoader', parent = [null]], attributes = map['org.springframework.test.context.web.ServletTestExecutionListener.activateListener' -> true, 'org.springframework.test.context.web.ServletTestExecutionListener.populatedRequestContextHolder' -> true, 'org.springframework.test.context.web.ServletTestExecutionListener.resetRequestContextHolder' -> true]]; transaction manager [org.springframework.orm.jpa.JpaTransactionManager@53a8cadd]; rollback [true]
Hibernate: select posts0_.posts_id as posts_id1_0_, posts0_.created_date as created_2_0_, posts0_.last_modified_date as last_mod3_0_, posts0_.author as author4_0_, posts0_.content as content5_0_, posts0_.title as title6_0_ from posts posts0_ order by posts0_.posts_id desc
2022-01-16 14:12:52.465  INFO 9426 --- [    Test worker] p6spy                                    : #1642309972465 | took 0ms | statement | connection 22| url jdbc:h2:mem:testdb
select posts0_.posts_id as posts_id1_0_, posts0_.created_date as created_2_0_, posts0_.last_modified_date as last_mod3_0_, posts0_.author as author4_0_, posts0_.content as content5_0_, posts0_.title as title6_0_ from posts posts0_ order by posts0_.posts_id desc
select posts0_.posts_id as posts_id1_0_, posts0_.created_date as created_2_0_, posts0_.last_modified_date as last_mod3_0_, posts0_.author as author4_0_, posts0_.content as content5_0_, posts0_.title as title6_0_ from posts posts0_ order by posts0_.posts_id desc;
2022-01-16 14:12:52.486  INFO 9426 --- [    Test worker] p6spy                                    : #1642309972486 | took 1ms | statement | connection 23| url jdbc:h2:mem:testdb
INSERT INTO SPRING_SESSION(PRIMARY_ID, SESSION_ID, CREATION_TIME, LAST_ACCESS_TIME, MAX_INACTIVE_INTERVAL, EXPIRY_TIME, PRINCIPAL_NAME) VALUES (?, ?, ?, ?, ?, ?, ?)
INSERT INTO SPRING_SESSION(PRIMARY_ID, SESSION_ID, CREATION_TIME, LAST_ACCESS_TIME, MAX_INACTIVE_INTERVAL, EXPIRY_TIME, PRINCIPAL_NAME) VALUES ('40ef2d4c-1575-45de-9b78-77dd57362d13', '4334cffb-12ae-4e83-8088-fc6f7cec940b', 1642309972454, 1642309972455, 1800, 1642311772455, NULL);
2022-01-16 14:12:52.487  INFO 9426 --- [    Test worker] p6spy                                    : #1642309972487 | took 0ms | commit | connection 23| url jdbc:h2:mem:testdb

;
2022-01-16 14:12:52.495  INFO 9426 --- [    Test worker] p6spy                                    : #1642309972495 | took 0ms | rollback | connection 22| url jdbc:h2:mem:testdb

;
<<<<<<< HEAD
2022-01-16 14:12:52.496  INFO 9426 --- [    Test worker] o.s.t.c.transaction.TransactionContext   : Rolled back transaction for test: [DefaultTestContext@2825ab91 testClass = IndexControllerTest, testInstance = com.book.springboot.web.IndexControllerTest@2646b1d1, testMethod = 메인페이지_로딩@IndexControllerTest, testException = [null], mergedContextConfiguration = [WebMergedContextConfiguration@38464dc1 testClass = IndexControllerTest, locations = '{}', classes = '{class com.book.springboot.Application}', contextInitializerClasses = '[]', activeProfiles = '{}', propertySourceLocations = '{}', propertySourceProperties = '{org.springframework.boot.test.context.SpringBootTestContextBootstrapper=true}', contextCustomizers = set[org.springframework.boot.test.autoconfigure.properties.PropertyMappingContextCustomizer@4b3fa0b3, org.springframework.boot.test.autoconfigure.web.servlet.WebDriverContextCustomizerFactory$Customizer@10159ded, [ImportsContextCustomizer@792f58ea key = [org.springframework.boot.test.autoconfigure.web.servlet.MockMvcAutoConfiguration, org.springframework.boot.test.autoconfigure.web.servlet.MockMvcWebClientAutoConfiguration, org.springframework.boot.test.autoconfigure.web.servlet.MockMvcWebDriverAutoConfiguration, org.springframework.boot.autoconfigure.security.servlet.SecurityAutoConfiguration, org.springframework.boot.autoconfigure.security.servlet.UserDetailsServiceAutoConfiguration, org.springframework.boot.test.autoconfigure.web.servlet.MockMvcSecurityConfiguration]], org.springframework.boot.test.context.filter.ExcludeFilterContextCustomizer@62412e1d, org.springframework.boot.test.json.DuplicateJsonObjectContextCustomizerFactory$DuplicateJsonObjectContextCustomizer@6b75bc72, org.springframework.boot.test.mock.mockito.MockitoContextCustomizer@0, org.springframework.boot.test.web.client.TestRestTemplateContextCustomizer@7f175548], resourceBasePath = 'src/main/webapp', contextLoader = 'org.springframework.boot.test.context.SpringBootContextLoader', parent = [null]], attributes = map['org.springframework.test.context.web.ServletTestExecutionListener.activateListener' -> true, 'org.springframework.test.context.web.ServletTestExecutionListener.populatedRequestContextHolder' -> true, 'org.springframework.test.context.web.ServletTestExecutionListener.resetRequestContextHolder' -> true]]
=======
2022-01-16 10:19:21.517  INFO 4479 --- [    Test worker] o.s.t.c.transaction.TransactionContext   : Rolled back transaction for test: [DefaultTestContext@74db97ba testClass = IndexControllerTest, testInstance = com.book.springboot.web.IndexControllerTest@6f501c2e, testMethod = 메인페이지_로딩@IndexControllerTest, testException = [null], mergedContextConfiguration = [WebMergedContextConfiguration@6b26c918 testClass = IndexControllerTest, locations = '{}', classes = '{class com.book.springboot.Application}', contextInitializerClasses = '[]', activeProfiles = '{}', propertySourceLocations = '{}', propertySourceProperties = '{org.springframework.boot.test.context.SpringBootTestContextBootstrapper=true}', contextCustomizers = set[org.springframework.boot.test.autoconfigure.properties.PropertyMappingContextCustomizer@4b3fa0b3, org.springframework.boot.test.autoconfigure.web.servlet.WebDriverContextCustomizerFactory$Customizer@259762bc, [ImportsContextCustomizer@5db2b035 key = [org.springframework.boot.test.autoconfigure.web.servlet.MockMvcAutoConfiguration, org.springframework.boot.test.autoconfigure.web.servlet.MockMvcWebClientAutoConfiguration, org.springframework.boot.test.autoconfigure.web.servlet.MockMvcWebDriverAutoConfiguration, org.springframework.boot.autoconfigure.security.servlet.SecurityAutoConfiguration, org.springframework.boot.autoconfigure.security.servlet.UserDetailsServiceAutoConfiguration, org.springframework.boot.test.autoconfigure.web.servlet.MockMvcSecurityConfiguration]], org.springframework.boot.test.context.filter.ExcludeFilterContextCustomizer@5b62bf8e, org.springframework.boot.test.json.DuplicateJsonObjectContextCustomizerFactory$DuplicateJsonObjectContextCustomizer@498f3382, org.springframework.boot.test.mock.mockito.MockitoContextCustomizer@0, org.springframework.boot.test.web.client.TestRestTemplateContextCustomizer@72c0eebc], resourceBasePath = 'src/main/webapp', contextLoader = 'org.springframework.boot.test.context.SpringBootContextLoader', parent = [null]], attributes = map['org.springframework.test.context.web.ServletTestExecutionListener.activateListener' -> true, 'org.springframework.test.context.web.ServletTestExecutionListener.populatedRequestContextHolder' -> true, 'org.springframework.test.context.web.ServletTestExecutionListener.resetRequestContextHolder' -> true]]
<<<<<<< HEAD
=======
>>>>>>> d9bad4e35dba970b9423fc7634e9c8edc1da1251
>>>>>>> eab7313 (Git 초기화)
>>>>>>> e48ece4e5b66271c829083108533d5461f457084
]]></system-out>
  <system-err><![CDATA[]]></system-err>
</testsuite>
