<?xml version="1.0" encoding="UTF-8"?>
<testsuite name="com.book.springboot.web.HelloControllerTest" tests="2" skipped="0" failures="0" errors="0" timestamp="2022-01-09T03:36:55" hostname="baggioui-MacBook-Pro.local" time="0.44">
  <properties/>
  <testcase name="hello가_리턴된다" classname="com.book.springboot.web.HelloControllerTest" time="0.352"/>
  <testcase name="helloDto가_리턴된다" classname="com.book.springboot.web.HelloControllerTest" time="0.086"/>
  <system-out><![CDATA[12:36:53.348 [Test worker] DEBUG org.springframework.test.annotation.ProfileValueUtils - Retrieved @ProfileValueSourceConfiguration [null] for test class [com.book.springboot.web.HelloControllerTest]
12:36:53.349 [Test worker] DEBUG org.springframework.test.annotation.ProfileValueUtils - Retrieved ProfileValueSource type [class org.springframework.test.annotation.SystemProfileValueSource] for class [com.book.springboot.web.HelloControllerTest]
12:36:53.350 [Test worker] DEBUG org.springframework.test.annotation.ProfileValueUtils - Retrieved @ProfileValueSourceConfiguration [null] for test class [com.book.springboot.web.HelloControllerTest]
12:36:53.350 [Test worker] DEBUG org.springframework.test.annotation.ProfileValueUtils - Retrieved ProfileValueSource type [class org.springframework.test.annotation.SystemProfileValueSource] for class [com.book.springboot.web.HelloControllerTest]
12:36:53.354 [Test worker] DEBUG org.springframework.test.context.support.AbstractDirtiesContextTestExecutionListener - Before test class: context [DefaultTestContext@5fe9022b testClass = HelloControllerTest, testInstance = [null], testMethod = [null], testException = [null], mergedContextConfiguration = [WebMergedContextConfiguration@3153aca8 testClass = HelloControllerTest, locations = '{}', classes = '{class com.book.springboot.Application}', contextInitializerClasses = '[]', activeProfiles = '{}', propertySourceLocations = '{}', propertySourceProperties = '{org.springframework.boot.test.autoconfigure.web.servlet.WebMvcTestContextBootstrapper=true}', contextCustomizers = set[org.springframework.boot.test.autoconfigure.OverrideAutoConfigurationContextCustomizerFactory$DisableAutoConfigurationContextCustomizer@18682e97, org.springframework.boot.test.autoconfigure.filter.TypeExcludeFiltersContextCustomizer@d4491e23, org.springframework.boot.test.autoconfigure.properties.PropertyMappingContextCustomizer@4a26d87d, org.springframework.boot.test.autoconfigure.web.servlet.WebDriverContextCustomizerFactory$Customizer@11d6468b, [ImportsContextCustomizer@315d5993 key = [org.springframework.boot.autoconfigure.cache.CacheAutoConfiguration, org.springframework.boot.autoconfigure.context.MessageSourceAutoConfiguration, org.springframework.boot.autoconfigure.data.web.SpringDataWebAutoConfiguration, org.springframework.boot.autoconfigure.freemarker.FreeMarkerAutoConfiguration, org.springframework.boot.autoconfigure.groovy.template.GroovyTemplateAutoConfiguration, org.springframework.boot.autoconfigure.gson.GsonAutoConfiguration, org.springframework.boot.autoconfigure.hateoas.HypermediaAutoConfiguration, org.springframework.boot.autoconfigure.http.HttpMessageConvertersAutoConfiguration, org.springframework.boot.autoconfigure.jackson.JacksonAutoConfiguration, org.springframework.boot.autoconfigure.jsonb.JsonbAutoConfiguration, org.springframework.boot.autoconfigure.mustache.MustacheAutoConfiguration, org.springframework.boot.autoconfigure.task.TaskExecutionAutoConfiguration, org.springframework.boot.autoconfigure.thymeleaf.ThymeleafAutoConfiguration, org.springframework.boot.autoconfigure.validation.ValidationAutoConfiguration, org.springframework.boot.autoconfigure.web.servlet.error.ErrorMvcAutoConfiguration, org.springframework.boot.autoconfigure.web.servlet.WebMvcAutoConfiguration, org.springframework.boot.test.autoconfigure.web.servlet.MockMvcAutoConfiguration, org.springframework.boot.test.autoconfigure.web.servlet.MockMvcWebClientAutoConfiguration, org.springframework.boot.test.autoconfigure.web.servlet.MockMvcWebDriverAutoConfiguration, org.springframework.boot.autoconfigure.security.servlet.SecurityAutoConfiguration, org.springframework.boot.autoconfigure.security.servlet.UserDetailsServiceAutoConfiguration, org.springframework.boot.test.autoconfigure.web.servlet.MockMvcSecurityConfiguration]], org.springframework.boot.test.context.filter.ExcludeFilterContextCustomizer@c5a03d, org.springframework.boot.test.json.DuplicateJsonObjectContextCustomizerFactory$DuplicateJsonObjectContextCustomizer@af7b256, org.springframework.boot.test.mock.mockito.MockitoContextCustomizer@0], resourceBasePath = 'src/main/webapp', contextLoader = 'org.springframework.boot.test.context.SpringBootContextLoader', parent = [null]], attributes = map[[empty]]], class annotated with @DirtiesContext [false] with mode [null].
12:36:53.357 [Test worker] DEBUG org.springframework.test.annotation.ProfileValueUtils - Retrieved @ProfileValueSourceConfiguration [null] for test class [com.book.springboot.web.HelloControllerTest]
12:36:53.357 [Test worker] DEBUG org.springframework.test.annotation.ProfileValueUtils - Retrieved ProfileValueSource type [class org.springframework.test.annotation.SystemProfileValueSource] for class [com.book.springboot.web.HelloControllerTest]
12:36:53.362 [Test worker] DEBUG org.springframework.test.context.support.DependencyInjectionTestExecutionListener - Performing dependency injection for test context [[DefaultTestContext@5fe9022b testClass = HelloControllerTest, testInstance = com.book.springboot.web.HelloControllerTest@7a37460d, testMethod = [null], testException = [null], mergedContextConfiguration = [WebMergedContextConfiguration@3153aca8 testClass = HelloControllerTest, locations = '{}', classes = '{class com.book.springboot.Application}', contextInitializerClasses = '[]', activeProfiles = '{}', propertySourceLocations = '{}', propertySourceProperties = '{org.springframework.boot.test.autoconfigure.web.servlet.WebMvcTestContextBootstrapper=true}', contextCustomizers = set[org.springframework.boot.test.autoconfigure.OverrideAutoConfigurationContextCustomizerFactory$DisableAutoConfigurationContextCustomizer@18682e97, org.springframework.boot.test.autoconfigure.filter.TypeExcludeFiltersContextCustomizer@d4491e23, org.springframework.boot.test.autoconfigure.properties.PropertyMappingContextCustomizer@4a26d87d, org.springframework.boot.test.autoconfigure.web.servlet.WebDriverContextCustomizerFactory$Customizer@11d6468b, [ImportsContextCustomizer@315d5993 key = [org.springframework.boot.autoconfigure.cache.CacheAutoConfiguration, org.springframework.boot.autoconfigure.context.MessageSourceAutoConfiguration, org.springframework.boot.autoconfigure.data.web.SpringDataWebAutoConfiguration, org.springframework.boot.autoconfigure.freemarker.FreeMarkerAutoConfiguration, org.springframework.boot.autoconfigure.groovy.template.GroovyTemplateAutoConfiguration, org.springframework.boot.autoconfigure.gson.GsonAutoConfiguration, org.springframework.boot.autoconfigure.hateoas.HypermediaAutoConfiguration, org.springframework.boot.autoconfigure.http.HttpMessageConvertersAutoConfiguration, org.springframework.boot.autoconfigure.jackson.JacksonAutoConfiguration, org.springframework.boot.autoconfigure.jsonb.JsonbAutoConfiguration, org.springframework.boot.autoconfigure.mustache.MustacheAutoConfiguration, org.springframework.boot.autoconfigure.task.TaskExecutionAutoConfiguration, org.springframework.boot.autoconfigure.thymeleaf.ThymeleafAutoConfiguration, org.springframework.boot.autoconfigure.validation.ValidationAutoConfiguration, org.springframework.boot.autoconfigure.web.servlet.error.ErrorMvcAutoConfiguration, org.springframework.boot.autoconfigure.web.servlet.WebMvcAutoConfiguration, org.springframework.boot.test.autoconfigure.web.servlet.MockMvcAutoConfiguration, org.springframework.boot.test.autoconfigure.web.servlet.MockMvcWebClientAutoConfiguration, org.springframework.boot.test.autoconfigure.web.servlet.MockMvcWebDriverAutoConfiguration, org.springframework.boot.autoconfigure.security.servlet.SecurityAutoConfiguration, org.springframework.boot.autoconfigure.security.servlet.UserDetailsServiceAutoConfiguration, org.springframework.boot.test.autoconfigure.web.servlet.MockMvcSecurityConfiguration]], org.springframework.boot.test.context.filter.ExcludeFilterContextCustomizer@c5a03d, org.springframework.boot.test.json.DuplicateJsonObjectContextCustomizerFactory$DuplicateJsonObjectContextCustomizer@af7b256, org.springframework.boot.test.mock.mockito.MockitoContextCustomizer@0], resourceBasePath = 'src/main/webapp', contextLoader = 'org.springframework.boot.test.context.SpringBootContextLoader', parent = [null]], attributes = map[[empty]]]].
12:36:53.383 [Test worker] DEBUG org.springframework.test.context.support.TestPropertySourceUtils - Adding inlined properties to environment: {spring.jmx.enabled=false, org.springframework.boot.test.autoconfigure.web.servlet.WebMvcTestContextBootstrapper=true, server.port=-1}

  .   ____          _            __ _ _
 /\\ / ___'_ __ _ _(_)_ __  __ _ \ \ \ \
( ( )\___ | '_ | '_| | '_ \/ _` | \ \ \ \
 \\/  ___)| |_)| | | | | || (_| |  ) ) ) )
  '  |____| .__|_| |_|_| |_\__, | / / / /
 =========|_|==============|___/=/_/_/_/
 :: Spring Boot ::        (v2.2.1.RELEASE)

2022-01-09 12:36:53.997  INFO 6499 --- [    Test worker] c.b.springboot.web.HelloControllerTest   : Starting HelloControllerTest on baggioui-MacBook-Pro.local with PID 6499 (started by parkkio in /Users/parkkio/Desktop/study/book-test)
2022-01-09 12:36:54.000  INFO 6499 --- [    Test worker] c.b.springboot.web.HelloControllerTest   : No active profile set, falling back to default profiles: default
2022-01-09 12:36:55.195  INFO 6499 --- [    Test worker] o.s.s.concurrent.ThreadPoolTaskExecutor  : Initializing ExecutorService 'applicationTaskExecutor'
2022-01-09 12:36:55.314  INFO 6499 --- [    Test worker] o.s.b.a.w.s.WelcomePageHandlerMapping    : Adding welcome page template: index
2022-01-09 12:36:55.568  INFO 6499 --- [    Test worker] .s.s.UserDetailsServiceAutoConfiguration : 

Using generated security password: 9113f28d-a38b-49fd-b49e-03942328fbbb

2022-01-09 12:36:55.770  INFO 6499 --- [    Test worker] o.s.s.web.DefaultSecurityFilterChain     : Creating filter chain: any request, [org.springframework.security.web.context.request.async.WebAsyncManagerIntegrationFilter@58d941f5, org.springframework.security.web.context.SecurityContextPersistenceFilter@5bd003a1, org.springframework.security.web.header.HeaderWriterFilter@5d15cef8, org.springframework.security.web.csrf.CsrfFilter@273eeadf, org.springframework.security.web.authentication.logout.LogoutFilter@3297a61a, org.springframework.security.web.authentication.UsernamePasswordAuthenticationFilter@4f8a3cee, org.springframework.security.web.authentication.ui.DefaultLoginPageGeneratingFilter@66a13e02, org.springframework.security.web.authentication.ui.DefaultLogoutPageGeneratingFilter@2875c83a, org.springframework.security.web.authentication.www.BasicAuthenticationFilter@356f957f, org.springframework.security.web.savedrequest.RequestCacheAwareFilter@788cab42, org.springframework.security.web.servletapi.SecurityContextHolderAwareRequestFilter@3b6a5abd, org.springframework.security.web.authentication.AnonymousAuthenticationFilter@7ca80964, org.springframework.security.web.session.SessionManagementFilter@549a5588, org.springframework.security.web.access.ExceptionTranslationFilter@63382e1e, org.springframework.security.web.access.intercept.FilterSecurityInterceptor@68c333c9]
2022-01-09 12:36:55.820  INFO 6499 --- [    Test worker] o.s.b.t.m.w.SpringBootMockServletContext : Initializing Spring TestDispatcherServlet ''
2022-01-09 12:36:55.821  INFO 6499 --- [    Test worker] o.s.t.web.servlet.TestDispatcherServlet  : Initializing Servlet ''
2022-01-09 12:36:55.834  INFO 6499 --- [    Test worker] o.s.t.web.servlet.TestDispatcherServlet  : Completed initialization in 13 ms
2022-01-09 12:36:55.863  INFO 6499 --- [    Test worker] c.b.springboot.web.HelloControllerTest   : Started HelloControllerTest in 2.463 seconds (JVM running for 3.927)
]]></system-out>
  <system-err><![CDATA[]]></system-err>
</testsuite>
