<?xml version="1.0" encoding="UTF-8"?>
<<<<<<< HEAD
=======
<<<<<<< HEAD
<testsuite name="com.book.springboot.domain.posts.PostsRepositoryTest" tests="2" skipped="0" failures="0" errors="0" timestamp="2022-01-16T01:22:26" hostname="springboot2-webservice" time="0.918">
  <properties/>
  <testcase name="게시글저장_불러오기" classname="com.book.springboot.domain.posts.PostsRepositoryTest" time="0.863"/>
  <testcase name="BaseTimeEntity_등록" classname="com.book.springboot.domain.posts.PostsRepositoryTest" time="0.051"/>
  <system-out><![CDATA[10:22:10.126 [Test worker] DEBUG org.springframework.test.annotation.ProfileValueUtils - Retrieved @ProfileValueSourceConfiguration [null] for test class [com.book.springboot.domain.posts.PostsRepositoryTest]
10:22:10.127 [Test worker] DEBUG org.springframework.test.annotation.ProfileValueUtils - Retrieved ProfileValueSource type [class org.springframework.test.annotation.SystemProfileValueSource] for class [com.book.springboot.domain.posts.PostsRepositoryTest]
10:22:10.132 [Test worker] DEBUG org.springframework.test.annotation.ProfileValueUtils - Retrieved @ProfileValueSourceConfiguration [null] for test class [com.book.springboot.domain.posts.PostsRepositoryTest]
10:22:10.139 [Test worker] DEBUG org.springframework.test.annotation.ProfileValueUtils - Retrieved ProfileValueSource type [class org.springframework.test.annotation.SystemProfileValueSource] for class [com.book.springboot.domain.posts.PostsRepositoryTest]
10:22:10.144 [Test worker] DEBUG org.springframework.test.context.support.AbstractDirtiesContextTestExecutionListener - Before test class: context [DefaultTestContext@7a69cd5e testClass = PostsRepositoryTest, testInstance = [null], testMethod = [null], testException = [null], mergedContextConfiguration = [WebMergedContextConfiguration@a3b06a5 testClass = PostsRepositoryTest, locations = '{}', classes = '{class com.book.springboot.Application}', contextInitializerClasses = '[]', activeProfiles = '{}', propertySourceLocations = '{}', propertySourceProperties = '{org.springframework.boot.test.context.SpringBootTestContextBootstrapper=true}', contextCustomizers = set[org.springframework.boot.test.autoconfigure.properties.PropertyMappingContextCustomizer@0, org.springframework.boot.test.autoconfigure.web.servlet.WebDriverContextCustomizerFactory$Customizer@fb4ac98, org.springframework.boot.test.context.filter.ExcludeFilterContextCustomizer@50c8ddd4, org.springframework.boot.test.json.DuplicateJsonObjectContextCustomizerFactory$DuplicateJsonObjectContextCustomizer@13adfd9, org.springframework.boot.test.mock.mockito.MockitoContextCustomizer@0, org.springframework.boot.test.web.client.TestRestTemplateContextCustomizer@74371ee6], resourceBasePath = 'src/main/webapp', contextLoader = 'org.springframework.boot.test.context.SpringBootContextLoader', parent = [null]], attributes = map['org.springframework.test.context.web.ServletTestExecutionListener.activateListener' -> true]], class annotated with @DirtiesContext [false] with mode [null].
10:22:10.153 [Test worker] DEBUG org.springframework.test.annotation.ProfileValueUtils - Retrieved @ProfileValueSourceConfiguration [null] for test class [com.book.springboot.domain.posts.PostsRepositoryTest]
10:22:10.154 [Test worker] DEBUG org.springframework.test.annotation.ProfileValueUtils - Retrieved ProfileValueSource type [class org.springframework.test.annotation.SystemProfileValueSource] for class [com.book.springboot.domain.posts.PostsRepositoryTest]
10:22:10.197 [Test worker] DEBUG org.springframework.test.context.support.TestPropertySourceUtils - Adding inlined properties to environment: {spring.jmx.enabled=false, org.springframework.boot.test.context.SpringBootTestContextBootstrapper=true, server.port=-1}

=======
>>>>>>> eab7313 (Git 초기화)
<testsuite name="com.book.springboot.domain.posts.PostsRepositoryTest" tests="2" skipped="0" failures="0" errors="0" timestamp="2022-01-16T01:19:19" hostname="baggioui-MacBook-Pro.local" time="0.2">
  <properties/>
  <testcase name="게시글저장_불러오기" classname="com.book.springboot.domain.posts.PostsRepositoryTest" time="0.18"/>
  <testcase name="BaseTimeEntity_등록" classname="com.book.springboot.domain.posts.PostsRepositoryTest" time="0.019"/>
  <system-out><![CDATA[
<<<<<<< HEAD
=======
>>>>>>> d9bad4e35dba970b9423fc7634e9c8edc1da1251
>>>>>>> eab7313 (Git 초기화)
  .   ____          _            __ _ _
 /\\ / ___'_ __ _ _(_)_ __  __ _ \ \ \ \
( ( )\___ | '_ | '_| | '_ \/ _` | \ \ \ \
 \\/  ___)| |_)| | | | | || (_| |  ) ) ) )
  '  |____| .__|_| |_|_| |_\__, | / / / /
 =========|_|==============|___/=/_/_/_/
 :: Spring Boot ::        (v2.2.1.RELEASE)

<<<<<<< HEAD
=======
<<<<<<< HEAD
2022-01-16 10:22:10.903  INFO 1037 --- [    Test worker] c.b.s.domain.posts.PostsRepositoryTest   : Starting PostsRepositoryTest on springboot2-webservice with PID 1037 (started by ec2-user in /home/ec2-user/app/step1/book-test)
2022-01-16 10:22:10.908  INFO 1037 --- [    Test worker] c.b.s.domain.posts.PostsRepositoryTest   : No active profile set, falling back to default profiles: default
2022-01-16 10:22:12.702  INFO 1037 --- [    Test worker] .s.d.r.c.RepositoryConfigurationDelegate : Bootstrapping Spring Data repositories in DEFAULT mode.
2022-01-16 10:22:12.876  INFO 1037 --- [    Test worker] .s.d.r.c.RepositoryConfigurationDelegate : Finished Spring Data repository scanning in 154ms. Found 2 repository interfaces.
2022-01-16 10:22:14.190  INFO 1037 --- [    Test worker] trationDelegate$BeanPostProcessorChecker : Bean 'org.springframework.transaction.annotation.ProxyTransactionManagementConfiguration' of type [org.springframework.transaction.annotation.ProxyTransactionManagementConfiguration] is not eligible for getting processed by all BeanPostProcessors (for example: not eligible for auto-proxying)
2022-01-16 10:22:15.155  INFO 1037 --- [    Test worker] com.zaxxer.hikari.HikariDataSource       : HikariPool-1 - Starting...
2022-01-16 10:22:15.593  INFO 1037 --- [    Test worker] com.zaxxer.hikari.HikariDataSource       : HikariPool-1 - Start completed.
2022-01-16 10:22:15.846  INFO 1037 --- [    Test worker] o.hibernate.jpa.internal.util.LogHelper  : HHH000204: Processing PersistenceUnitInfo [name: default]
2022-01-16 10:22:16.013  INFO 1037 --- [    Test worker] org.hibernate.Version                    : HHH000412: Hibernate Core {5.4.8.Final}
2022-01-16 10:22:16.353  INFO 1037 --- [    Test worker] o.hibernate.annotations.common.Version   : HCANN000001: Hibernate Commons Annotations {5.1.0.Final}
2022-01-16 10:22:16.707  INFO 1037 --- [    Test worker] org.hibernate.dialect.Dialect            : HHH000400: Using dialect: org.hibernate.dialect.H2Dialect
Hibernate: drop table posts if exists
2022-01-16 10:22:19.382  INFO 1037 --- [    Test worker] p6spy                                    : #1642296139382 | took 4ms | statement | connection 2| url jdbc:h2:mem:testdb
drop table posts if exists
drop table posts if exists;
Hibernate: drop table user if exists
2022-01-16 10:22:19.389  INFO 1037 --- [    Test worker] p6spy                                    : #1642296139389 | took 0ms | statement | connection 2| url jdbc:h2:mem:testdb
drop table user if exists
drop table user if exists;
Hibernate: drop sequence if exists hibernate_sequence
2022-01-16 10:22:19.393  INFO 1037 --- [    Test worker] p6spy                                    : #1642296139393 | took 0ms | statement | connection 2| url jdbc:h2:mem:testdb
drop sequence if exists hibernate_sequence
drop sequence if exists hibernate_sequence;
Hibernate: create sequence hibernate_sequence start with 1 increment by 1
2022-01-16 10:22:19.411  INFO 1037 --- [    Test worker] p6spy                                    : #1642296139411 | took 6ms | statement | connection 3| url jdbc:h2:mem:testdb
create sequence hibernate_sequence start with 1 increment by 1
create sequence hibernate_sequence start with 1 increment by 1;
Hibernate: create table posts (id bigint generated by default as identity, created_date timestamp, last_modified_date timestamp, author varchar(255), content TEXT not null, title varchar(500) not null, primary key (id))
2022-01-16 10:22:19.440  INFO 1037 --- [    Test worker] p6spy                                    : #1642296139440 | took 25ms | statement | connection 3| url jdbc:h2:mem:testdb
create table posts (id bigint generated by default as identity, created_date timestamp, last_modified_date timestamp, author varchar(255), content TEXT not null, title varchar(500) not null, primary key (id))
create table posts (id bigint generated by default as identity, created_date timestamp, last_modified_date timestamp, author varchar(255), content TEXT not null, title varchar(500) not null, primary key (id));
Hibernate: create table user (id bigint not null, created_date timestamp, last_modified_date timestamp, email varchar(255) not null, name varchar(255) not null, picture varchar(255), role varchar(255) not null, primary key (id))
2022-01-16 10:22:19.448  INFO 1037 --- [    Test worker] p6spy                                    : #1642296139448 | took 6ms | statement | connection 3| url jdbc:h2:mem:testdb
create table user (id bigint not null, created_date timestamp, last_modified_date timestamp, email varchar(255) not null, name varchar(255) not null, picture varchar(255), role varchar(255) not null, primary key (id))
create table user (id bigint not null, created_date timestamp, last_modified_date timestamp, email varchar(255) not null, name varchar(255) not null, picture varchar(255), role varchar(255) not null, primary key (id));
2022-01-16 10:22:19.461  INFO 1037 --- [    Test worker] o.h.e.t.j.p.i.JtaPlatformInitiator       : HHH000490: Using JtaPlatform implementation: [org.hibernate.engine.transaction.jta.platform.internal.NoJtaPlatform]
2022-01-16 10:22:19.481  INFO 1037 --- [    Test worker] j.LocalContainerEntityManagerFactoryBean : Initialized JPA EntityManagerFactory for persistence unit 'default'
2022-01-16 10:22:21.301  WARN 1037 --- [    Test worker] JpaBaseConfiguration$JpaWebConfiguration : spring.jpa.open-in-view is enabled by default. Therefore, database queries may be performed during view rendering. Explicitly configure spring.jpa.open-in-view to disable this warning
2022-01-16 10:22:23.714  INFO 1037 --- [    Test worker] o.s.s.web.DefaultSecurityFilterChain     : Creating filter chain: any request, [org.springframework.security.web.context.request.async.WebAsyncManagerIntegrationFilter@22ddb269, org.springframework.security.web.context.SecurityContextPersistenceFilter@77f60195, org.springframework.security.web.header.HeaderWriterFilter@4b0db9dd, org.springframework.security.web.authentication.logout.LogoutFilter@76bf8d4a, org.springframework.security.oauth2.client.web.OAuth2AuthorizationRequestRedirectFilter@730f53ba, org.springframework.security.oauth2.client.web.OAuth2LoginAuthenticationFilter@478515fa, org.springframework.security.web.authentication.ui.DefaultLoginPageGeneratingFilter@39d0abcb, org.springframework.security.web.authentication.ui.DefaultLogoutPageGeneratingFilter@587b4f6a, org.springframework.security.web.savedrequest.RequestCacheAwareFilter@52f535d3, org.springframework.security.web.servletapi.SecurityContextHolderAwareRequestFilter@6a0ae7c8, org.springframework.security.web.authentication.AnonymousAuthenticationFilter@1a57409, org.springframework.security.web.session.SessionManagementFilter@282da348, org.springframework.security.web.access.ExceptionTranslationFilter@29fc95d5, org.springframework.security.web.access.intercept.FilterSecurityInterceptor@84ed6]
2022-01-16 10:22:24.775  INFO 1037 --- [    Test worker] o.s.s.concurrent.ThreadPoolTaskExecutor  : Initializing ExecutorService 'applicationTaskExecutor'
2022-01-16 10:22:25.006  INFO 1037 --- [    Test worker] o.s.b.a.w.s.WelcomePageHandlerMapping    : Adding welcome page template: index
2022-01-16 10:22:25.471  INFO 1037 --- [    Test worker] o.s.b.a.h2.H2ConsoleAutoConfiguration    : H2 console available at '/h2-console'. Database available at 'jdbc:h2:mem:testdb'
2022-01-16 10:22:25.800  INFO 1037 --- [    Test worker] p6spy                                    : #1642296145800 | took 9ms | statement | connection 9| url jdbc:h2:mem:testdb
CREATE TABLE SPRING_SESSION ( PRIMARY_ID CHAR(36) NOT NULL, SESSION_ID CHAR(36) NOT NULL, CREATION_TIME BIGINT NOT NULL, LAST_ACCESS_TIME BIGINT NOT NULL, MAX_INACTIVE_INTERVAL INT NOT NULL, EXPIRY_TIME BIGINT NOT NULL, PRINCIPAL_NAME VARCHAR(100), CONSTRAINT SPRING_SESSION_PK PRIMARY KEY (PRIMARY_ID) )
CREATE TABLE SPRING_SESSION ( PRIMARY_ID CHAR(36) NOT NULL, SESSION_ID CHAR(36) NOT NULL, CREATION_TIME BIGINT NOT NULL, LAST_ACCESS_TIME BIGINT NOT NULL, MAX_INACTIVE_INTERVAL INT NOT NULL, EXPIRY_TIME BIGINT NOT NULL, PRINCIPAL_NAME VARCHAR(100), CONSTRAINT SPRING_SESSION_PK PRIMARY KEY (PRIMARY_ID) );
2022-01-16 10:22:25.803  INFO 1037 --- [    Test worker] p6spy                                    : #1642296145803 | took 1ms | statement | connection 9| url jdbc:h2:mem:testdb
CREATE UNIQUE INDEX SPRING_SESSION_IX1 ON SPRING_SESSION (SESSION_ID)
CREATE UNIQUE INDEX SPRING_SESSION_IX1 ON SPRING_SESSION (SESSION_ID);
2022-01-16 10:22:25.810  INFO 1037 --- [    Test worker] p6spy                                    : #1642296145810 | took 1ms | statement | connection 9| url jdbc:h2:mem:testdb
CREATE INDEX SPRING_SESSION_IX2 ON SPRING_SESSION (EXPIRY_TIME)
CREATE INDEX SPRING_SESSION_IX2 ON SPRING_SESSION (EXPIRY_TIME);
2022-01-16 10:22:25.814  INFO 1037 --- [    Test worker] p6spy                                    : #1642296145814 | took 1ms | statement | connection 9| url jdbc:h2:mem:testdb
CREATE INDEX SPRING_SESSION_IX3 ON SPRING_SESSION (PRINCIPAL_NAME)
CREATE INDEX SPRING_SESSION_IX3 ON SPRING_SESSION (PRINCIPAL_NAME);
2022-01-16 10:22:25.835  INFO 1037 --- [    Test worker] p6spy                                    : #1642296145835 | took 20ms | statement | connection 9| url jdbc:h2:mem:testdb
CREATE TABLE SPRING_SESSION_ATTRIBUTES ( SESSION_PRIMARY_ID CHAR(36) NOT NULL, ATTRIBUTE_NAME VARCHAR(200) NOT NULL, ATTRIBUTE_BYTES LONGVARBINARY NOT NULL, CONSTRAINT SPRING_SESSION_ATTRIBUTES_PK PRIMARY KEY (SESSION_PRIMARY_ID, ATTRIBUTE_NAME), CONSTRAINT SPRING_SESSION_ATTRIBUTES_FK FOREIGN KEY (SESSION_PRIMARY_ID) REFERENCES SPRING_SESSION(PRIMARY_ID) ON DELETE CASCADE )
CREATE TABLE SPRING_SESSION_ATTRIBUTES ( SESSION_PRIMARY_ID CHAR(36) NOT NULL, ATTRIBUTE_NAME VARCHAR(200) NOT NULL, ATTRIBUTE_BYTES LONGVARBINARY NOT NULL, CONSTRAINT SPRING_SESSION_ATTRIBUTES_PK PRIMARY KEY (SESSION_PRIMARY_ID, ATTRIBUTE_NAME), CONSTRAINT SPRING_SESSION_ATTRIBUTES_FK FOREIGN KEY (SESSION_PRIMARY_ID) REFERENCES SPRING_SESSION(PRIMARY_ID) ON DELETE CASCADE );
2022-01-16 10:22:26.024  INFO 1037 --- [    Test worker] s.a.ScheduledAnnotationBeanPostProcessor : No TaskScheduler/ScheduledExecutorService bean found for scheduled processing
2022-01-16 10:22:26.052  INFO 1037 --- [    Test worker] c.b.s.domain.posts.PostsRepositoryTest   : Started PostsRepositoryTest in 15.808 seconds (JVM running for 18.922)
Hibernate: insert into posts (id, created_date, last_modified_date, author, content, title) values (null, ?, ?, ?, ?, ?)
2022-01-16 10:22:26.629  INFO 1037 --- [    Test worker] p6spy                                    : #1642296146629 | took 6ms | statement | connection 10| url jdbc:h2:mem:testdb
insert into posts (id, created_date, last_modified_date, author, content, title) values (null, ?, ?, ?, ?, ?)
insert into posts (id, created_date, last_modified_date, author, content, title) values (null, '2022-01-16T10:22:26.533+0900', '2022-01-16T10:22:26.533+0900', 'goril2504@gmail.com', '테스트 본문', '테스트 게시글');
2022-01-16 10:22:26.663  INFO 1037 --- [    Test worker] p6spy                                    : #1642296146663 | took 0ms | commit | connection 10| url jdbc:h2:mem:testdb

;
Hibernate: select posts0_.id as id1_0_, posts0_.created_date as created_2_0_, posts0_.last_modified_date as last_mod3_0_, posts0_.author as author4_0_, posts0_.content as content5_0_, posts0_.title as title6_0_ from posts posts0_
2022-01-16 10:22:26.716  INFO 1037 --- [    Test worker] p6spy                                    : #1642296146715 | took 5ms | statement | connection 11| url jdbc:h2:mem:testdb
select posts0_.id as id1_0_, posts0_.created_date as created_2_0_, posts0_.last_modified_date as last_mod3_0_, posts0_.author as author4_0_, posts0_.content as content5_0_, posts0_.title as title6_0_ from posts posts0_
select posts0_.id as id1_0_, posts0_.created_date as created_2_0_, posts0_.last_modified_date as last_mod3_0_, posts0_.author as author4_0_, posts0_.content as content5_0_, posts0_.title as title6_0_ from posts posts0_;
2022-01-16 10:22:26.741  INFO 1037 --- [    Test worker] p6spy                                    : #1642296146741 | took 0ms | commit | connection 11| url jdbc:h2:mem:testdb

;
Hibernate: select posts0_.id as id1_0_, posts0_.created_date as created_2_0_, posts0_.last_modified_date as last_mod3_0_, posts0_.author as author4_0_, posts0_.content as content5_0_, posts0_.title as title6_0_ from posts posts0_
2022-01-16 10:22:26.924  INFO 1037 --- [    Test worker] p6spy                                    : #1642296146924 | took 0ms | statement | connection 12| url jdbc:h2:mem:testdb
select posts0_.id as id1_0_, posts0_.created_date as created_2_0_, posts0_.last_modified_date as last_mod3_0_, posts0_.author as author4_0_, posts0_.content as content5_0_, posts0_.title as title6_0_ from posts posts0_
select posts0_.id as id1_0_, posts0_.created_date as created_2_0_, posts0_.last_modified_date as last_mod3_0_, posts0_.author as author4_0_, posts0_.content as content5_0_, posts0_.title as title6_0_ from posts posts0_;
Hibernate: delete from posts where id=?
2022-01-16 10:22:26.963  INFO 1037 --- [    Test worker] p6spy                                    : #1642296146963 | took 1ms | statement | connection 12| url jdbc:h2:mem:testdb
delete from posts where id=?
delete from posts where id=1;
2022-01-16 10:22:26.973  INFO 1037 --- [    Test worker] p6spy                                    : #1642296146973 | took 6ms | commit | connection 12| url jdbc:h2:mem:testdb

;
Hibernate: insert into posts (id, created_date, last_modified_date, author, content, title) values (null, ?, ?, ?, ?, ?)
2022-01-16 10:22:27.002  INFO 1037 --- [    Test worker] p6spy                                    : #1642296147002 | took 0ms | statement | connection 13| url jdbc:h2:mem:testdb
insert into posts (id, created_date, last_modified_date, author, content, title) values (null, ?, ?, ?, ?, ?)
insert into posts (id, created_date, last_modified_date, author, content, title) values (null, '2022-01-16T10:22:26.999+0900', '2022-01-16T10:22:26.999+0900', 'author', 'content', 'title');
2022-01-16 10:22:27.005  INFO 1037 --- [    Test worker] p6spy                                    : #1642296147005 | took 2ms | commit | connection 13| url jdbc:h2:mem:testdb

;
Hibernate: select posts0_.id as id1_0_, posts0_.created_date as created_2_0_, posts0_.last_modified_date as last_mod3_0_, posts0_.author as author4_0_, posts0_.content as content5_0_, posts0_.title as title6_0_ from posts posts0_
2022-01-16 10:22:27.008  INFO 1037 --- [    Test worker] p6spy                                    : #1642296147008 | took 0ms | statement | connection 14| url jdbc:h2:mem:testdb
select posts0_.id as id1_0_, posts0_.created_date as created_2_0_, posts0_.last_modified_date as last_mod3_0_, posts0_.author as author4_0_, posts0_.content as content5_0_, posts0_.title as title6_0_ from posts posts0_
select posts0_.id as id1_0_, posts0_.created_date as created_2_0_, posts0_.last_modified_date as last_mod3_0_, posts0_.author as author4_0_, posts0_.content as content5_0_, posts0_.title as title6_0_ from posts posts0_;
2022-01-16 10:22:27.013  INFO 1037 --- [    Test worker] p6spy                                    : #1642296147013 | took 2ms | commit | connection 14| url jdbc:h2:mem:testdb

;
Hibernate: select posts0_.id as id1_0_, posts0_.created_date as created_2_0_, posts0_.last_modified_date as last_mod3_0_, posts0_.author as author4_0_, posts0_.content as content5_0_, posts0_.title as title6_0_ from posts posts0_
2022-01-16 10:22:27.023  INFO 1037 --- [    Test worker] p6spy                                    : #1642296147023 | took 1ms | statement | connection 15| url jdbc:h2:mem:testdb
select posts0_.id as id1_0_, posts0_.created_date as created_2_0_, posts0_.last_modified_date as last_mod3_0_, posts0_.author as author4_0_, posts0_.content as content5_0_, posts0_.title as title6_0_ from posts posts0_
select posts0_.id as id1_0_, posts0_.created_date as created_2_0_, posts0_.last_modified_date as last_mod3_0_, posts0_.author as author4_0_, posts0_.content as content5_0_, posts0_.title as title6_0_ from posts posts0_;
Hibernate: delete from posts where id=?
2022-01-16 10:22:27.028  INFO 1037 --- [    Test worker] p6spy                                    : #1642296147028 | took 0ms | statement | connection 15| url jdbc:h2:mem:testdb
delete from posts where id=?
delete from posts where id=2;
2022-01-16 10:22:27.037  INFO 1037 --- [    Test worker] p6spy                                    : #1642296147037 | took 4ms | commit | connection 15| url jdbc:h2:mem:testdb
=======
>>>>>>> eab7313 (Git 초기화)
2022-01-16 10:19:15.260  INFO 4479 --- [    Test worker] c.b.s.domain.posts.PostsRepositoryTest   : Starting PostsRepositoryTest on baggioui-MacBook-Pro.local with PID 4479 (started by parkkio in /Users/parkkio/Desktop/study/book-test)
2022-01-16 10:19:15.261  INFO 4479 --- [    Test worker] c.b.s.domain.posts.PostsRepositoryTest   : No active profile set, falling back to default profiles: default
2022-01-16 10:19:15.704  INFO 4479 --- [    Test worker] .s.d.r.c.RepositoryConfigurationDelegate : Bootstrapping Spring Data repositories in DEFAULT mode.
2022-01-16 10:19:15.784  INFO 4479 --- [    Test worker] .s.d.r.c.RepositoryConfigurationDelegate : Finished Spring Data repository scanning in 66ms. Found 2 repository interfaces.
2022-01-16 10:19:16.071  INFO 4479 --- [    Test worker] trationDelegate$BeanPostProcessorChecker : Bean 'org.springframework.transaction.annotation.ProxyTransactionManagementConfiguration' of type [org.springframework.transaction.annotation.ProxyTransactionManagementConfiguration] is not eligible for getting processed by all BeanPostProcessors (for example: not eligible for auto-proxying)
2022-01-16 10:19:16.357  INFO 4479 --- [    Test worker] com.zaxxer.hikari.HikariDataSource       : HikariPool-1 - Starting...
2022-01-16 10:19:16.625  INFO 4479 --- [    Test worker] com.zaxxer.hikari.HikariDataSource       : HikariPool-1 - Start completed.
2022-01-16 10:19:16.761  INFO 4479 --- [    Test worker] o.hibernate.jpa.internal.util.LogHelper  : HHH000204: Processing PersistenceUnitInfo [name: default]
2022-01-16 10:19:16.878  INFO 4479 --- [    Test worker] org.hibernate.Version                    : HHH000412: Hibernate Core {5.4.8.Final}
2022-01-16 10:19:16.945  INFO 4479 --- [    Test worker] o.hibernate.annotations.common.Version   : HCANN000001: Hibernate Commons Annotations {5.1.0.Final}
2022-01-16 10:19:17.113  INFO 4479 --- [    Test worker] org.hibernate.dialect.Dialect            : HHH000400: Using dialect: org.hibernate.dialect.H2Dialect
Hibernate: drop table posts if exists
2022-01-16 10:19:17.878  INFO 4479 --- [    Test worker] p6spy                                    : #1642295957878 | took 1ms | statement | connection 2| url jdbc:h2:mem:testdb
drop table posts if exists
drop table posts if exists;
Hibernate: drop table user if exists
2022-01-16 10:19:17.879  INFO 4479 --- [    Test worker] p6spy                                    : #1642295957879 | took 0ms | statement | connection 2| url jdbc:h2:mem:testdb
drop table user if exists
drop table user if exists;
Hibernate: drop sequence if exists hibernate_sequence
2022-01-16 10:19:17.879  INFO 4479 --- [    Test worker] p6spy                                    : #1642295957879 | took 0ms | statement | connection 2| url jdbc:h2:mem:testdb
drop sequence if exists hibernate_sequence
drop sequence if exists hibernate_sequence;
Hibernate: create sequence hibernate_sequence start with 1 increment by 1
2022-01-16 10:19:17.887  INFO 4479 --- [    Test worker] p6spy                                    : #1642295957887 | took 2ms | statement | connection 3| url jdbc:h2:mem:testdb
create sequence hibernate_sequence start with 1 increment by 1
create sequence hibernate_sequence start with 1 increment by 1;
Hibernate: create table posts (id bigint generated by default as identity, created_date timestamp, last_modified_date timestamp, author varchar(255), content TEXT not null, title varchar(500) not null, primary key (id))
2022-01-16 10:19:17.898  INFO 4479 --- [    Test worker] p6spy                                    : #1642295957898 | took 10ms | statement | connection 3| url jdbc:h2:mem:testdb
create table posts (id bigint generated by default as identity, created_date timestamp, last_modified_date timestamp, author varchar(255), content TEXT not null, title varchar(500) not null, primary key (id))
create table posts (id bigint generated by default as identity, created_date timestamp, last_modified_date timestamp, author varchar(255), content TEXT not null, title varchar(500) not null, primary key (id));
Hibernate: create table user (id bigint not null, created_date timestamp, last_modified_date timestamp, email varchar(255) not null, name varchar(255) not null, picture varchar(255), role varchar(255) not null, primary key (id))
2022-01-16 10:19:17.900  INFO 4479 --- [    Test worker] p6spy                                    : #1642295957900 | took 1ms | statement | connection 3| url jdbc:h2:mem:testdb
create table user (id bigint not null, created_date timestamp, last_modified_date timestamp, email varchar(255) not null, name varchar(255) not null, picture varchar(255), role varchar(255) not null, primary key (id))
create table user (id bigint not null, created_date timestamp, last_modified_date timestamp, email varchar(255) not null, name varchar(255) not null, picture varchar(255), role varchar(255) not null, primary key (id));
2022-01-16 10:19:17.905  INFO 4479 --- [    Test worker] o.h.e.t.j.p.i.JtaPlatformInitiator       : HHH000490: Using JtaPlatform implementation: [org.hibernate.engine.transaction.jta.platform.internal.NoJtaPlatform]
2022-01-16 10:19:17.916  INFO 4479 --- [    Test worker] j.LocalContainerEntityManagerFactoryBean : Initialized JPA EntityManagerFactory for persistence unit 'default'
2022-01-16 10:19:18.429  WARN 4479 --- [    Test worker] JpaBaseConfiguration$JpaWebConfiguration : spring.jpa.open-in-view is enabled by default. Therefore, database queries may be performed during view rendering. Explicitly configure spring.jpa.open-in-view to disable this warning
2022-01-16 10:19:18.877  INFO 4479 --- [    Test worker] o.s.s.web.DefaultSecurityFilterChain     : Creating filter chain: any request, [org.springframework.security.web.context.request.async.WebAsyncManagerIntegrationFilter@3c86e9a0, org.springframework.security.web.context.SecurityContextPersistenceFilter@277c996, org.springframework.security.web.header.HeaderWriterFilter@1023923c, org.springframework.security.web.authentication.logout.LogoutFilter@20be17b6, org.springframework.security.oauth2.client.web.OAuth2AuthorizationRequestRedirectFilter@754dd9ba, org.springframework.security.oauth2.client.web.OAuth2LoginAuthenticationFilter@1fc9f94f, org.springframework.security.web.authentication.ui.DefaultLoginPageGeneratingFilter@2dba2d48, org.springframework.security.web.authentication.ui.DefaultLogoutPageGeneratingFilter@64e2d78c, org.springframework.security.web.savedrequest.RequestCacheAwareFilter@545caddc, org.springframework.security.web.servletapi.SecurityContextHolderAwareRequestFilter@58e27719, org.springframework.security.web.authentication.AnonymousAuthenticationFilter@7be11d9a, org.springframework.security.web.session.SessionManagementFilter@3288e4a1, org.springframework.security.web.access.ExceptionTranslationFilter@7d75610d, org.springframework.security.web.access.intercept.FilterSecurityInterceptor@25917f1c]
2022-01-16 10:19:19.178  INFO 4479 --- [    Test worker] o.s.s.concurrent.ThreadPoolTaskExecutor  : Initializing ExecutorService 'applicationTaskExecutor'
2022-01-16 10:19:19.219  INFO 4479 --- [    Test worker] o.s.b.a.w.s.WelcomePageHandlerMapping    : Adding welcome page template: index
2022-01-16 10:19:19.387  INFO 4479 --- [    Test worker] o.s.b.a.h2.H2ConsoleAutoConfiguration    : H2 console available at '/h2-console'. Database available at 'jdbc:h2:mem:testdb'
2022-01-16 10:19:19.513  INFO 4479 --- [    Test worker] p6spy                                    : #1642295959513 | took 5ms | statement | connection 9| url jdbc:h2:mem:testdb
CREATE TABLE SPRING_SESSION ( PRIMARY_ID CHAR(36) NOT NULL, SESSION_ID CHAR(36) NOT NULL, CREATION_TIME BIGINT NOT NULL, LAST_ACCESS_TIME BIGINT NOT NULL, MAX_INACTIVE_INTERVAL INT NOT NULL, EXPIRY_TIME BIGINT NOT NULL, PRINCIPAL_NAME VARCHAR(100), CONSTRAINT SPRING_SESSION_PK PRIMARY KEY (PRIMARY_ID) )
CREATE TABLE SPRING_SESSION ( PRIMARY_ID CHAR(36) NOT NULL, SESSION_ID CHAR(36) NOT NULL, CREATION_TIME BIGINT NOT NULL, LAST_ACCESS_TIME BIGINT NOT NULL, MAX_INACTIVE_INTERVAL INT NOT NULL, EXPIRY_TIME BIGINT NOT NULL, PRINCIPAL_NAME VARCHAR(100), CONSTRAINT SPRING_SESSION_PK PRIMARY KEY (PRIMARY_ID) );
2022-01-16 10:19:19.514  INFO 4479 --- [    Test worker] p6spy                                    : #1642295959514 | took 0ms | statement | connection 9| url jdbc:h2:mem:testdb
CREATE UNIQUE INDEX SPRING_SESSION_IX1 ON SPRING_SESSION (SESSION_ID)
CREATE UNIQUE INDEX SPRING_SESSION_IX1 ON SPRING_SESSION (SESSION_ID);
2022-01-16 10:19:19.515  INFO 4479 --- [    Test worker] p6spy                                    : #1642295959515 | took 0ms | statement | connection 9| url jdbc:h2:mem:testdb
CREATE INDEX SPRING_SESSION_IX2 ON SPRING_SESSION (EXPIRY_TIME)
CREATE INDEX SPRING_SESSION_IX2 ON SPRING_SESSION (EXPIRY_TIME);
2022-01-16 10:19:19.516  INFO 4479 --- [    Test worker] p6spy                                    : #1642295959516 | took 0ms | statement | connection 9| url jdbc:h2:mem:testdb
CREATE INDEX SPRING_SESSION_IX3 ON SPRING_SESSION (PRINCIPAL_NAME)
CREATE INDEX SPRING_SESSION_IX3 ON SPRING_SESSION (PRINCIPAL_NAME);
2022-01-16 10:19:19.526  INFO 4479 --- [    Test worker] p6spy                                    : #1642295959526 | took 9ms | statement | connection 9| url jdbc:h2:mem:testdb
CREATE TABLE SPRING_SESSION_ATTRIBUTES ( SESSION_PRIMARY_ID CHAR(36) NOT NULL, ATTRIBUTE_NAME VARCHAR(200) NOT NULL, ATTRIBUTE_BYTES LONGVARBINARY NOT NULL, CONSTRAINT SPRING_SESSION_ATTRIBUTES_PK PRIMARY KEY (SESSION_PRIMARY_ID, ATTRIBUTE_NAME), CONSTRAINT SPRING_SESSION_ATTRIBUTES_FK FOREIGN KEY (SESSION_PRIMARY_ID) REFERENCES SPRING_SESSION(PRIMARY_ID) ON DELETE CASCADE )
CREATE TABLE SPRING_SESSION_ATTRIBUTES ( SESSION_PRIMARY_ID CHAR(36) NOT NULL, ATTRIBUTE_NAME VARCHAR(200) NOT NULL, ATTRIBUTE_BYTES LONGVARBINARY NOT NULL, CONSTRAINT SPRING_SESSION_ATTRIBUTES_PK PRIMARY KEY (SESSION_PRIMARY_ID, ATTRIBUTE_NAME), CONSTRAINT SPRING_SESSION_ATTRIBUTES_FK FOREIGN KEY (SESSION_PRIMARY_ID) REFERENCES SPRING_SESSION(PRIMARY_ID) ON DELETE CASCADE );
2022-01-16 10:19:19.586  INFO 4479 --- [    Test worker] s.a.ScheduledAnnotationBeanPostProcessor : No TaskScheduler/ScheduledExecutorService bean found for scheduled processing
2022-01-16 10:19:19.595  INFO 4479 --- [    Test worker] c.b.s.domain.posts.PostsRepositoryTest   : Started PostsRepositoryTest in 4.364 seconds (JVM running for 9.23)
Hibernate: insert into posts (id, created_date, last_modified_date, author, content, title) values (null, ?, ?, ?, ?, ?)
2022-01-16 10:19:19.704  INFO 4479 --- [    Test worker] p6spy                                    : #1642295959704 | took 3ms | statement | connection 10| url jdbc:h2:mem:testdb
insert into posts (id, created_date, last_modified_date, author, content, title) values (null, ?, ?, ?, ?, ?)
insert into posts (id, created_date, last_modified_date, author, content, title) values (null, '2022-01-16T10:19:19.661+0900', '2022-01-16T10:19:19.661+0900', 'goril2504@gmail.com', '테스트 본문', '테스트 게시글');
2022-01-16 10:19:19.719  INFO 4479 --- [    Test worker] p6spy                                    : #1642295959719 | took 0ms | commit | connection 10| url jdbc:h2:mem:testdb

;
Hibernate: select posts0_.id as id1_0_, posts0_.created_date as created_2_0_, posts0_.last_modified_date as last_mod3_0_, posts0_.author as author4_0_, posts0_.content as content5_0_, posts0_.title as title6_0_ from posts posts0_
2022-01-16 10:19:19.744  INFO 4479 --- [    Test worker] p6spy                                    : #1642295959744 | took 4ms | statement | connection 11| url jdbc:h2:mem:testdb
select posts0_.id as id1_0_, posts0_.created_date as created_2_0_, posts0_.last_modified_date as last_mod3_0_, posts0_.author as author4_0_, posts0_.content as content5_0_, posts0_.title as title6_0_ from posts posts0_
select posts0_.id as id1_0_, posts0_.created_date as created_2_0_, posts0_.last_modified_date as last_mod3_0_, posts0_.author as author4_0_, posts0_.content as content5_0_, posts0_.title as title6_0_ from posts posts0_;
2022-01-16 10:19:19.755  INFO 4479 --- [    Test worker] p6spy                                    : #1642295959755 | took 0ms | commit | connection 11| url jdbc:h2:mem:testdb

;
Hibernate: select posts0_.id as id1_0_, posts0_.created_date as created_2_0_, posts0_.last_modified_date as last_mod3_0_, posts0_.author as author4_0_, posts0_.content as content5_0_, posts0_.title as title6_0_ from posts posts0_
2022-01-16 10:19:19.758  INFO 4479 --- [    Test worker] p6spy                                    : #1642295959758 | took 0ms | statement | connection 12| url jdbc:h2:mem:testdb
select posts0_.id as id1_0_, posts0_.created_date as created_2_0_, posts0_.last_modified_date as last_mod3_0_, posts0_.author as author4_0_, posts0_.content as content5_0_, posts0_.title as title6_0_ from posts posts0_
select posts0_.id as id1_0_, posts0_.created_date as created_2_0_, posts0_.last_modified_date as last_mod3_0_, posts0_.author as author4_0_, posts0_.content as content5_0_, posts0_.title as title6_0_ from posts posts0_;
Hibernate: delete from posts where id=?
2022-01-16 10:19:19.777  INFO 4479 --- [    Test worker] p6spy                                    : #1642295959777 | took 1ms | statement | connection 12| url jdbc:h2:mem:testdb
delete from posts where id=?
delete from posts where id=1;
2022-01-16 10:19:19.779  INFO 4479 --- [    Test worker] p6spy                                    : #1642295959779 | took 0ms | commit | connection 12| url jdbc:h2:mem:testdb

;
Hibernate: insert into posts (id, created_date, last_modified_date, author, content, title) values (null, ?, ?, ?, ?, ?)
2022-01-16 10:19:19.787  INFO 4479 --- [    Test worker] p6spy                                    : #1642295959787 | took 0ms | statement | connection 13| url jdbc:h2:mem:testdb
insert into posts (id, created_date, last_modified_date, author, content, title) values (null, ?, ?, ?, ?, ?)
insert into posts (id, created_date, last_modified_date, author, content, title) values (null, '2022-01-16T10:19:19.785+0900', '2022-01-16T10:19:19.785+0900', 'author', 'content', 'title');
2022-01-16 10:19:19.788  INFO 4479 --- [    Test worker] p6spy                                    : #1642295959788 | took 0ms | commit | connection 13| url jdbc:h2:mem:testdb

;
Hibernate: select posts0_.id as id1_0_, posts0_.created_date as created_2_0_, posts0_.last_modified_date as last_mod3_0_, posts0_.author as author4_0_, posts0_.content as content5_0_, posts0_.title as title6_0_ from posts posts0_
2022-01-16 10:19:19.790  INFO 4479 --- [    Test worker] p6spy                                    : #1642295959790 | took 0ms | statement | connection 14| url jdbc:h2:mem:testdb
select posts0_.id as id1_0_, posts0_.created_date as created_2_0_, posts0_.last_modified_date as last_mod3_0_, posts0_.author as author4_0_, posts0_.content as content5_0_, posts0_.title as title6_0_ from posts posts0_
select posts0_.id as id1_0_, posts0_.created_date as created_2_0_, posts0_.last_modified_date as last_mod3_0_, posts0_.author as author4_0_, posts0_.content as content5_0_, posts0_.title as title6_0_ from posts posts0_;
2022-01-16 10:19:19.792  INFO 4479 --- [    Test worker] p6spy                                    : #1642295959792 | took 0ms | commit | connection 14| url jdbc:h2:mem:testdb

;
Hibernate: select posts0_.id as id1_0_, posts0_.created_date as created_2_0_, posts0_.last_modified_date as last_mod3_0_, posts0_.author as author4_0_, posts0_.content as content5_0_, posts0_.title as title6_0_ from posts posts0_
2022-01-16 10:19:19.795  INFO 4479 --- [    Test worker] p6spy                                    : #1642295959795 | took 0ms | statement | connection 15| url jdbc:h2:mem:testdb
select posts0_.id as id1_0_, posts0_.created_date as created_2_0_, posts0_.last_modified_date as last_mod3_0_, posts0_.author as author4_0_, posts0_.content as content5_0_, posts0_.title as title6_0_ from posts posts0_
select posts0_.id as id1_0_, posts0_.created_date as created_2_0_, posts0_.last_modified_date as last_mod3_0_, posts0_.author as author4_0_, posts0_.content as content5_0_, posts0_.title as title6_0_ from posts posts0_;
Hibernate: delete from posts where id=?
2022-01-16 10:19:19.798  INFO 4479 --- [    Test worker] p6spy                                    : #1642295959798 | took 0ms | statement | connection 15| url jdbc:h2:mem:testdb
delete from posts where id=?
delete from posts where id=2;
2022-01-16 10:19:19.799  INFO 4479 --- [    Test worker] p6spy                                    : #1642295959798 | took 0ms | commit | connection 15| url jdbc:h2:mem:testdb
<<<<<<< HEAD
=======
>>>>>>> d9bad4e35dba970b9423fc7634e9c8edc1da1251
>>>>>>> eab7313 (Git 초기화)

;
]]></system-out>
  <system-err><![CDATA[]]></system-err>
</testsuite>
