<?xml version="1.0" encoding="UTF-8"?>
<testsuite name="com.book.springboot.web.HelloControllerTest" tests="2" skipped="0" failures="0" errors="0" timestamp="2022-01-09T11:34:59" hostname="baggioui-MacBook-Pro.local" time="0.673">
  <properties/>
  <testcase name="hello가_리턴된다" classname="com.book.springboot.web.HelloControllerTest" time="0.57"/>
  <testcase name="helloDto가_리턴된다" classname="com.book.springboot.web.HelloControllerTest" time="0.101"/>
  <system-out><![CDATA[20:34:56.170 [Test worker] DEBUG org.springframework.test.annotation.ProfileValueUtils - Retrieved @ProfileValueSourceConfiguration [null] for test class [com.book.springboot.web.HelloControllerTest]
20:34:56.170 [Test worker] DEBUG org.springframework.test.annotation.ProfileValueUtils - Retrieved ProfileValueSource type [class org.springframework.test.annotation.SystemProfileValueSource] for class [com.book.springboot.web.HelloControllerTest]
20:34:56.170 [Test worker] DEBUG org.springframework.test.annotation.ProfileValueUtils - Retrieved @ProfileValueSourceConfiguration [null] for test class [com.book.springboot.web.HelloControllerTest]
20:34:56.170 [Test worker] DEBUG org.springframework.test.annotation.ProfileValueUtils - Retrieved ProfileValueSource type [class org.springframework.test.annotation.SystemProfileValueSource] for class [com.book.springboot.web.HelloControllerTest]
20:34:56.176 [Test worker] DEBUG org.springframework.test.context.support.AbstractDirtiesContextTestExecutionListener - Before test class: context [DefaultTestContext@2fab7d3d testClass = HelloControllerTest, testInstance = [null], testMethod = [null], testException = [null], mergedContextConfiguration = [WebMergedContextConfiguration@6e8a2d2c testClass = HelloControllerTest, locations = '{}', classes = '{class com.book.springboot.Application}', contextInitializerClasses = '[]', activeProfiles = '{}', propertySourceLocations = '{}', propertySourceProperties = '{org.springframework.boot.test.autoconfigure.web.servlet.WebMvcTestContextBootstrapper=true}', contextCustomizers = set[org.springframework.boot.test.autoconfigure.OverrideAutoConfigurationContextCustomizerFactory$DisableAutoConfigurationContextCustomizer@67f597de, org.springframework.boot.test.autoconfigure.filter.TypeExcludeFiltersContextCustomizer@d793d4ee, org.springframework.boot.test.autoconfigure.properties.PropertyMappingContextCustomizer@3fc34cf0, org.springframework.boot.test.autoconfigure.web.servlet.WebDriverContextCustomizerFactory$Customizer@259762bc, [ImportsContextCustomizer@64b6af4f key = [org.springframework.boot.autoconfigure.cache.CacheAutoConfiguration, org.springframework.boot.autoconfigure.context.MessageSourceAutoConfiguration, org.springframework.boot.autoconfigure.data.web.SpringDataWebAutoConfiguration, org.springframework.boot.autoconfigure.freemarker.FreeMarkerAutoConfiguration, org.springframework.boot.autoconfigure.groovy.template.GroovyTemplateAutoConfiguration, org.springframework.boot.autoconfigure.gson.GsonAutoConfiguration, org.springframework.boot.autoconfigure.hateoas.HypermediaAutoConfiguration, org.springframework.boot.autoconfigure.http.HttpMessageConvertersAutoConfiguration, org.springframework.boot.autoconfigure.jackson.JacksonAutoConfiguration, org.springframework.boot.autoconfigure.jsonb.JsonbAutoConfiguration, org.springframework.boot.autoconfigure.mustache.MustacheAutoConfiguration, org.springframework.boot.autoconfigure.task.TaskExecutionAutoConfiguration, org.springframework.boot.autoconfigure.thymeleaf.ThymeleafAutoConfiguration, org.springframework.boot.autoconfigure.validation.ValidationAutoConfiguration, org.springframework.boot.autoconfigure.web.servlet.error.ErrorMvcAutoConfiguration, org.springframework.boot.autoconfigure.web.servlet.WebMvcAutoConfiguration, org.springframework.boot.test.autoconfigure.web.servlet.MockMvcAutoConfiguration, org.springframework.boot.test.autoconfigure.web.servlet.MockMvcWebClientAutoConfiguration, org.springframework.boot.test.autoconfigure.web.servlet.MockMvcWebDriverAutoConfiguration, org.springframework.boot.autoconfigure.security.servlet.SecurityAutoConfiguration, org.springframework.boot.autoconfigure.security.servlet.UserDetailsServiceAutoConfiguration, org.springframework.boot.test.autoconfigure.web.servlet.MockMvcSecurityConfiguration]], org.springframework.boot.test.context.filter.ExcludeFilterContextCustomizer@5b62bf8e, org.springframework.boot.test.json.DuplicateJsonObjectContextCustomizerFactory$DuplicateJsonObjectContextCustomizer@498f3382, org.springframework.boot.test.mock.mockito.MockitoContextCustomizer@0], resourceBasePath = 'src/main/webapp', contextLoader = 'org.springframework.boot.test.context.SpringBootContextLoader', parent = [null]], attributes = map[[empty]]], class annotated with @DirtiesContext [false] with mode [null].
20:34:56.179 [Test worker] DEBUG org.springframework.test.annotation.ProfileValueUtils - Retrieved @ProfileValueSourceConfiguration [null] for test class [com.book.springboot.web.HelloControllerTest]
20:34:56.180 [Test worker] DEBUG org.springframework.test.annotation.ProfileValueUtils - Retrieved ProfileValueSource type [class org.springframework.test.annotation.SystemProfileValueSource] for class [com.book.springboot.web.HelloControllerTest]
20:34:56.188 [Test worker] DEBUG org.springframework.test.context.support.DependencyInjectionTestExecutionListener - Performing dependency injection for test context [[DefaultTestContext@2fab7d3d testClass = HelloControllerTest, testInstance = com.book.springboot.web.HelloControllerTest@3eb18de9, testMethod = [null], testException = [null], mergedContextConfiguration = [WebMergedContextConfiguration@6e8a2d2c testClass = HelloControllerTest, locations = '{}', classes = '{class com.book.springboot.Application}', contextInitializerClasses = '[]', activeProfiles = '{}', propertySourceLocations = '{}', propertySourceProperties = '{org.springframework.boot.test.autoconfigure.web.servlet.WebMvcTestContextBootstrapper=true}', contextCustomizers = set[org.springframework.boot.test.autoconfigure.OverrideAutoConfigurationContextCustomizerFactory$DisableAutoConfigurationContextCustomizer@67f597de, org.springframework.boot.test.autoconfigure.filter.TypeExcludeFiltersContextCustomizer@d793d4ee, org.springframework.boot.test.autoconfigure.properties.PropertyMappingContextCustomizer@3fc34cf0, org.springframework.boot.test.autoconfigure.web.servlet.WebDriverContextCustomizerFactory$Customizer@259762bc, [ImportsContextCustomizer@64b6af4f key = [org.springframework.boot.autoconfigure.cache.CacheAutoConfiguration, org.springframework.boot.autoconfigure.context.MessageSourceAutoConfiguration, org.springframework.boot.autoconfigure.data.web.SpringDataWebAutoConfiguration, org.springframework.boot.autoconfigure.freemarker.FreeMarkerAutoConfiguration, org.springframework.boot.autoconfigure.groovy.template.GroovyTemplateAutoConfiguration, org.springframework.boot.autoconfigure.gson.GsonAutoConfiguration, org.springframework.boot.autoconfigure.hateoas.HypermediaAutoConfiguration, org.springframework.boot.autoconfigure.http.HttpMessageConvertersAutoConfiguration, org.springframework.boot.autoconfigure.jackson.JacksonAutoConfiguration, org.springframework.boot.autoconfigure.jsonb.JsonbAutoConfiguration, org.springframework.boot.autoconfigure.mustache.MustacheAutoConfiguration, org.springframework.boot.autoconfigure.task.TaskExecutionAutoConfiguration, org.springframework.boot.autoconfigure.thymeleaf.ThymeleafAutoConfiguration, org.springframework.boot.autoconfigure.validation.ValidationAutoConfiguration, org.springframework.boot.autoconfigure.web.servlet.error.ErrorMvcAutoConfiguration, org.springframework.boot.autoconfigure.web.servlet.WebMvcAutoConfiguration, org.springframework.boot.test.autoconfigure.web.servlet.MockMvcAutoConfiguration, org.springframework.boot.test.autoconfigure.web.servlet.MockMvcWebClientAutoConfiguration, org.springframework.boot.test.autoconfigure.web.servlet.MockMvcWebDriverAutoConfiguration, org.springframework.boot.autoconfigure.security.servlet.SecurityAutoConfiguration, org.springframework.boot.autoconfigure.security.servlet.UserDetailsServiceAutoConfiguration, org.springframework.boot.test.autoconfigure.web.servlet.MockMvcSecurityConfiguration]], org.springframework.boot.test.context.filter.ExcludeFilterContextCustomizer@5b62bf8e, org.springframework.boot.test.json.DuplicateJsonObjectContextCustomizerFactory$DuplicateJsonObjectContextCustomizer@498f3382, org.springframework.boot.test.mock.mockito.MockitoContextCustomizer@0], resourceBasePath = 'src/main/webapp', contextLoader = 'org.springframework.boot.test.context.SpringBootContextLoader', parent = [null]], attributes = map[[empty]]]].
20:34:56.225 [Test worker] DEBUG org.springframework.test.context.support.TestPropertySourceUtils - Adding inlined properties to environment: {spring.jmx.enabled=false, org.springframework.boot.test.autoconfigure.web.servlet.WebMvcTestContextBootstrapper=true, server.port=-1}

  .   ____          _            __ _ _
 /\\ / ___'_ __ _ _(_)_ __  __ _ \ \ \ \
( ( )\___ | '_ | '_| | '_ \/ _` | \ \ \ \
 \\/  ___)| |_)| | | | | || (_| |  ) ) ) )
  '  |____| .__|_| |_|_| |_\__, | / / / /
 =========|_|==============|___/=/_/_/_/
 :: Spring Boot ::        (v2.2.1.RELEASE)

2022-01-09 20:34:56.895  INFO 14523 --- [    Test worker] c.b.springboot.web.HelloControllerTest   : Starting HelloControllerTest on baggioui-MacBook-Pro.local with PID 14523 (started by parkkio in /Users/parkkio/Desktop/study/book-test)
2022-01-09 20:34:56.897  INFO 14523 --- [    Test worker] c.b.springboot.web.HelloControllerTest   : No active profile set, falling back to default profiles: default
2022-01-09 20:34:58.368  INFO 14523 --- [    Test worker] o.s.s.concurrent.ThreadPoolTaskExecutor  : Initializing ExecutorService 'applicationTaskExecutor'
2022-01-09 20:34:58.514  INFO 14523 --- [    Test worker] o.s.b.a.w.s.WelcomePageHandlerMapping    : Adding welcome page template: index
2022-01-09 20:34:58.892  INFO 14523 --- [    Test worker] .s.s.UserDetailsServiceAutoConfiguration : 

Using generated security password: 7e370713-f24d-4519-aa24-93ebe00026be

2022-01-09 20:34:59.192  INFO 14523 --- [    Test worker] o.s.s.web.DefaultSecurityFilterChain     : Creating filter chain: any request, [org.springframework.security.web.context.request.async.WebAsyncManagerIntegrationFilter@4e700af3, org.springframework.security.web.context.SecurityContextPersistenceFilter@1e328fef, org.springframework.security.web.header.HeaderWriterFilter@466ed37f, org.springframework.security.web.csrf.CsrfFilter@39b75285, org.springframework.security.web.authentication.logout.LogoutFilter@514c207b, org.springframework.security.web.authentication.UsernamePasswordAuthenticationFilter@16c6c211, org.springframework.security.web.authentication.ui.DefaultLoginPageGeneratingFilter@2e64e7af, org.springframework.security.web.authentication.ui.DefaultLogoutPageGeneratingFilter@6594c1c8, org.springframework.security.web.authentication.www.BasicAuthenticationFilter@78948b42, org.springframework.security.web.savedrequest.RequestCacheAwareFilter@5d04f0a7, org.springframework.security.web.servletapi.SecurityContextHolderAwareRequestFilter@13500a9c, org.springframework.security.web.authentication.AnonymousAuthenticationFilter@b86de, org.springframework.security.web.session.SessionManagementFilter@355f9a1d, org.springframework.security.web.access.ExceptionTranslationFilter@27059f09, org.springframework.security.web.access.intercept.FilterSecurityInterceptor@58d419f4]
2022-01-09 20:34:59.273  INFO 14523 --- [    Test worker] o.s.b.t.m.w.SpringBootMockServletContext : Initializing Spring TestDispatcherServlet ''
2022-01-09 20:34:59.273  INFO 14523 --- [    Test worker] o.s.t.web.servlet.TestDispatcherServlet  : Initializing Servlet ''
2022-01-09 20:34:59.295  INFO 14523 --- [    Test worker] o.s.t.web.servlet.TestDispatcherServlet  : Completed initialization in 21 ms
2022-01-09 20:34:59.342  INFO 14523 --- [    Test worker] c.b.springboot.web.HelloControllerTest   : Started HelloControllerTest in 3.102 seconds (JVM running for 4.851)
]]></system-out>
  <system-err><![CDATA[]]></system-err>
</testsuite>
